# JRE version: Java(TM) SE Runtime Environment (8.0_25-b18) (build 1.8.0_25-b18)
# Java VM: Java HotSpot(TM) 64-Bit Server VM (25.25-b02 mixed mode windows-amd64 compressed oops)
Heap:
 PSYoungGen      total 199680K, used 141412K [0x00000000f0000000, 0x00000000ffa80000, 0x0000000100000000)
  eden space 147968K, 88% used [0x00000000f0000000,0x00000000f7ff4ae0,0x00000000f9080000)
  from space 51712K, 20% used [0x00000000f9080000,0x00000000f9aa4628,0x00000000fc300000)
  to   space 48640K, 0% used [0x00000000fcb00000,0x00000000fcb00000,0x00000000ffa80000)
 ParOldGen       total 248320K, used 186217K [0x00000000d0000000, 0x00000000df280000, 0x00000000f0000000)
  object space 248320K, 74% used [0x00000000d0000000,0x00000000db5da618,0x00000000df280000)
 Metaspace       used 90693K, capacity 93892K, committed 94208K, reserved 1132544K
  class space    used 9733K, capacity 10645K, committed 10752K, reserved 1048576K
GC Heap History (10 events):
Event: 65.663 GC heap before
{Heap before GC invocations=64 (full 5):
 PSYoungGen      total 197632K, used 130231K [0x00000000f0000000, 0x0000000100000000, 0x0000000100000000)
  eden space 134656K, 94% used [0x00000000f0000000,0x00000000f7ca09c8,0x00000000f8380000)
  from space 62976K, 4% used [0x00000000fc000000,0x00000000fc28d518,0x00000000ffd80000)
  to   space 61952K, 0% used [0x00000000f8380000,0x00000000f8380000,0x00000000fc000000)
 ParOldGen       total 248320K, used 184083K [0x00000000d0000000, 0x00000000df280000, 0x00000000f0000000)
  object space 248320K, 74% used [0x00000000d0000000,0x00000000db3c4ca8,0x00000000df280000)
 Metaspace       used 85222K, capacity 87714K, committed 87936K, reserved 1128448K
  class space    used 9056K, capacity 9782K, committed 9856K, reserved 1048576K
Event: 65.677 GC heap after
Heap after GC invocations=64 (full 5):
 PSYoungGen      total 196608K, used 2184K [0x00000000f0000000, 0x00000000ffc00000, 0x0000000100000000)
  eden space 134656K, 0% used [0x00000000f0000000,0x00000000f0000000,0x00000000f8380000)
  from space 61952K, 3% used [0x00000000f8380000,0x00000000f85a2010,0x00000000fc000000)
  to   space 60416K, 0% used [0x00000000fc100000,0x00000000fc100000,0x00000000ffc00000)
 ParOldGen       total 248320K, used 186209K [0x00000000d0000000, 0x00000000df280000, 0x00000000f0000000)
  object space 248320K, 74% used [0x00000000d0000000,0x00000000db5d8618,0x00000000df280000)
 Metaspace       used 85222K, capacity 87714K, committed 87936K, reserved 1128448K
  class space    used 9056K, capacity 9782K, committed 9856K, reserved 1048576K
}
Event: 67.336 GC heap before
{Heap before GC invocations=65 (full 5):
 PSYoungGen      total 196608K, used 133838K [0x00000000f0000000, 0x00000000ffc00000, 0x0000000100000000)
  eden space 134656K, 97% used [0x00000000f0000000,0x00000000f80918e8,0x00000000f8380000)
  from space 61952K, 3% used [0x00000000f8380000,0x00000000f85a2010,0x00000000fc000000)
  to   space 60416K, 0% used [0x00000000fc100000,0x00000000fc100000,0x00000000ffc00000)
 ParOldGen       total 248320K, used 186209K [0x00000000d0000000, 0x00000000df280000, 0x00000000f0000000)
  object space 248320K, 74% used [0x00000000d0000000,0x00000000db5d8618,0x00000000df280000)
 Metaspace       used 85688K, capacity 88260K, committed 88576K, reserved 1128448K
  class space    used 9126K, capacity 9883K, committed 9984K, reserved 1048576K
Event: 67.352 GC heap after
Heap after GC invocations=65 (full 5):
 PSYoungGen      total 198144K, used 4758K [0x00000000f0000000, 0x00000000ffa80000, 0x0000000100000000)
  eden space 139264K, 0% used [0x00000000f0000000,0x00000000f0000000,0x00000000f8800000)
  from space 58880K, 8% used [0x00000000fc100000,0x00000000fc5a5b10,0x00000000ffa80000)
  to   space 58368K, 0% used [0x00000000f8800000,0x00000000f8800000,0x00000000fc100000)
 ParOldGen       total 248320K, used 186217K [0x00000000d0000000, 0x00000000df280000, 0x00000000f0000000)
  object space 248320K, 74% used [0x00000000d0000000,0x00000000db5da618,0x00000000df280000)
 Metaspace       used 85688K, capacity 88260K, committed 88576K, reserved 1128448K
  class space    used 9126K, capacity 9883K, committed 9984K, reserved 1048576K
}
Event: 74.104 GC heap before
{Heap before GC invocations=66 (full 5):
 PSYoungGen      total 198144K, used 136338K [0x00000000f0000000, 0x00000000ffa80000, 0x0000000100000000)
  eden space 139264K, 94% used [0x00000000f0000000,0x00000000f807ef78,0x00000000f8800000)
  from space 58880K, 8% used [0x00000000fc100000,0x00000000fc5a5b10,0x00000000ffa80000)
  to   space 58368K, 0% used [0x00000000f8800000,0x00000000f8800000,0x00000000fc100000)
 ParOldGen       total 248320K, used 186217K [0x00000000d0000000, 0x00000000df280000, 0x00000000f0000000)
  object space 248320K, 74% used [0x00000000d0000000,0x00000000db5da618,0x00000000df280000)
 Metaspace       used 87002K, capacity 89630K, committed 89728K, reserved 1128448K
  class space    used 9313K, capacity 10103K, committed 10112K, reserved 1048576K
Event: 74.125 GC heap after
Heap after GC invocations=66 (full 5):
 PSYoungGen      total 197632K, used 8296K [0x00000000f0000000, 0x00000000ff980000, 0x0000000100000000)
  eden space 139264K, 0% used [0x00000000f0000000,0x00000000f0000000,0x00000000f8800000)
  from space 58368K, 14% used [0x00000000f8800000,0x00000000f901a030,0x00000000fc100000)
  to   space 55296K, 0% used [0x00000000fc380000,0x00000000fc380000,0x00000000ff980000)
 ParOldGen       total 248320K, used 186217K [0x00000000d0000000, 0x00000000df280000, 0x00000000f0000000)
  object space 248320K, 74% used [0x00000000d0000000,0x00000000db5da618,0x00000000df280000)
 Metaspace       used 87002K, capacity 89630K, committed 89728K, reserved 1128448K
  class space    used 9313K, capacity 10103K, committed 10112K, reserved 1048576K
}
Event: 89.894 GC heap before
{Heap before GC invocations=67 (full 5):
 PSYoungGen      total 197632K, used 147560K [0x00000000f0000000, 0x00000000ff980000, 0x0000000100000000)
  eden space 139264K, 100% used [0x00000000f0000000,0x00000000f8800000,0x00000000f8800000)
  from space 58368K, 14% used [0x00000000f8800000,0x00000000f901a030,0x00000000fc100000)
  to   space 55296K, 0% used [0x00000000fc380000,0x00000000fc380000,0x00000000ff980000)
 ParOldGen       total 248320K, used 186217K [0x00000000d0000000, 0x00000000df280000, 0x00000000f0000000)
  object space 248320K, 74% used [0x00000000d0000000,0x00000000db5da618,0x00000000df280000)
 Metaspace       used 88420K, capacity 91130K, committed 91264K, reserved 1130496K
  class space    used 9466K, capacity 10281K, committed 10368K, reserved 1048576K
Event: 90.162 GC heap after
Heap after GC invocations=67 (full 5):
 PSYoungGen      total 199168K, used 13049K [0x00000000f0000000, 0x00000000ff580000, 0x0000000100000000)
  eden space 147968K, 0% used [0x00000000f0000000,0x00000000f0000000,0x00000000f9080000)
  from space 51200K, 25% used [0x00000000fc380000,0x00000000fd03e7e0,0x00000000ff580000)
  to   space 51712K, 0% used [0x00000000f9080000,0x00000000f9080000,0x00000000fc300000)
 ParOldGen       total 248320K, used 186217K [0x00000000d0000000, 0x00000000df280000, 0x00000000f0000000)
  object space 248320K, 74% used [0x00000000d0000000,0x00000000db5da618,0x00000000df280000)
 Metaspace       used 88420K, capacity 91130K, committed 91264K, reserved 1130496K
  class space    used 9466K, capacity 10281K, committed 10368K, reserved 1048576K
}
Event: 92.095 GC heap before
{Heap before GC invocations=68 (full 5):
 PSYoungGen      total 199168K, used 161017K [0x00000000f0000000, 0x00000000ff580000, 0x0000000100000000)
  eden space 147968K, 100% used [0x00000000f0000000,0x00000000f9080000,0x00000000f9080000)
  from space 51200K, 25% used [0x00000000fc380000,0x00000000fd03e7e0,0x00000000ff580000)
  to   space 51712K, 0% used [0x00000000f9080000,0x00000000f9080000,0x00000000fc300000)
 ParOldGen       total 248320K, used 186217K [0x00000000d0000000, 0x00000000df280000, 0x00000000f0000000)
  object space 248320K, 74% used [0x00000000d0000000,0x00000000db5da618,0x00000000df280000)
 Metaspace       used 88538K, capacity 91172K, committed 91264K, reserved 1130496K
  class space    used 9485K, capacity 10288K, committed 10368K, reserved 1048576K
Event: 92.608 GC heap after
Heap after GC invocations=68 (full 5):
 PSYoungGen      total 199680K, used 10385K [0x00000000f0000000, 0x00000000ffa80000, 0x0000000100000000)
  eden space 147968K, 0% used [0x00000000f0000000,0x00000000f0000000,0x00000000f9080000)
  from space 51712K, 20% used [0x00000000f9080000,0x00000000f9aa4628,0x00000000fc300000)
  to   space 48640K, 0% used [0x00000000fcb00000,0x00000000fcb00000,0x00000000ffa80000)
 ParOldGen       total 248320K, used 186217K [0x00000000d0000000, 0x00000000df280000, 0x00000000f0000000)
  object space 248320K, 74% used [0x00000000d0000000,0x00000000db5da618,0x00000000df280000)
 Metaspace       used 88538K, capacity 91172K, committed 91264K, reserved 1130496K
  class space    used 9485K, capacity 10288K, committed 10368K, reserved 1048576K
}

