# JRE version: Java(TM) SE Runtime Environment (8.0_25-b18) (build 1.8.0_25-b18)
# Java VM: Java HotSpot(TM) 64-Bit Server VM (25.25-b02 mixed mode windows-amd64 compressed oops)
Heap:
 PSYoungGen      total 183296K, used 119422K [0x00000000f0000000, 0x00000000fef80000, 0x0000000100000000)
  eden space 120320K, 91% used [0x00000000f0000000,0x00000000f6af6198,0x00000000f7580000)
  from space 62976K, 15% used [0x00000000f7580000,0x00000000f7f297b0,0x00000000fb300000)
  to   space 59392K, 0% used [0x00000000fb580000,0x00000000fb580000,0x00000000fef80000)
 ParOldGen       total 222208K, used 165441K [0x00000000d0000000, 0x00000000dd900000, 0x00000000f0000000)
  object space 222208K, 74% used [0x00000000d0000000,0x00000000da190630,0x00000000dd900000)
 Metaspace       used 88410K, capacity 91464K, committed 91776K, reserved 1130496K
  class space    used 9356K, capacity 10259K, committed 10368K, reserved 1048576K
GC Heap History (10 events):
Event: 68.497 GC heap before
{Heap before GC invocations=64 (full 5):
 PSYoungGen      total 181248K, used 107547K [0x00000000f0000000, 0x00000000ffa00000, 0x0000000100000000)
  eden space 104448K, 98% used [0x00000000f0000000,0x00000000f64e4e80,0x00000000f6600000)
  from space 76800K, 5% used [0x00000000faf00000,0x00000000fb321e88,0x00000000ffa00000)
  to   space 74752K, 0% used [0x00000000f6600000,0x00000000f6600000,0x00000000faf00000)
 ParOldGen       total 222208K, used 159087K [0x00000000d0000000, 0x00000000dd900000, 0x00000000f0000000)
  object space 222208K, 71% used [0x00000000d0000000,0x00000000d9b5bc28,0x00000000dd900000)
 Metaspace       used 83619K, capacity 85884K, committed 86144K, reserved 1126400K
  class space    used 8864K, capacity 9523K, committed 9600K, reserved 1048576K
Event: 68.517 GC heap after
Heap after GC invocations=64 (full 5):
 PSYoungGen      total 179200K, used 2767K [0x00000000f0000000, 0x00000000ff900000, 0x0000000100000000)
  eden space 104448K, 0% used [0x00000000f0000000,0x00000000f0000000,0x00000000f6600000)
  from space 74752K, 3% used [0x00000000f6600000,0x00000000f68b3c70,0x00000000faf00000)
  to   space 72192K, 0% used [0x00000000fb280000,0x00000000fb280000,0x00000000ff900000)
 ParOldGen       total 222208K, used 163111K [0x00000000d0000000, 0x00000000dd900000, 0x00000000f0000000)
  object space 222208K, 73% used [0x00000000d0000000,0x00000000d9f49e58,0x00000000dd900000)
 Metaspace       used 83619K, capacity 85884K, committed 86144K, reserved 1126400K
  class space    used 8864K, capacity 9523K, committed 9600K, reserved 1048576K
}
Event: 146.893 GC heap before
{Heap before GC invocations=65 (full 5):
 PSYoungGen      total 179200K, used 107215K [0x00000000f0000000, 0x00000000ff900000, 0x0000000100000000)
  eden space 104448K, 100% used [0x00000000f0000000,0x00000000f6600000,0x00000000f6600000)
  from space 74752K, 3% used [0x00000000f6600000,0x00000000f68b3c70,0x00000000faf00000)
  to   space 72192K, 0% used [0x00000000fb280000,0x00000000fb280000,0x00000000ff900000)
 ParOldGen       total 222208K, used 163111K [0x00000000d0000000, 0x00000000dd900000, 0x00000000f0000000)
  object space 222208K, 73% used [0x00000000d0000000,0x00000000d9f49e58,0x00000000dd900000)
 Metaspace       used 84441K, capacity 86808K, committed 87040K, reserved 1126400K
  class space    used 8963K, capacity 9656K, committed 9728K, reserved 1048576K
Event: 147.014 GC heap after
Heap after GC invocations=65 (full 5):
 PSYoungGen      total 183296K, used 3121K [0x00000000f0000000, 0x00000000ff700000, 0x0000000100000000)
  eden space 113152K, 0% used [0x00000000f0000000,0x00000000f0000000,0x00000000f6e80000)
  from space 70144K, 4% used [0x00000000fb280000,0x00000000fb58c7c0,0x00000000ff700000)
  to   space 69632K, 0% used [0x00000000f6e80000,0x00000000f6e80000,0x00000000fb280000)
 ParOldGen       total 222208K, used 165417K [0x00000000d0000000, 0x00000000dd900000, 0x00000000f0000000)
  object space 222208K, 74% used [0x00000000d0000000,0x00000000da18a630,0x00000000dd900000)
 Metaspace       used 84441K, capacity 86808K, committed 87040K, reserved 1126400K
  class space    used 8963K, capacity 9656K, committed 9728K, reserved 1048576K
}
Event: 152.251 GC heap before
{Heap before GC invocations=66 (full 5):
 PSYoungGen      total 183296K, used 116273K [0x00000000f0000000, 0x00000000ff700000, 0x0000000100000000)
  eden space 113152K, 100% used [0x00000000f0000000,0x00000000f6e80000,0x00000000f6e80000)
  from space 70144K, 4% used [0x00000000fb280000,0x00000000fb58c7c0,0x00000000ff700000)
  to   space 69632K, 0% used [0x00000000f6e80000,0x00000000f6e80000,0x00000000fb280000)
 ParOldGen       total 222208K, used 165417K [0x00000000d0000000, 0x00000000dd900000, 0x00000000f0000000)
  object space 222208K, 74% used [0x00000000d0000000,0x00000000da18a630,0x00000000dd900000)
 Metaspace       used 85479K, capacity 87978K, committed 88192K, reserved 1128448K
  class space    used 9070K, capacity 9806K, committed 9856K, reserved 1048576K
Event: 152.272 GC heap after
Heap after GC invocations=66 (full 5):
 PSYoungGen      total 182784K, used 4969K [0x00000000f0000000, 0x00000000ff900000, 0x0000000100000000)
  eden space 113152K, 0% used [0x00000000f0000000,0x00000000f0000000,0x00000000f6e80000)
  from space 69632K, 7% used [0x00000000f6e80000,0x00000000f735a4c8,0x00000000fb280000)
  to   space 66560K, 0% used [0x00000000fb800000,0x00000000fb800000,0x00000000ff900000)
 ParOldGen       total 222208K, used 165425K [0x00000000d0000000, 0x00000000dd900000, 0x00000000f0000000)
  object space 222208K, 74% used [0x00000000d0000000,0x00000000da18c630,0x00000000dd900000)
 Metaspace       used 85479K, capacity 87978K, committed 88192K, reserved 1128448K
  class space    used 9070K, capacity 9806K, committed 9856K, reserved 1048576K
}
Event: 163.821 GC heap before
{Heap before GC invocations=67 (full 5):
 PSYoungGen      total 182784K, used 116045K [0x00000000f0000000, 0x00000000ff900000, 0x0000000100000000)
  eden space 113152K, 98% used [0x00000000f0000000,0x00000000f6c79130,0x00000000f6e80000)
  from space 69632K, 7% used [0x00000000f6e80000,0x00000000f735a4c8,0x00000000fb280000)
  to   space 66560K, 0% used [0x00000000fb800000,0x00000000fb800000,0x00000000ff900000)
 ParOldGen       total 222208K, used 165425K [0x00000000d0000000, 0x00000000dd900000, 0x00000000f0000000)
  object space 222208K, 74% used [0x00000000d0000000,0x00000000da18c630,0x00000000dd900000)
 Metaspace       used 86390K, capacity 89010K, committed 89088K, reserved 1128448K
  class space    used 9162K, capacity 9926K, committed 9984K, reserved 1048576K
Event: 163.843 GC heap after
Heap after GC invocations=67 (full 5):
 PSYoungGen      total 178176K, used 6857K [0x00000000f0000000, 0x00000000ff080000, 0x0000000100000000)
  eden space 120320K, 0% used [0x00000000f0000000,0x00000000f0000000,0x00000000f7580000)
  from space 57856K, 11% used [0x00000000fb800000,0x00000000fbeb2470,0x00000000ff080000)
  to   space 62976K, 0% used [0x00000000f7580000,0x00000000f7580000,0x00000000fb300000)
 ParOldGen       total 222208K, used 165433K [0x00000000d0000000, 0x00000000dd900000, 0x00000000f0000000)
  object space 222208K, 74% used [0x00000000d0000000,0x00000000da18e630,0x00000000dd900000)
 Metaspace       used 86390K, capacity 89010K, committed 89088K, reserved 1128448K
  class space    used 9162K, capacity 9926K, committed 9984K, reserved 1048576K
}
Event: 476.449 GC heap before
{Heap before GC invocations=68 (full 5):
 PSYoungGen      total 178176K, used 127177K [0x00000000f0000000, 0x00000000ff080000, 0x0000000100000000)
  eden space 120320K, 100% used [0x00000000f0000000,0x00000000f7580000,0x00000000f7580000)
  from space 57856K, 11% used [0x00000000fb800000,0x00000000fbeb2470,0x00000000ff080000)
  to   space 62976K, 0% used [0x00000000f7580000,0x00000000f7580000,0x00000000fb300000)
 ParOldGen       total 222208K, used 165433K [0x00000000d0000000, 0x00000000dd900000, 0x00000000f0000000)
  object space 222208K, 74% used [0x00000000d0000000,0x00000000da18e630,0x00000000dd900000)
 Metaspace       used 86975K, capacity 89614K, committed 89856K, reserved 1128448K
  class space    used 9193K, capacity 9952K, committed 9984K, reserved 1048576K
Event: 476.474 GC heap after
Heap after GC invocations=68 (full 5):
 PSYoungGen      total 183296K, used 9893K [0x00000000f0000000, 0x00000000fef80000, 0x0000000100000000)
  eden space 120320K, 0% used [0x00000000f0000000,0x00000000f0000000,0x00000000f7580000)
  from space 62976K, 15% used [0x00000000f7580000,0x00000000f7f297b0,0x00000000fb300000)
  to   space 59392K, 0% used [0x00000000fb580000,0x00000000fb580000,0x00000000fef80000)
 ParOldGen       total 222208K, used 165441K [0x00000000d0000000, 0x00000000dd900000, 0x00000000f0000000)
  object space 222208K, 74% used [0x00000000d0000000,0x00000000da190630,0x00000000dd900000)
 Metaspace       used 86975K, capacity 89614K, committed 89856K, reserved 1128448K
  class space    used 9193K, capacity 9952K, committed 9984K, reserved 1048576K
}

