# JRE version: Java(TM) SE Runtime Environment (8.0_25-b18) (build 1.8.0_25-b18)
# Java VM: Java HotSpot(TM) 64-Bit Server VM (25.25-b02 mixed mode windows-amd64 compressed oops)
Heap:
 PSYoungGen      total 216064K, used 128699K [0x00000000f0000000, 0x00000000ffe80000, 0x0000000100000000)
  eden space 172032K, 60% used [0x00000000f0000000,0x00000000f6574d70,0x00000000fa800000)
  from space 44032K, 56% used [0x00000000fa800000,0x00000000fc039f40,0x00000000fd300000)
  to   space 43008K, 0% used [0x00000000fd480000,0x00000000fd480000,0x00000000ffe80000)
 ParOldGen       total 250880K, used 198429K [0x00000000d0000000, 0x00000000df500000, 0x00000000f0000000)
  object space 250880K, 79% used [0x00000000d0000000,0x00000000dc1c7638,0x00000000df500000)
 Metaspace       used 109352K, capacity 113564K, committed 113664K, reserved 1150976K
  class space    used 11488K, capacity 12721K, committed 12800K, reserved 1048576K
GC Heap History (10 events):
Event: 1437.541 GC heap before
{Heap before GC invocations=94 (full 5):
 PSYoungGen      total 217088K, used 199194K [0x00000000f0000000, 0x0000000100000000, 0x0000000100000000)
  eden space 173056K, 100% used [0x00000000f0000000,0x00000000fa900000,0x00000000fa900000)
  from space 44032K, 59% used [0x00000000fd400000,0x00000000fed86978,0x00000000fff00000)
  to   space 44032K, 0% used [0x00000000fa900000,0x00000000fa900000,0x00000000fd400000)
 ParOldGen       total 250880K, used 191894K [0x00000000d0000000, 0x00000000df500000, 0x00000000f0000000)
  object space 250880K, 76% used [0x00000000d0000000,0x00000000dbb65bf0,0x00000000df500000)
 Metaspace       used 104999K, capacity 108660K, committed 108800K, reserved 1146880K
  class space    used 11125K, capacity 12222K, committed 12288K, reserved 1048576K
Event: 1437.653 GC heap after
Heap after GC invocations=94 (full 5):
 PSYoungGen      total 202752K, used 29643K [0x00000000f0000000, 0x0000000100000000, 0x0000000100000000)
  eden space 173056K, 0% used [0x00000000f0000000,0x00000000f0000000,0x00000000fa900000)
  from space 29696K, 99% used [0x00000000fa900000,0x00000000fc5f2f38,0x00000000fc600000)
  to   space 45568K, 0% used [0x00000000fd380000,0x00000000fd380000,0x0000000100000000)
 ParOldGen       total 250880K, used 191894K [0x00000000d0000000, 0x00000000df500000, 0x00000000f0000000)
  object space 250880K, 76% used [0x00000000d0000000,0x00000000dbb65bf0,0x00000000df500000)
 Metaspace       used 104999K, capacity 108660K, committed 108800K, reserved 1146880K
  class space    used 11125K, capacity 12222K, committed 12288K, reserved 1048576K
}
Event: 1439.866 GC heap before
{Heap before GC invocations=95 (full 5):
 PSYoungGen      total 202752K, used 202699K [0x00000000f0000000, 0x0000000100000000, 0x0000000100000000)
  eden space 173056K, 100% used [0x00000000f0000000,0x00000000fa900000,0x00000000fa900000)
  from space 29696K, 99% used [0x00000000fa900000,0x00000000fc5f2f38,0x00000000fc600000)
  to   space 45568K, 0% used [0x00000000fd380000,0x00000000fd380000,0x0000000100000000)
 ParOldGen       total 250880K, used 191894K [0x00000000d0000000, 0x00000000df500000, 0x00000000f0000000)
  object space 250880K, 76% used [0x00000000d0000000,0x00000000dbb65bf0,0x00000000df500000)
 Metaspace       used 105118K, capacity 108788K, committed 109056K, reserved 1146880K
  class space    used 11130K, capacity 12222K, committed 12288K, reserved 1048576K
Event: 1440.085 GC heap after
Heap after GC invocations=95 (full 5):
 PSYoungGen      total 217088K, used 25866K [0x00000000f0000000, 0x0000000100000000, 0x0000000100000000)
  eden space 171520K, 0% used [0x00000000f0000000,0x00000000f0000000,0x00000000fa780000)
  from space 45568K, 56% used [0x00000000fd380000,0x00000000fecc2a70,0x0000000100000000)
  to   space 45056K, 0% used [0x00000000fa780000,0x00000000fa780000,0x00000000fd380000)
 ParOldGen       total 250880K, used 191902K [0x00000000d0000000, 0x00000000df500000, 0x00000000f0000000)
  object space 250880K, 76% used [0x00000000d0000000,0x00000000dbb67bf0,0x00000000df500000)
 Metaspace       used 105118K, capacity 108788K, committed 109056K, reserved 1146880K
  class space    used 11130K, capacity 12222K, committed 12288K, reserved 1048576K
}
Event: 1603.401 GC heap before
{Heap before GC invocations=96 (full 5):
 PSYoungGen      total 217088K, used 197386K [0x00000000f0000000, 0x0000000100000000, 0x0000000100000000)
  eden space 171520K, 100% used [0x00000000f0000000,0x00000000fa780000,0x00000000fa780000)
  from space 45568K, 56% used [0x00000000fd380000,0x00000000fecc2a70,0x0000000100000000)
  to   space 45056K, 0% used [0x00000000fa780000,0x00000000fa780000,0x00000000fd380000)
 ParOldGen       total 250880K, used 191902K [0x00000000d0000000, 0x00000000df500000, 0x00000000f0000000)
  object space 250880K, 76% used [0x00000000d0000000,0x00000000dbb67bf0,0x00000000df500000)
 Metaspace       used 106531K, capacity 110188K, committed 110464K, reserved 1146880K
  class space    used 11225K, capacity 12326K, committed 12416K, reserved 1048576K
Event: 1603.452 GC heap after
Heap after GC invocations=96 (full 5):
 PSYoungGen      total 216576K, used 26843K [0x00000000f0000000, 0x00000000fff80000, 0x0000000100000000)
  eden space 171520K, 0% used [0x00000000f0000000,0x00000000f0000000,0x00000000fa780000)
  from space 45056K, 59% used [0x00000000fa780000,0x00000000fc1b6f58,0x00000000fd380000)
  to   space 45056K, 0% used [0x00000000fd380000,0x00000000fd380000,0x00000000fff80000)
 ParOldGen       total 250880K, used 196064K [0x00000000d0000000, 0x00000000df500000, 0x00000000f0000000)
  object space 250880K, 78% used [0x00000000d0000000,0x00000000dbf78388,0x00000000df500000)
 Metaspace       used 106531K, capacity 110188K, committed 110464K, reserved 1146880K
  class space    used 11225K, capacity 12326K, committed 12416K, reserved 1048576K
}
Event: 1605.295 GC heap before
{Heap before GC invocations=97 (full 5):
 PSYoungGen      total 216576K, used 198363K [0x00000000f0000000, 0x00000000fff80000, 0x0000000100000000)
  eden space 171520K, 100% used [0x00000000f0000000,0x00000000fa780000,0x00000000fa780000)
  from space 45056K, 59% used [0x00000000fa780000,0x00000000fc1b6f58,0x00000000fd380000)
  to   space 45056K, 0% used [0x00000000fd380000,0x00000000fd380000,0x00000000fff80000)
 ParOldGen       total 250880K, used 196064K [0x00000000d0000000, 0x00000000df500000, 0x00000000f0000000)
  object space 250880K, 78% used [0x00000000d0000000,0x00000000dbf78388,0x00000000df500000)
 Metaspace       used 106556K, capacity 110252K, committed 110464K, reserved 1146880K
  class space    used 11225K, capacity 12326K, committed 12416K, reserved 1048576K
Event: 1605.359 GC heap after
Heap after GC invocations=97 (full 5):
 PSYoungGen      total 215552K, used 24828K [0x00000000f0000000, 0x00000000ffe00000, 0x0000000100000000)
  eden space 172032K, 0% used [0x00000000f0000000,0x00000000f0000000,0x00000000fa800000)
  from space 43520K, 57% used [0x00000000fd380000,0x00000000febbf240,0x00000000ffe00000)
  to   space 44032K, 0% used [0x00000000fa800000,0x00000000fa800000,0x00000000fd300000)
 ParOldGen       total 250880K, used 196064K [0x00000000d0000000, 0x00000000df500000, 0x00000000f0000000)
  object space 250880K, 78% used [0x00000000d0000000,0x00000000dbf78388,0x00000000df500000)
 Metaspace       used 106556K, capacity 110252K, committed 110464K, reserved 1146880K
  class space    used 11225K, capacity 12326K, committed 12416K, reserved 1048576K
}
Event: 1658.969 GC heap before
{Heap before GC invocations=98 (full 5):
 PSYoungGen      total 215552K, used 196860K [0x00000000f0000000, 0x00000000ffe00000, 0x0000000100000000)
  eden space 172032K, 100% used [0x00000000f0000000,0x00000000fa800000,0x00000000fa800000)
  from space 43520K, 57% used [0x00000000fd380000,0x00000000febbf240,0x00000000ffe00000)
  to   space 44032K, 0% used [0x00000000fa800000,0x00000000fa800000,0x00000000fd300000)
 ParOldGen       total 250880K, used 196064K [0x00000000d0000000, 0x00000000df500000, 0x00000000f0000000)
  object space 250880K, 78% used [0x00000000d0000000,0x00000000dbf78388,0x00000000df500000)
 Metaspace       used 107087K, capacity 110890K, committed 110976K, reserved 1148928K
  class space    used 11266K, capacity 12396K, committed 12416K, reserved 1048576K
Event: 1659.040 GC heap after
Heap after GC invocations=98 (full 5):
 PSYoungGen      total 216064K, used 24807K [0x00000000f0000000, 0x00000000ffe80000, 0x0000000100000000)
  eden space 172032K, 0% used [0x00000000f0000000,0x00000000f0000000,0x00000000fa800000)
  from space 44032K, 56% used [0x00000000fa800000,0x00000000fc039f40,0x00000000fd300000)
  to   space 43008K, 0% used [0x00000000fd480000,0x00000000fd480000,0x00000000ffe80000)
 ParOldGen       total 250880K, used 198429K [0x00000000d0000000, 0x00000000df500000, 0x00000000f0000000)
  object space 250880K, 79% used [0x00000000d0000000,0x00000000dc1c7638,0x00000000df500000)
 Metaspace       used 107087K, capacity 110890K, committed 110976K, reserved 1148928K
  class space    used 11266K, capacity 12396K, committed 12416K, reserved 1048576K
}

