# JRE version: Java(TM) SE Runtime Environment (8.0_25-b18) (build 1.8.0_25-b18)
# Java VM: Java HotSpot(TM) 64-Bit Server VM (25.25-b02 mixed mode windows-amd64 compressed oops)
Heap:
 PSYoungGen      total 184320K, used 133414K [0x00000000f0000000, 0x00000000fe600000, 0x0000000100000000)
  eden space 137216K, 77% used [0x00000000f0000000,0x00000000f68146a0,0x00000000f8600000)
  from space 47104K, 56% used [0x00000000fb800000,0x00000000fd235508,0x00000000fe600000)
  to   space 49152K, 0% used [0x00000000f8600000,0x00000000f8600000,0x00000000fb600000)
 ParOldGen       total 251392K, used 162689K [0x00000000d0000000, 0x00000000df580000, 0x00000000f0000000)
  object space 251392K, 64% used [0x00000000d0000000,0x00000000d9ee05f0,0x00000000df580000)
 Metaspace       used 93463K, capacity 96636K, committed 96768K, reserved 1134592K
  class space    used 9769K, capacity 10749K, committed 10752K, reserved 1048576K
GC Heap History (10 events):
Event: 318.134 GC heap before
{Heap before GC invocations=73 (full 5):
 PSYoungGen      total 175104K, used 131818K [0x00000000f0000000, 0x00000000fe500000, 0x0000000100000000)
  eden space 112640K, 100% used [0x00000000f0000000,0x00000000f6e00000,0x00000000f6e00000)
  from space 62464K, 30% used [0x00000000f6e00000,0x00000000f80ba950,0x00000000fab00000)
  to   space 58368K, 0% used [0x00000000fac00000,0x00000000fac00000,0x00000000fe500000)
 ParOldGen       total 251392K, used 162657K [0x00000000d0000000, 0x00000000df580000, 0x00000000f0000000)
  object space 251392K, 64% used [0x00000000d0000000,0x00000000d9ed85f0,0x00000000df580000)
 Metaspace       used 86966K, capacity 89668K, committed 89856K, reserved 1128448K
  class space    used 9337K, capacity 10154K, committed 10240K, reserved 1048576K
Event: 318.162 GC heap after
Heap after GC invocations=73 (full 5):
 PSYoungGen      total 167936K, used 20316K [0x00000000f0000000, 0x00000000fdd80000, 0x0000000100000000)
  eden space 117248K, 0% used [0x00000000f0000000,0x00000000f0000000,0x00000000f7280000)
  from space 50688K, 40% used [0x00000000fac00000,0x00000000fbfd7360,0x00000000fdd80000)
  to   space 54784K, 0% used [0x00000000f7280000,0x00000000f7280000,0x00000000fa800000)
 ParOldGen       total 251392K, used 162665K [0x00000000d0000000, 0x00000000df580000, 0x00000000f0000000)
  object space 251392K, 64% used [0x00000000d0000000,0x00000000d9eda5f0,0x00000000df580000)
 Metaspace       used 86966K, capacity 89668K, committed 89856K, reserved 1128448K
  class space    used 9337K, capacity 10154K, committed 10240K, reserved 1048576K
}
Event: 319.930 GC heap before
{Heap before GC invocations=74 (full 5):
 PSYoungGen      total 167936K, used 137564K [0x00000000f0000000, 0x00000000fdd80000, 0x0000000100000000)
  eden space 117248K, 100% used [0x00000000f0000000,0x00000000f7280000,0x00000000f7280000)
  from space 50688K, 40% used [0x00000000fac00000,0x00000000fbfd7360,0x00000000fdd80000)
  to   space 54784K, 0% used [0x00000000f7280000,0x00000000f7280000,0x00000000fa800000)
 ParOldGen       total 251392K, used 162665K [0x00000000d0000000, 0x00000000df580000, 0x00000000f0000000)
  object space 251392K, 64% used [0x00000000d0000000,0x00000000d9eda5f0,0x00000000df580000)
 Metaspace       used 87225K, capacity 89884K, committed 90112K, reserved 1128448K
  class space    used 9343K, capacity 10158K, committed 10240K, reserved 1048576K
Event: 319.986 GC heap after
Heap after GC invocations=74 (full 5):
 PSYoungGen      total 172032K, used 20350K [0x00000000f0000000, 0x00000000fde80000, 0x0000000100000000)
  eden space 117248K, 0% used [0x00000000f0000000,0x00000000f0000000,0x00000000f7280000)
  from space 54784K, 37% used [0x00000000f7280000,0x00000000f865f8b0,0x00000000fa800000)
  to   space 52224K, 0% used [0x00000000fab80000,0x00000000fab80000,0x00000000fde80000)
 ParOldGen       total 251392K, used 162673K [0x00000000d0000000, 0x00000000df580000, 0x00000000f0000000)
  object space 251392K, 64% used [0x00000000d0000000,0x00000000d9edc5f0,0x00000000df580000)
 Metaspace       used 87225K, capacity 89884K, committed 90112K, reserved 1128448K
  class space    used 9343K, capacity 10158K, committed 10240K, reserved 1048576K
}
Event: 321.059 GC heap before
{Heap before GC invocations=75 (full 5):
 PSYoungGen      total 172032K, used 137598K [0x00000000f0000000, 0x00000000fde80000, 0x0000000100000000)
  eden space 117248K, 100% used [0x00000000f0000000,0x00000000f7280000,0x00000000f7280000)
  from space 54784K, 37% used [0x00000000f7280000,0x00000000f865f8b0,0x00000000fa800000)
  to   space 52224K, 0% used [0x00000000fab80000,0x00000000fab80000,0x00000000fde80000)
 ParOldGen       total 251392K, used 162673K [0x00000000d0000000, 0x00000000df580000, 0x00000000f0000000)
  object space 251392K, 64% used [0x00000000d0000000,0x00000000d9edc5f0,0x00000000df580000)
 Metaspace       used 88945K, capacity 91612K, committed 91648K, reserved 1130496K
  class space    used 9422K, capacity 10222K, committed 10240K, reserved 1048576K
Event: 321.282 GC heap after
Heap after GC invocations=75 (full 5):
 PSYoungGen      total 178176K, used 21763K [0x00000000f0000000, 0x00000000fdf80000, 0x0000000100000000)
  eden space 125952K, 0% used [0x00000000f0000000,0x00000000f0000000,0x00000000f7b00000)
  from space 52224K, 41% used [0x00000000fab80000,0x00000000fc0c0d40,0x00000000fde80000)
  to   space 49664K, 0% used [0x00000000f7b00000,0x00000000f7b00000,0x00000000fab80000)
 ParOldGen       total 251392K, used 162673K [0x00000000d0000000, 0x00000000df580000, 0x00000000f0000000)
  object space 251392K, 64% used [0x00000000d0000000,0x00000000d9edc5f0,0x00000000df580000)
 Metaspace       used 88945K, capacity 91612K, committed 91648K, reserved 1130496K
  class space    used 9422K, capacity 10222K, committed 10240K, reserved 1048576K
}
Event: 323.580 GC heap before
{Heap before GC invocations=76 (full 5):
 PSYoungGen      total 178176K, used 147715K [0x00000000f0000000, 0x00000000fdf80000, 0x0000000100000000)
  eden space 125952K, 100% used [0x00000000f0000000,0x00000000f7b00000,0x00000000f7b00000)
  from space 52224K, 41% used [0x00000000fab80000,0x00000000fc0c0d40,0x00000000fde80000)
  to   space 49664K, 0% used [0x00000000f7b00000,0x00000000f7b00000,0x00000000fab80000)
 ParOldGen       total 251392K, used 162673K [0x00000000d0000000, 0x00000000df580000, 0x00000000f0000000)
  object space 251392K, 64% used [0x00000000d0000000,0x00000000d9edc5f0,0x00000000df580000)
 Metaspace       used 91063K, capacity 93728K, committed 93824K, reserved 1132544K
  class space    used 9538K, capacity 10323K, committed 10368K, reserved 1048576K
Event: 323.651 GC heap after
Heap after GC invocations=76 (full 5):
 PSYoungGen      total 175616K, used 26642K [0x00000000f0000000, 0x00000000fe880000, 0x0000000100000000)
  eden space 125952K, 0% used [0x00000000f0000000,0x00000000f0000000,0x00000000f7b00000)
  from space 49664K, 53% used [0x00000000f7b00000,0x00000000f9504b90,0x00000000fab80000)
  to   space 49664K, 0% used [0x00000000fb800000,0x00000000fb800000,0x00000000fe880000)
 ParOldGen       total 251392K, used 162681K [0x00000000d0000000, 0x00000000df580000, 0x00000000f0000000)
  object space 251392K, 64% used [0x00000000d0000000,0x00000000d9ede5f0,0x00000000df580000)
 Metaspace       used 91063K, capacity 93728K, committed 93824K, reserved 1132544K
  class space    used 9538K, capacity 10323K, committed 10368K, reserved 1048576K
}
Event: 328.766 GC heap before
{Heap before GC invocations=77 (full 5):
 PSYoungGen      total 175616K, used 152594K [0x00000000f0000000, 0x00000000fe880000, 0x0000000100000000)
  eden space 125952K, 100% used [0x00000000f0000000,0x00000000f7b00000,0x00000000f7b00000)
  from space 49664K, 53% used [0x00000000f7b00000,0x00000000f9504b90,0x00000000fab80000)
  to   space 49664K, 0% used [0x00000000fb800000,0x00000000fb800000,0x00000000fe880000)
 ParOldGen       total 251392K, used 162681K [0x00000000d0000000, 0x00000000df580000, 0x00000000f0000000)
  object space 251392K, 64% used [0x00000000d0000000,0x00000000d9ede5f0,0x00000000df580000)
 Metaspace       used 92622K, capacity 95364K, committed 95616K, reserved 1134592K
  class space    used 9662K, capacity 10525K, committed 10624K, reserved 1048576K
Event: 328.797 GC heap after
Heap after GC invocations=77 (full 5):
 PSYoungGen      total 184320K, used 26837K [0x00000000f0000000, 0x00000000fe600000, 0x0000000100000000)
  eden space 137216K, 0% used [0x00000000f0000000,0x00000000f0000000,0x00000000f8600000)
  from space 47104K, 56% used [0x00000000fb800000,0x00000000fd235508,0x00000000fe600000)
  to   space 49152K, 0% used [0x00000000f8600000,0x00000000f8600000,0x00000000fb600000)
 ParOldGen       total 251392K, used 162689K [0x00000000d0000000, 0x00000000df580000, 0x00000000f0000000)
  object space 251392K, 64% used [0x00000000d0000000,0x00000000d9ee05f0,0x00000000df580000)
 Metaspace       used 92622K, capacity 95364K, committed 95616K, reserved 1134592K
  class space    used 9662K, capacity 10525K, committed 10624K, reserved 1048576K
}

