# JRE version: Java(TM) SE Runtime Environment (8.0_25-b18) (build 1.8.0_25-b18)
# Java VM: Java HotSpot(TM) 64-Bit Server VM (25.25-b02 mixed mode windows-amd64 compressed oops)
Heap:
 PSYoungGen      total 230400K, used 98796K [0x00000000f0000000, 0x0000000100000000, 0x0000000100000000)
  eden space 200192K, 37% used [0x00000000f0000000,0x00000000f4a374b0,0x00000000fc380000)
  from space 30208K, 75% used [0x00000000fc380000,0x00000000fd9c3ea0,0x00000000fe100000)
  to   space 29696K, 0% used [0x00000000fe300000,0x00000000fe300000,0x0000000100000000)
 ParOldGen       total 276480K, used 212629K [0x00000000d0000000, 0x00000000e0e00000, 0x00000000f0000000)
  object space 276480K, 76% used [0x00000000d0000000,0x00000000dcfa55d8,0x00000000e0e00000)
 Metaspace       used 196015K, capacity 201322K, committed 201728K, reserved 1232896K
  class space    used 15635K, capacity 17070K, committed 17408K, reserved 1048576K
GC Heap History (10 events):
Event: 6381.350 GC heap before
{Heap before GC invocations=135 (full 6):
 PSYoungGen      total 227328K, used 219139K [0x00000000f0000000, 0x00000000ffd80000, 0x0000000100000000)
  eden space 195072K, 100% used [0x00000000f0000000,0x00000000fbe80000,0x00000000fbe80000)
  from space 32256K, 74% used [0x00000000fde00000,0x00000000ff580c00,0x00000000ffd80000)
  to   space 32256K, 0% used [0x00000000fbe80000,0x00000000fbe80000,0x00000000fde00000)
 ParOldGen       total 276480K, used 209354K [0x00000000d0000000, 0x00000000e0e00000, 0x00000000f0000000)
  object space 276480K, 75% used [0x00000000d0000000,0x00000000dcc72a08,0x00000000e0e00000)
 Metaspace       used 176409K, capacity 181182K, committed 182272K, reserved 1216512K
  class space    used 14439K, capacity 15741K, committed 16128K, reserved 1048576K
Event: 6381.413 GC heap after
Heap after GC invocations=135 (full 6):
 PSYoungGen      total 227328K, used 19814K [0x00000000f0000000, 0x0000000100000000, 0x0000000100000000)
  eden space 195072K, 0% used [0x00000000f0000000,0x00000000f0000000,0x00000000fbe80000)
  from space 32256K, 61% used [0x00000000fbe80000,0x00000000fd1d9ae0,0x00000000fde00000)
  to   space 32256K, 0% used [0x00000000fe080000,0x00000000fe080000,0x0000000100000000)
 ParOldGen       total 276480K, used 209602K [0x00000000d0000000, 0x00000000e0e00000, 0x00000000f0000000)
  object space 276480K, 75% used [0x00000000d0000000,0x00000000dccb0a48,0x00000000e0e00000)
 Metaspace       used 176409K, capacity 181182K, committed 182272K, reserved 1216512K
  class space    used 14439K, capacity 15741K, committed 16128K, reserved 1048576K
}
Event: 6405.305 GC heap before
{Heap before GC invocations=136 (full 6):
 PSYoungGen      total 227328K, used 214886K [0x00000000f0000000, 0x0000000100000000, 0x0000000100000000)
  eden space 195072K, 100% used [0x00000000f0000000,0x00000000fbe80000,0x00000000fbe80000)
  from space 32256K, 61% used [0x00000000fbe80000,0x00000000fd1d9ae0,0x00000000fde00000)
  to   space 32256K, 0% used [0x00000000fe080000,0x00000000fe080000,0x0000000100000000)
 ParOldGen       total 276480K, used 209602K [0x00000000d0000000, 0x00000000e0e00000, 0x00000000f0000000)
  object space 276480K, 75% used [0x00000000d0000000,0x00000000dccb0a48,0x00000000e0e00000)
 Metaspace       used 176730K, capacity 181502K, committed 182784K, reserved 1216512K
  class space    used 14454K, capacity 15741K, committed 16128K, reserved 1048576K
Event: 6405.330 GC heap after
Heap after GC invocations=136 (full 6):
 PSYoungGen      total 227840K, used 22348K [0x00000000f0000000, 0x00000000ffe00000, 0x0000000100000000)
  eden space 197632K, 0% used [0x00000000f0000000,0x00000000f0000000,0x00000000fc100000)
  from space 30208K, 73% used [0x00000000fe080000,0x00000000ff653200,0x00000000ffe00000)
  to   space 31232K, 0% used [0x00000000fc100000,0x00000000fc100000,0x00000000fdf80000)
 ParOldGen       total 276480K, used 210218K [0x00000000d0000000, 0x00000000e0e00000, 0x00000000f0000000)
  object space 276480K, 76% used [0x00000000d0000000,0x00000000dcd4aa48,0x00000000e0e00000)
 Metaspace       used 176730K, capacity 181502K, committed 182784K, reserved 1216512K
  class space    used 14454K, capacity 15741K, committed 16128K, reserved 1048576K
}
Event: 6503.544 GC heap before
{Heap before GC invocations=137 (full 6):
 PSYoungGen      total 227840K, used 219980K [0x00000000f0000000, 0x00000000ffe00000, 0x0000000100000000)
  eden space 197632K, 100% used [0x00000000f0000000,0x00000000fc100000,0x00000000fc100000)
  from space 30208K, 73% used [0x00000000fe080000,0x00000000ff653200,0x00000000ffe00000)
  to   space 31232K, 0% used [0x00000000fc100000,0x00000000fc100000,0x00000000fdf80000)
 ParOldGen       total 276480K, used 210218K [0x00000000d0000000, 0x00000000e0e00000, 0x00000000f0000000)
  object space 276480K, 76% used [0x00000000d0000000,0x00000000dcd4aa48,0x00000000e0e00000)
 Metaspace       used 181658K, capacity 186500K, committed 187648K, reserved 1220608K
  class space    used 14724K, capacity 16038K, committed 16384K, reserved 1048576K
Event: 6503.587 GC heap after
Heap after GC invocations=137 (full 6):
 PSYoungGen      total 228864K, used 21055K [0x00000000f0000000, 0x0000000100000000, 0x0000000100000000)
  eden space 197632K, 0% used [0x00000000f0000000,0x00000000f0000000,0x00000000fc100000)
  from space 31232K, 67% used [0x00000000fc100000,0x00000000fd58fc08,0x00000000fdf80000)
  to   space 30720K, 0% used [0x00000000fe200000,0x00000000fe200000,0x0000000100000000)
 ParOldGen       total 276480K, used 210466K [0x00000000d0000000, 0x00000000e0e00000, 0x00000000f0000000)
  object space 276480K, 76% used [0x00000000d0000000,0x00000000dcd88a88,0x00000000e0e00000)
 Metaspace       used 181658K, capacity 186500K, committed 187648K, reserved 1220608K
  class space    used 14724K, capacity 16038K, committed 16384K, reserved 1048576K
}
Event: 6598.613 GC heap before
{Heap before GC invocations=138 (full 6):
 PSYoungGen      total 228864K, used 218687K [0x00000000f0000000, 0x0000000100000000, 0x0000000100000000)
  eden space 197632K, 100% used [0x00000000f0000000,0x00000000fc100000,0x00000000fc100000)
  from space 31232K, 67% used [0x00000000fc100000,0x00000000fd58fc08,0x00000000fdf80000)
  to   space 30720K, 0% used [0x00000000fe200000,0x00000000fe200000,0x0000000100000000)
 ParOldGen       total 276480K, used 210466K [0x00000000d0000000, 0x00000000e0e00000, 0x00000000f0000000)
  object space 276480K, 76% used [0x00000000d0000000,0x00000000dcd88a88,0x00000000e0e00000)
 Metaspace       used 186048K, capacity 190942K, committed 192000K, reserved 1224704K
  class space    used 14971K, capacity 16299K, committed 16640K, reserved 1048576K
Event: 6598.644 GC heap after
Heap after GC invocations=138 (full 6):
 PSYoungGen      total 229376K, used 21340K [0x00000000f0000000, 0x00000000ffe80000, 0x0000000100000000)
  eden space 200192K, 0% used [0x00000000f0000000,0x00000000f0000000,0x00000000fc380000)
  from space 29184K, 73% used [0x00000000fe200000,0x00000000ff6d7058,0x00000000ffe80000)
  to   space 30208K, 0% used [0x00000000fc380000,0x00000000fc380000,0x00000000fe100000)
 ParOldGen       total 276480K, used 212333K [0x00000000d0000000, 0x00000000e0e00000, 0x00000000f0000000)
  object space 276480K, 76% used [0x00000000d0000000,0x00000000dcf5b598,0x00000000e0e00000)
 Metaspace       used 186048K, capacity 190942K, committed 192000K, reserved 1224704K
  class space    used 14971K, capacity 16299K, committed 16640K, reserved 1048576K
}
Event: 6648.731 GC heap before
{Heap before GC invocations=139 (full 6):
 PSYoungGen      total 229376K, used 221532K [0x00000000f0000000, 0x00000000ffe80000, 0x0000000100000000)
  eden space 200192K, 100% used [0x00000000f0000000,0x00000000fc380000,0x00000000fc380000)
  from space 29184K, 73% used [0x00000000fe200000,0x00000000ff6d7058,0x00000000ffe80000)
  to   space 30208K, 0% used [0x00000000fc380000,0x00000000fc380000,0x00000000fe100000)
 ParOldGen       total 276480K, used 212333K [0x00000000d0000000, 0x00000000e0e00000, 0x00000000f0000000)
  object space 276480K, 76% used [0x00000000d0000000,0x00000000dcf5b598,0x00000000e0e00000)
 Metaspace       used 190724K, capacity 195614K, committed 196736K, reserved 1228800K
  class space    used 15261K, capacity 16625K, committed 17024K, reserved 1048576K
Event: 6648.757 GC heap after
Heap after GC invocations=139 (full 6):
 PSYoungGen      total 230400K, used 22799K [0x00000000f0000000, 0x0000000100000000, 0x0000000100000000)
  eden space 200192K, 0% used [0x00000000f0000000,0x00000000f0000000,0x00000000fc380000)
  from space 30208K, 75% used [0x00000000fc380000,0x00000000fd9c3ea0,0x00000000fe100000)
  to   space 29696K, 0% used [0x00000000fe300000,0x00000000fe300000,0x0000000100000000)
 ParOldGen       total 276480K, used 212629K [0x00000000d0000000, 0x00000000e0e00000, 0x00000000f0000000)
  object space 276480K, 76% used [0x00000000d0000000,0x00000000dcfa55d8,0x00000000e0e00000)
 Metaspace       used 190724K, capacity 195614K, committed 196736K, reserved 1228800K
  class space    used 15261K, capacity 16625K, committed 17024K, reserved 1048576K
}

