# JRE version: Java(TM) SE Runtime Environment (8.0_25-b18) (build 1.8.0_25-b18)
# Java VM: Java HotSpot(TM) 64-Bit Server VM (25.25-b02 mixed mode windows-amd64 compressed oops)
Heap:
 PSYoungGen      total 212992K, used 136258K [0x00000000f0000000, 0x00000000ff200000, 0x0000000100000000)
  eden space 181760K, 65% used [0x00000000f0000000,0x00000000f741d5e8,0x00000000fb180000)
  from space 31232K, 55% used [0x00000000fb180000,0x00000000fc2734f8,0x00000000fd000000)
  to   space 30720K, 0% used [0x00000000fd400000,0x00000000fd400000,0x00000000ff200000)
 ParOldGen       total 251904K, used 170733K [0x00000000d0000000, 0x00000000df600000, 0x00000000f0000000)
  object space 251904K, 67% used [0x00000000d0000000,0x00000000da6bb720,0x00000000df600000)
 Metaspace       used 93024K, capacity 96480K, committed 96640K, reserved 1134592K
  class space    used 9818K, capacity 10796K, committed 10880K, reserved 1048576K
GC Heap History (10 events):
Event: 285.984 GC heap before
{Heap before GC invocations=78 (full 5):
 PSYoungGen      total 200704K, used 184536K [0x00000000f0000000, 0x00000000fea00000, 0x0000000100000000)
  eden space 169984K, 100% used [0x00000000f0000000,0x00000000fa600000,0x00000000fa600000)
  from space 30720K, 47% used [0x00000000fcc00000,0x00000000fda36360,0x00000000fea00000)
  to   space 34816K, 0% used [0x00000000fa600000,0x00000000fa600000,0x00000000fc800000)
 ParOldGen       total 251904K, used 169960K [0x00000000d0000000, 0x00000000df600000, 0x00000000f0000000)
  object space 251904K, 67% used [0x00000000d0000000,0x00000000da5fa200,0x00000000df600000)
 Metaspace       used 90546K, capacity 93424K, committed 93696K, reserved 1132544K
  class space    used 9599K, capacity 10456K, committed 10496K, reserved 1048576K
Event: 286.032 GC heap after
Heap after GC invocations=78 (full 5):
 PSYoungGen      total 204800K, used 12927K [0x00000000f0000000, 0x00000000fee00000, 0x0000000100000000)
  eden space 169984K, 0% used [0x00000000f0000000,0x00000000f0000000,0x00000000fa600000)
  from space 34816K, 37% used [0x00000000fa600000,0x00000000fb29fd38,0x00000000fc800000)
  to   space 32768K, 0% used [0x00000000fce00000,0x00000000fce00000,0x00000000fee00000)
 ParOldGen       total 251904K, used 169968K [0x00000000d0000000, 0x00000000df600000, 0x00000000f0000000)
  object space 251904K, 67% used [0x00000000d0000000,0x00000000da5fc200,0x00000000df600000)
 Metaspace       used 90546K, capacity 93424K, committed 93696K, reserved 1132544K
  class space    used 9599K, capacity 10456K, committed 10496K, reserved 1048576K
}
Event: 335.901 GC heap before
{Heap before GC invocations=79 (full 5):
 PSYoungGen      total 204800K, used 182911K [0x00000000f0000000, 0x00000000fee00000, 0x0000000100000000)
  eden space 169984K, 100% used [0x00000000f0000000,0x00000000fa600000,0x00000000fa600000)
  from space 34816K, 37% used [0x00000000fa600000,0x00000000fb29fd38,0x00000000fc800000)
  to   space 32768K, 0% used [0x00000000fce00000,0x00000000fce00000,0x00000000fee00000)
 ParOldGen       total 251904K, used 169968K [0x00000000d0000000, 0x00000000df600000, 0x00000000f0000000)
  object space 251904K, 67% used [0x00000000d0000000,0x00000000da5fc200,0x00000000df600000)
 Metaspace       used 91102K, capacity 94082K, committed 94336K, reserved 1132544K
  class space    used 9658K, capacity 10533K, committed 10624K, reserved 1048576K
Event: 335.964 GC heap after
Heap after GC invocations=79 (full 5):
 PSYoungGen      total 206848K, used 17898K [0x00000000f0000000, 0x00000000feb80000, 0x0000000100000000)
  eden space 176640K, 0% used [0x00000000f0000000,0x00000000f0000000,0x00000000fac80000)
  from space 30208K, 59% used [0x00000000fce00000,0x00000000fdf7a9f0,0x00000000feb80000)
  to   space 32256K, 0% used [0x00000000fac80000,0x00000000fac80000,0x00000000fcc00000)
 ParOldGen       total 251904K, used 169976K [0x00000000d0000000, 0x00000000df600000, 0x00000000f0000000)
  object space 251904K, 67% used [0x00000000d0000000,0x00000000da5fe200,0x00000000df600000)
 Metaspace       used 91102K, capacity 94082K, committed 94336K, reserved 1132544K
  class space    used 9658K, capacity 10533K, committed 10624K, reserved 1048576K
}
Event: 338.507 GC heap before
{Heap before GC invocations=80 (full 5):
 PSYoungGen      total 206848K, used 194538K [0x00000000f0000000, 0x00000000feb80000, 0x0000000100000000)
  eden space 176640K, 100% used [0x00000000f0000000,0x00000000fac80000,0x00000000fac80000)
  from space 30208K, 59% used [0x00000000fce00000,0x00000000fdf7a9f0,0x00000000feb80000)
  to   space 32256K, 0% used [0x00000000fac80000,0x00000000fac80000,0x00000000fcc00000)
 ParOldGen       total 251904K, used 169976K [0x00000000d0000000, 0x00000000df600000, 0x00000000f0000000)
  object space 251904K, 67% used [0x00000000d0000000,0x00000000da5fe200,0x00000000df600000)
 Metaspace       used 91162K, capacity 94158K, committed 94336K, reserved 1132544K
  class space    used 9659K, capacity 10535K, committed 10624K, reserved 1048576K
Event: 338.535 GC heap after
Heap after GC invocations=80 (full 5):
 PSYoungGen      total 208896K, used 17370K [0x00000000f0000000, 0x00000000ff100000, 0x0000000100000000)
  eden space 176640K, 0% used [0x00000000f0000000,0x00000000f0000000,0x00000000fac80000)
  from space 32256K, 53% used [0x00000000fac80000,0x00000000fbd76870,0x00000000fcc00000)
  to   space 31744K, 0% used [0x00000000fd200000,0x00000000fd200000,0x00000000ff100000)
 ParOldGen       total 251904K, used 169976K [0x00000000d0000000, 0x00000000df600000, 0x00000000f0000000)
  object space 251904K, 67% used [0x00000000d0000000,0x00000000da5fe200,0x00000000df600000)
 Metaspace       used 91162K, capacity 94158K, committed 94336K, reserved 1132544K
  class space    used 9659K, capacity 10535K, committed 10624K, reserved 1048576K
}
Event: 381.207 GC heap before
{Heap before GC invocations=81 (full 5):
 PSYoungGen      total 208896K, used 194010K [0x00000000f0000000, 0x00000000ff100000, 0x0000000100000000)
  eden space 176640K, 100% used [0x00000000f0000000,0x00000000fac80000,0x00000000fac80000)
  from space 32256K, 53% used [0x00000000fac80000,0x00000000fbd76870,0x00000000fcc00000)
  to   space 31744K, 0% used [0x00000000fd200000,0x00000000fd200000,0x00000000ff100000)
 ParOldGen       total 251904K, used 169976K [0x00000000d0000000, 0x00000000df600000, 0x00000000f0000000)
  object space 251904K, 67% used [0x00000000d0000000,0x00000000da5fe200,0x00000000df600000)
 Metaspace       used 91576K, capacity 94624K, committed 94848K, reserved 1134592K
  class space    used 9683K, capacity 10586K, committed 10624K, reserved 1048576K
Event: 381.235 GC heap after
Heap after GC invocations=81 (full 5):
 PSYoungGen      total 210944K, used 17801K [0x00000000f0000000, 0x00000000fee80000, 0x0000000100000000)
  eden space 181760K, 0% used [0x00000000f0000000,0x00000000f0000000,0x00000000fb180000)
  from space 29184K, 60% used [0x00000000fd200000,0x00000000fe362418,0x00000000fee80000)
  to   space 31232K, 0% used [0x00000000fb180000,0x00000000fb180000,0x00000000fd000000)
 ParOldGen       total 251904K, used 169984K [0x00000000d0000000, 0x00000000df600000, 0x00000000f0000000)
  object space 251904K, 67% used [0x00000000d0000000,0x00000000da600200,0x00000000df600000)
 Metaspace       used 91576K, capacity 94624K, committed 94848K, reserved 1134592K
  class space    used 9683K, capacity 10586K, committed 10624K, reserved 1048576K
}
Event: 392.913 GC heap before
{Heap before GC invocations=82 (full 5):
 PSYoungGen      total 210944K, used 199561K [0x00000000f0000000, 0x00000000fee80000, 0x0000000100000000)
  eden space 181760K, 100% used [0x00000000f0000000,0x00000000fb180000,0x00000000fb180000)
  from space 29184K, 60% used [0x00000000fd200000,0x00000000fe362418,0x00000000fee80000)
  to   space 31232K, 0% used [0x00000000fb180000,0x00000000fb180000,0x00000000fd000000)
 ParOldGen       total 251904K, used 169984K [0x00000000d0000000, 0x00000000df600000, 0x00000000f0000000)
  object space 251904K, 67% used [0x00000000d0000000,0x00000000da600200,0x00000000df600000)
 Metaspace       used 91907K, capacity 95006K, committed 95104K, reserved 1134592K
  class space    used 9702K, capacity 10598K, committed 10624K, reserved 1048576K
Event: 392.938 GC heap after
Heap after GC invocations=82 (full 5):
 PSYoungGen      total 212992K, used 17357K [0x00000000f0000000, 0x00000000ff200000, 0x0000000100000000)
  eden space 181760K, 0% used [0x00000000f0000000,0x00000000f0000000,0x00000000fb180000)
  from space 31232K, 55% used [0x00000000fb180000,0x00000000fc2734f8,0x00000000fd000000)
  to   space 30720K, 0% used [0x00000000fd400000,0x00000000fd400000,0x00000000ff200000)
 ParOldGen       total 251904K, used 170733K [0x00000000d0000000, 0x00000000df600000, 0x00000000f0000000)
  object space 251904K, 67% used [0x00000000d0000000,0x00000000da6bb720,0x00000000df600000)
 Metaspace       used 91907K, capacity 95006K, committed 95104K, reserved 1134592K
  class space    used 9702K, capacity 10598K, committed 10624K, reserved 1048576K
}

