# JRE version: Java(TM) SE Runtime Environment (8.0_25-b18) (build 1.8.0_25-b18)
# Java VM: Java HotSpot(TM) 64-Bit Server VM (25.25-b02 mixed mode windows-amd64 compressed oops)
Heap:
 PSYoungGen      total 217600K, used 100565K [0x00000000f0000000, 0x00000000fff00000, 0x0000000100000000)
  eden space 176128K, 45% used [0x00000000f0000000,0x00000000f4eb4268,0x00000000fac00000)
  from space 41472K, 48% used [0x00000000fac00000,0x00000000fbf812d8,0x00000000fd480000)
  to   space 40448K, 0% used [0x00000000fd780000,0x00000000fd780000,0x00000000fff00000)
 ParOldGen       total 247296K, used 185619K [0x00000000d0000000, 0x00000000df180000, 0x00000000f0000000)
  object space 247296K, 75% used [0x00000000d0000000,0x00000000db544c38,0x00000000df180000)
 Metaspace       used 103845K, capacity 108086K, committed 108288K, reserved 1144832K
  class space    used 11052K, capacity 12248K, committed 12288K, reserved 1048576K
GC Heap History (10 events):
Event: 785.511 GC heap before
{Heap before GC invocations=86 (full 5):
 PSYoungGen      total 210432K, used 188996K [0x00000000f0000000, 0x00000000ffa80000, 0x0000000100000000)
  eden space 165376K, 100% used [0x00000000f0000000,0x00000000fa180000,0x00000000fa180000)
  from space 45056K, 52% used [0x00000000fce80000,0x00000000fe591320,0x00000000ffa80000)
  to   space 45568K, 0% used [0x00000000fa180000,0x00000000fa180000,0x00000000fce00000)
 ParOldGen       total 247296K, used 175902K [0x00000000d0000000, 0x00000000df180000, 0x00000000f0000000)
  object space 247296K, 71% used [0x00000000d0000000,0x00000000dabc7a00,0x00000000df180000)
 Metaspace       used 96741K, capacity 100088K, committed 100352K, reserved 1138688K
  class space    used 10206K, capacity 11207K, committed 11264K, reserved 1048576K
Event: 785.548 GC heap after
Heap after GC invocations=86 (full 5):
 PSYoungGen      total 210944K, used 21400K [0x00000000f0000000, 0x00000000ffe80000, 0x0000000100000000)
  eden space 165376K, 0% used [0x00000000f0000000,0x00000000f0000000,0x00000000fa180000)
  from space 45568K, 46% used [0x00000000fa180000,0x00000000fb666098,0x00000000fce00000)
  to   space 44544K, 0% used [0x00000000fd300000,0x00000000fd300000,0x00000000ffe80000)
 ParOldGen       total 247296K, used 177521K [0x00000000d0000000, 0x00000000df180000, 0x00000000f0000000)
  object space 247296K, 71% used [0x00000000d0000000,0x00000000dad5c700,0x00000000df180000)
 Metaspace       used 96741K, capacity 100088K, committed 100352K, reserved 1138688K
  class space    used 10206K, capacity 11207K, committed 11264K, reserved 1048576K
}
Event: 827.757 GC heap before
{Heap before GC invocations=87 (full 5):
 PSYoungGen      total 210944K, used 186776K [0x00000000f0000000, 0x00000000ffe80000, 0x0000000100000000)
  eden space 165376K, 100% used [0x00000000f0000000,0x00000000fa180000,0x00000000fa180000)
  from space 45568K, 46% used [0x00000000fa180000,0x00000000fb666098,0x00000000fce00000)
  to   space 44544K, 0% used [0x00000000fd300000,0x00000000fd300000,0x00000000ffe80000)
 ParOldGen       total 247296K, used 177521K [0x00000000d0000000, 0x00000000df180000, 0x00000000f0000000)
  object space 247296K, 71% used [0x00000000d0000000,0x00000000dad5c700,0x00000000df180000)
 Metaspace       used 96957K, capacity 100358K, committed 100480K, reserved 1138688K
  class space    used 10234K, capacity 11272K, committed 11392K, reserved 1048576K
Event: 827.865 GC heap after
Heap after GC invocations=87 (full 5):
 PSYoungGen      total 214016K, used 20684K [0x00000000f0000000, 0x00000000ffc80000, 0x0000000100000000)
  eden space 171520K, 0% used [0x00000000f0000000,0x00000000f0000000,0x00000000fa780000)
  from space 42496K, 48% used [0x00000000fd300000,0x00000000fe733138,0x00000000ffc80000)
  to   space 43520K, 0% used [0x00000000fa780000,0x00000000fa780000,0x00000000fd200000)
 ParOldGen       total 247296K, used 180573K [0x00000000d0000000, 0x00000000df180000, 0x00000000f0000000)
  object space 247296K, 73% used [0x00000000d0000000,0x00000000db0576a0,0x00000000df180000)
 Metaspace       used 96957K, capacity 100358K, committed 100480K, reserved 1138688K
  class space    used 10234K, capacity 11272K, committed 11392K, reserved 1048576K
}
Event: 830.202 GC heap before
{Heap before GC invocations=88 (full 5):
 PSYoungGen      total 214016K, used 192204K [0x00000000f0000000, 0x00000000ffc80000, 0x0000000100000000)
  eden space 171520K, 100% used [0x00000000f0000000,0x00000000fa780000,0x00000000fa780000)
  from space 42496K, 48% used [0x00000000fd300000,0x00000000fe733138,0x00000000ffc80000)
  to   space 43520K, 0% used [0x00000000fa780000,0x00000000fa780000,0x00000000fd200000)
 ParOldGen       total 247296K, used 180573K [0x00000000d0000000, 0x00000000df180000, 0x00000000f0000000)
  object space 247296K, 73% used [0x00000000d0000000,0x00000000db0576a0,0x00000000df180000)
 Metaspace       used 97697K, capacity 101200K, committed 101504K, reserved 1138688K
  class space    used 10278K, capacity 11338K, committed 11392K, reserved 1048576K
Event: 830.231 GC heap after
Heap after GC invocations=88 (full 5):
 PSYoungGen      total 215040K, used 17994K [0x00000000f0000000, 0x00000000fff00000, 0x0000000100000000)
  eden space 171520K, 0% used [0x00000000f0000000,0x00000000f0000000,0x00000000fa780000)
  from space 43520K, 41% used [0x00000000fa780000,0x00000000fb912bb0,0x00000000fd200000)
  to   space 42496K, 0% used [0x00000000fd580000,0x00000000fd580000,0x00000000fff00000)
 ParOldGen       total 247296K, used 181204K [0x00000000d0000000, 0x00000000df180000, 0x00000000f0000000)
  object space 247296K, 73% used [0x00000000d0000000,0x00000000db0f51f8,0x00000000df180000)
 Metaspace       used 97697K, capacity 101200K, committed 101504K, reserved 1138688K
  class space    used 10278K, capacity 11338K, committed 11392K, reserved 1048576K
}
Event: 839.054 GC heap before
{Heap before GC invocations=89 (full 5):
 PSYoungGen      total 215040K, used 185390K [0x00000000f0000000, 0x00000000fff00000, 0x0000000100000000)
  eden space 171520K, 97% used [0x00000000f0000000,0x00000000fa378fb0,0x00000000fa780000)
  from space 43520K, 41% used [0x00000000fa780000,0x00000000fb912bb0,0x00000000fd200000)
  to   space 42496K, 0% used [0x00000000fd580000,0x00000000fd580000,0x00000000fff00000)
 ParOldGen       total 247296K, used 181204K [0x00000000d0000000, 0x00000000df180000, 0x00000000f0000000)
  object space 247296K, 73% used [0x00000000d0000000,0x00000000db0f51f8,0x00000000df180000)
 Metaspace       used 101291K, capacity 104904K, committed 105088K, reserved 1142784K
  class space    used 10744K, capacity 11809K, committed 11904K, reserved 1048576K
Event: 839.083 GC heap after
Heap after GC invocations=89 (full 5):
 PSYoungGen      total 216576K, used 20910K [0x00000000f0000000, 0x00000000ffd00000, 0x0000000100000000)
  eden space 176128K, 0% used [0x00000000f0000000,0x00000000f0000000,0x00000000fac00000)
  from space 40448K, 51% used [0x00000000fd580000,0x00000000fe9ebac0,0x00000000ffd00000)
  to   space 41472K, 0% used [0x00000000fac00000,0x00000000fac00000,0x00000000fd480000)
 ParOldGen       total 247296K, used 182540K [0x00000000d0000000, 0x00000000df180000, 0x00000000f0000000)
  object space 247296K, 73% used [0x00000000d0000000,0x00000000db243000,0x00000000df180000)
 Metaspace       used 101291K, capacity 104904K, committed 105088K, reserved 1142784K
  class space    used 10744K, capacity 11809K, committed 11904K, reserved 1048576K
}
Event: 924.971 GC heap before
{Heap before GC invocations=90 (full 5):
 PSYoungGen      total 216576K, used 197038K [0x00000000f0000000, 0x00000000ffd00000, 0x0000000100000000)
  eden space 176128K, 100% used [0x00000000f0000000,0x00000000fac00000,0x00000000fac00000)
  from space 40448K, 51% used [0x00000000fd580000,0x00000000fe9ebac0,0x00000000ffd00000)
  to   space 41472K, 0% used [0x00000000fac00000,0x00000000fac00000,0x00000000fd480000)
 ParOldGen       total 247296K, used 182540K [0x00000000d0000000, 0x00000000df180000, 0x00000000f0000000)
  object space 247296K, 73% used [0x00000000d0000000,0x00000000db243000,0x00000000df180000)
 Metaspace       used 102700K, capacity 106386K, committed 106496K, reserved 1144832K
  class space    used 10910K, capacity 11987K, committed 12032K, reserved 1048576K
Event: 925.099 GC heap after
Heap after GC invocations=90 (full 5):
 PSYoungGen      total 217600K, used 19972K [0x00000000f0000000, 0x00000000fff00000, 0x0000000100000000)
  eden space 176128K, 0% used [0x00000000f0000000,0x00000000f0000000,0x00000000fac00000)
  from space 41472K, 48% used [0x00000000fac00000,0x00000000fbf812d8,0x00000000fd480000)
  to   space 40448K, 0% used [0x00000000fd780000,0x00000000fd780000,0x00000000fff00000)
 ParOldGen       total 247296K, used 185619K [0x00000000d0000000, 0x00000000df180000, 0x00000000f0000000)
  object space 247296K, 75% used [0x00000000d0000000,0x00000000db544c38,0x00000000df180000)
 Metaspace       used 102700K, capacity 106386K, committed 106496K, reserved 1144832K
  class space    used 10910K, capacity 11987K, committed 12032K, reserved 1048576K
}

