# JRE version: Java(TM) SE Runtime Environment (8.0_25-b18) (build 1.8.0_25-b18)
# Java VM: Java HotSpot(TM) 64-Bit Server VM (25.25-b02 mixed mode windows-amd64 compressed oops)
Heap:
 PSYoungGen      total 202752K, used 118344K [0x00000000f0000000, 0x0000000100000000, 0x0000000100000000)
  eden space 164864K, 48% used [0x00000000f0000000,0x00000000f4ee0eb8,0x00000000fa100000)
  from space 37888K, 99% used [0x00000000fa100000,0x00000000fc5b1150,0x00000000fc600000)
  to   space 51200K, 0% used [0x00000000fce00000,0x00000000fce00000,0x0000000100000000)
 ParOldGen       total 279040K, used 193931K [0x00000000d0000000, 0x00000000e1080000, 0x00000000f0000000)
  object space 279040K, 69% used [0x00000000d0000000,0x00000000dbd62c08,0x00000000e1080000)
 Metaspace       used 99602K, capacity 103342K, committed 103424K, reserved 1140736K
  class space    used 10442K, capacity 11515K, committed 11520K, reserved 1048576K
GC Heap History (10 events):
Event: 325.993 GC heap before
{Heap before GC invocations=82 (full 5):
 PSYoungGen      total 215552K, used 197045K [0x00000000f0000000, 0x0000000100000000, 0x0000000100000000)
  eden space 168960K, 100% used [0x00000000f0000000,0x00000000fa500000,0x00000000fa500000)
  from space 46592K, 60% used [0x00000000fd280000,0x00000000feded408,0x0000000100000000)
  to   space 46592K, 0% used [0x00000000fa500000,0x00000000fa500000,0x00000000fd280000)
 ParOldGen       total 279040K, used 190699K [0x00000000d0000000, 0x00000000e1080000, 0x00000000f0000000)
  object space 279040K, 68% used [0x00000000d0000000,0x00000000dba3ac28,0x00000000e1080000)
 Metaspace       used 96540K, capacity 99714K, committed 99968K, reserved 1138688K
  class space    used 10136K, capacity 11116K, committed 11136K, reserved 1048576K
Event: 326.055 GC heap after
Heap after GC invocations=82 (full 5):
 PSYoungGen      total 199168K, used 30069K [0x00000000f0000000, 0x0000000100000000, 0x0000000100000000)
  eden space 168960K, 0% used [0x00000000f0000000,0x00000000f0000000,0x00000000fa500000)
  from space 30208K, 99% used [0x00000000fa500000,0x00000000fc25d570,0x00000000fc280000)
  to   space 47616K, 0% used [0x00000000fd180000,0x00000000fd180000,0x0000000100000000)
 ParOldGen       total 279040K, used 190707K [0x00000000d0000000, 0x00000000e1080000, 0x00000000f0000000)
  object space 279040K, 68% used [0x00000000d0000000,0x00000000dba3cc28,0x00000000e1080000)
 Metaspace       used 96540K, capacity 99714K, committed 99968K, reserved 1138688K
  class space    used 10136K, capacity 11116K, committed 11136K, reserved 1048576K
}
Event: 329.887 GC heap before
{Heap before GC invocations=83 (full 5):
 PSYoungGen      total 199168K, used 199029K [0x00000000f0000000, 0x0000000100000000, 0x0000000100000000)
  eden space 168960K, 100% used [0x00000000f0000000,0x00000000fa500000,0x00000000fa500000)
  from space 30208K, 99% used [0x00000000fa500000,0x00000000fc25d570,0x00000000fc280000)
  to   space 47616K, 0% used [0x00000000fd180000,0x00000000fd180000,0x0000000100000000)
 ParOldGen       total 279040K, used 190707K [0x00000000d0000000, 0x00000000e1080000, 0x00000000f0000000)
  object space 279040K, 68% used [0x00000000d0000000,0x00000000dba3cc28,0x00000000e1080000)
 Metaspace       used 96902K, capacity 100052K, committed 100224K, reserved 1138688K
  class space    used 10157K, capacity 11121K, committed 11136K, reserved 1048576K
Event: 329.920 GC heap after
Heap after GC invocations=83 (full 5):
 PSYoungGen      total 215040K, used 27117K [0x00000000f0000000, 0x0000000100000000, 0x0000000100000000)
  eden space 167424K, 0% used [0x00000000f0000000,0x00000000f0000000,0x00000000fa380000)
  from space 47616K, 56% used [0x00000000fd180000,0x00000000febfb738,0x0000000100000000)
  to   space 47104K, 0% used [0x00000000fa380000,0x00000000fa380000,0x00000000fd180000)
 ParOldGen       total 279040K, used 190715K [0x00000000d0000000, 0x00000000e1080000, 0x00000000f0000000)
  object space 279040K, 68% used [0x00000000d0000000,0x00000000dba3ec28,0x00000000e1080000)
 Metaspace       used 96902K, capacity 100052K, committed 100224K, reserved 1138688K
  class space    used 10157K, capacity 11121K, committed 11136K, reserved 1048576K
}
Event: 507.397 GC heap before
{Heap before GC invocations=84 (full 5):
 PSYoungGen      total 215040K, used 194541K [0x00000000f0000000, 0x0000000100000000, 0x0000000100000000)
  eden space 167424K, 100% used [0x00000000f0000000,0x00000000fa380000,0x00000000fa380000)
  from space 47616K, 56% used [0x00000000fd180000,0x00000000febfb738,0x0000000100000000)
  to   space 47104K, 0% used [0x00000000fa380000,0x00000000fa380000,0x00000000fd180000)
 ParOldGen       total 279040K, used 190715K [0x00000000d0000000, 0x00000000e1080000, 0x00000000f0000000)
  object space 279040K, 68% used [0x00000000d0000000,0x00000000dba3ec28,0x00000000e1080000)
 Metaspace       used 97493K, capacity 100772K, committed 100864K, reserved 1138688K
  class space    used 10218K, capacity 11200K, committed 11264K, reserved 1048576K
Event: 507.436 GC heap after
Heap after GC invocations=84 (full 5):
 PSYoungGen      total 214528K, used 30251K [0x00000000f0000000, 0x0000000100000000, 0x0000000100000000)
  eden space 167424K, 0% used [0x00000000f0000000,0x00000000f0000000,0x00000000fa380000)
  from space 47104K, 64% used [0x00000000fa380000,0x00000000fc10ad18,0x00000000fd180000)
  to   space 47616K, 0% used [0x00000000fd180000,0x00000000fd180000,0x0000000100000000)
 ParOldGen       total 279040K, used 190723K [0x00000000d0000000, 0x00000000e1080000, 0x00000000f0000000)
  object space 279040K, 68% used [0x00000000d0000000,0x00000000dba40c28,0x00000000e1080000)
 Metaspace       used 97493K, capacity 100772K, committed 100864K, reserved 1138688K
  class space    used 10218K, capacity 11200K, committed 11264K, reserved 1048576K
}
Event: 531.164 GC heap before
{Heap before GC invocations=85 (full 5):
 PSYoungGen      total 214528K, used 197675K [0x00000000f0000000, 0x0000000100000000, 0x0000000100000000)
  eden space 167424K, 100% used [0x00000000f0000000,0x00000000fa380000,0x00000000fa380000)
  from space 47104K, 64% used [0x00000000fa380000,0x00000000fc10ad18,0x00000000fd180000)
  to   space 47616K, 0% used [0x00000000fd180000,0x00000000fd180000,0x0000000100000000)
 ParOldGen       total 279040K, used 190723K [0x00000000d0000000, 0x00000000e1080000, 0x00000000f0000000)
  object space 279040K, 68% used [0x00000000d0000000,0x00000000dba40c28,0x00000000e1080000)
 Metaspace       used 97796K, capacity 101090K, committed 101376K, reserved 1138688K
  class space    used 10245K, capacity 11222K, committed 11264K, reserved 1048576K
Event: 531.202 GC heap after
Heap after GC invocations=85 (full 5):
 PSYoungGen      total 212480K, used 31977K [0x00000000f0000000, 0x0000000100000000, 0x0000000100000000)
  eden space 164864K, 0% used [0x00000000f0000000,0x00000000f0000000,0x00000000fa100000)
  from space 47616K, 67% used [0x00000000fd180000,0x00000000ff0ba4d0,0x0000000100000000)
  to   space 48640K, 0% used [0x00000000fa100000,0x00000000fa100000,0x00000000fd080000)
 ParOldGen       total 279040K, used 190731K [0x00000000d0000000, 0x00000000e1080000, 0x00000000f0000000)
  object space 279040K, 68% used [0x00000000d0000000,0x00000000dba42c28,0x00000000e1080000)
 Metaspace       used 97796K, capacity 101090K, committed 101376K, reserved 1138688K
  class space    used 10245K, capacity 11222K, committed 11264K, reserved 1048576K
}
Event: 631.835 GC heap before
{Heap before GC invocations=86 (full 5):
 PSYoungGen      total 212480K, used 196841K [0x00000000f0000000, 0x0000000100000000, 0x0000000100000000)
  eden space 164864K, 100% used [0x00000000f0000000,0x00000000fa100000,0x00000000fa100000)
  from space 47616K, 67% used [0x00000000fd180000,0x00000000ff0ba4d0,0x0000000100000000)
  to   space 48640K, 0% used [0x00000000fa100000,0x00000000fa100000,0x00000000fd080000)
 ParOldGen       total 279040K, used 190731K [0x00000000d0000000, 0x00000000e1080000, 0x00000000f0000000)
  object space 279040K, 68% used [0x00000000d0000000,0x00000000dba42c28,0x00000000e1080000)
 Metaspace       used 98586K, capacity 101958K, committed 102272K, reserved 1140736K
  class space    used 10318K, capacity 11316K, committed 11392K, reserved 1048576K
Event: 631.902 GC heap after
Heap after GC invocations=86 (full 5):
 PSYoungGen      total 202752K, used 37572K [0x00000000f0000000, 0x0000000100000000, 0x0000000100000000)
  eden space 164864K, 0% used [0x00000000f0000000,0x00000000f0000000,0x00000000fa100000)
  from space 37888K, 99% used [0x00000000fa100000,0x00000000fc5b1150,0x00000000fc600000)
  to   space 51200K, 0% used [0x00000000fce00000,0x00000000fce00000,0x0000000100000000)
 ParOldGen       total 279040K, used 193931K [0x00000000d0000000, 0x00000000e1080000, 0x00000000f0000000)
  object space 279040K, 69% used [0x00000000d0000000,0x00000000dbd62c08,0x00000000e1080000)
 Metaspace       used 98586K, capacity 101958K, committed 102272K, reserved 1140736K
  class space    used 10318K, capacity 11316K, committed 11392K, reserved 1048576K
}

