# JRE version: Java(TM) SE Runtime Environment (8.0_25-b18) (build 1.8.0_25-b18)
# Java VM: Java HotSpot(TM) 64-Bit Server VM (25.25-b02 mixed mode windows-amd64 compressed oops)
Heap:
 PSYoungGen      total 231936K, used 196102K [0x00000000f0000000, 0x00000000ffc00000, 0x0000000100000000)
  eden space 206848K, 90% used [0x00000000f0000000,0x00000000fb770d48,0x00000000fca00000)
  from space 25088K, 32% used [0x00000000fca00000,0x00000000fd210ba8,0x00000000fe280000)
  to   space 23552K, 0% used [0x00000000fe500000,0x00000000fe500000,0x00000000ffc00000)
 ParOldGen       total 253952K, used 177698K [0x00000000d0000000, 0x00000000df800000, 0x00000000f0000000)
  object space 253952K, 69% used [0x00000000d0000000,0x00000000dad88920,0x00000000df800000)
 Metaspace       used 91862K, capacity 94896K, committed 95180K, reserved 1134592K
  class space    used 9555K, capacity 10442K, committed 10496K, reserved 1048576K
GC Heap History (10 events):
Event: 957.721 GC heap before
{Heap before GC invocations=82 (full 5):
 PSYoungGen      total 227840K, used 209132K [0x00000000f0000000, 0x00000000ffc80000, 0x0000000100000000)
  eden space 196096K, 100% used [0x00000000f0000000,0x00000000fbf80000,0x00000000fbf80000)
  from space 31744K, 41% used [0x00000000fdd80000,0x00000000fea3b0e8,0x00000000ffc80000)
  to   space 30720K, 0% used [0x00000000fbf80000,0x00000000fbf80000,0x00000000fdd80000)
 ParOldGen       total 253952K, used 172168K [0x00000000d0000000, 0x00000000df800000, 0x00000000f0000000)
  object space 253952K, 67% used [0x00000000d0000000,0x00000000da822120,0x00000000df800000)
 Metaspace       used 89718K, capacity 92348K, committed 92620K, reserved 1132544K
  class space    used 9347K, capacity 10130K, committed 10240K, reserved 1048576K
Event: 957.867 GC heap after
Heap after GC invocations=82 (full 5):
 PSYoungGen      total 226816K, used 8772K [0x00000000f0000000, 0x00000000ffb00000, 0x0000000100000000)
  eden space 196096K, 0% used [0x00000000f0000000,0x00000000f0000000,0x00000000fbf80000)
  from space 30720K, 28% used [0x00000000fbf80000,0x00000000fc811358,0x00000000fdd80000)
  to   space 28672K, 0% used [0x00000000fdf00000,0x00000000fdf00000,0x00000000ffb00000)
 ParOldGen       total 253952K, used 174104K [0x00000000d0000000, 0x00000000df800000, 0x00000000f0000000)
  object space 253952K, 68% used [0x00000000d0000000,0x00000000daa06160,0x00000000df800000)
 Metaspace       used 89718K, capacity 92348K, committed 92620K, reserved 1132544K
  class space    used 9347K, capacity 10130K, committed 10240K, reserved 1048576K
}
Event: 1000.338 GC heap before
{Heap before GC invocations=83 (full 5):
 PSYoungGen      total 226816K, used 204868K [0x00000000f0000000, 0x00000000ffb00000, 0x0000000100000000)
  eden space 196096K, 100% used [0x00000000f0000000,0x00000000fbf80000,0x00000000fbf80000)
  from space 30720K, 28% used [0x00000000fbf80000,0x00000000fc811358,0x00000000fdd80000)
  to   space 28672K, 0% used [0x00000000fdf00000,0x00000000fdf00000,0x00000000ffb00000)
 ParOldGen       total 253952K, used 174104K [0x00000000d0000000, 0x00000000df800000, 0x00000000f0000000)
  object space 253952K, 68% used [0x00000000d0000000,0x00000000daa06160,0x00000000df800000)
 Metaspace       used 90019K, capacity 92668K, committed 92876K, reserved 1132544K
  class space    used 9359K, capacity 10130K, committed 10240K, reserved 1048576K
Event: 1000.393 GC heap after
Heap after GC invocations=83 (full 5):
 PSYoungGen      total 229376K, used 6108K [0x00000000f0000000, 0x00000000ffc00000, 0x0000000100000000)
  eden space 200704K, 0% used [0x00000000f0000000,0x00000000f0000000,0x00000000fc400000)
  from space 28672K, 21% used [0x00000000fdf00000,0x00000000fe4f71a8,0x00000000ffb00000)
  to   space 27648K, 0% used [0x00000000fc400000,0x00000000fc400000,0x00000000fdf00000)
 ParOldGen       total 253952K, used 176843K [0x00000000d0000000, 0x00000000df800000, 0x00000000f0000000)
  object space 253952K, 69% used [0x00000000d0000000,0x00000000dacb2d50,0x00000000df800000)
 Metaspace       used 90019K, capacity 92668K, committed 92876K, reserved 1132544K
  class space    used 9359K, capacity 10130K, committed 10240K, reserved 1048576K
}
Event: 1425.003 GC heap before
{Heap before GC invocations=84 (full 5):
 PSYoungGen      total 229376K, used 206812K [0x00000000f0000000, 0x00000000ffc00000, 0x0000000100000000)
  eden space 200704K, 100% used [0x00000000f0000000,0x00000000fc400000,0x00000000fc400000)
  from space 28672K, 21% used [0x00000000fdf00000,0x00000000fe4f71a8,0x00000000ffb00000)
  to   space 27648K, 0% used [0x00000000fc400000,0x00000000fc400000,0x00000000fdf00000)
 ParOldGen       total 253952K, used 176843K [0x00000000d0000000, 0x00000000df800000, 0x00000000f0000000)
  object space 253952K, 69% used [0x00000000d0000000,0x00000000dacb2d50,0x00000000df800000)
 Metaspace       used 90253K, capacity 92924K, committed 93132K, reserved 1132544K
  class space    used 9366K, capacity 10130K, committed 10240K, reserved 1048576K
Event: 1425.240 GC heap after
Heap after GC invocations=84 (full 5):
 PSYoungGen      total 228352K, used 7566K [0x00000000f0000000, 0x00000000ffc00000, 0x0000000100000000)
  eden space 200704K, 0% used [0x00000000f0000000,0x00000000f0000000,0x00000000fc400000)
  from space 27648K, 27% used [0x00000000fc400000,0x00000000fcb63b90,0x00000000fdf00000)
  to   space 26112K, 0% used [0x00000000fe280000,0x00000000fe280000,0x00000000ffc00000)
 ParOldGen       total 253952K, used 176843K [0x00000000d0000000, 0x00000000df800000, 0x00000000f0000000)
  object space 253952K, 69% used [0x00000000d0000000,0x00000000dacb2d50,0x00000000df800000)
 Metaspace       used 90253K, capacity 92924K, committed 93132K, reserved 1132544K
  class space    used 9366K, capacity 10130K, committed 10240K, reserved 1048576K
}
Event: 1433.767 GC heap before
{Heap before GC invocations=85 (full 5):
 PSYoungGen      total 228352K, used 208270K [0x00000000f0000000, 0x00000000ffc00000, 0x0000000100000000)
  eden space 200704K, 100% used [0x00000000f0000000,0x00000000fc400000,0x00000000fc400000)
  from space 27648K, 27% used [0x00000000fc400000,0x00000000fcb63b90,0x00000000fdf00000)
  to   space 26112K, 0% used [0x00000000fe280000,0x00000000fe280000,0x00000000ffc00000)
 ParOldGen       total 253952K, used 176843K [0x00000000d0000000, 0x00000000df800000, 0x00000000f0000000)
  object space 253952K, 69% used [0x00000000d0000000,0x00000000dacb2d50,0x00000000df800000)
 Metaspace       used 90417K, capacity 93058K, committed 93388K, reserved 1132544K
  class space    used 9373K, capacity 10131K, committed 10240K, reserved 1048576K
Event: 1437.847 GC heap after
Heap after GC invocations=85 (full 5):
 PSYoungGen      total 232960K, used 6966K [0x00000000f0000000, 0x00000000ffc80000, 0x0000000100000000)
  eden space 206848K, 0% used [0x00000000f0000000,0x00000000f0000000,0x00000000fca00000)
  from space 26112K, 26% used [0x00000000fe280000,0x00000000fe94d870,0x00000000ffc00000)
  to   space 25088K, 0% used [0x00000000fca00000,0x00000000fca00000,0x00000000fe280000)
 ParOldGen       total 253952K, used 176843K [0x00000000d0000000, 0x00000000df800000, 0x00000000f0000000)
  object space 253952K, 69% used [0x00000000d0000000,0x00000000dacb2d50,0x00000000df800000)
 Metaspace       used 90417K, capacity 93058K, committed 93388K, reserved 1132544K
  class space    used 9373K, capacity 10131K, committed 10240K, reserved 1048576K
}
Event: 1705.508 GC heap before
{Heap before GC invocations=86 (full 5):
 PSYoungGen      total 232960K, used 213814K [0x00000000f0000000, 0x00000000ffc80000, 0x0000000100000000)
  eden space 206848K, 100% used [0x00000000f0000000,0x00000000fca00000,0x00000000fca00000)
  from space 26112K, 26% used [0x00000000fe280000,0x00000000fe94d870,0x00000000ffc00000)
  to   space 25088K, 0% used [0x00000000fca00000,0x00000000fca00000,0x00000000fe280000)
 ParOldGen       total 253952K, used 176843K [0x00000000d0000000, 0x00000000df800000, 0x00000000f0000000)
  object space 253952K, 69% used [0x00000000d0000000,0x00000000dacb2d50,0x00000000df800000)
 Metaspace       used 90561K, capacity 93224K, committed 93388K, reserved 1132544K
  class space    used 9381K, capacity 10164K, committed 10240K, reserved 1048576K
Event: 1705.998 GC heap after
Heap after GC invocations=86 (full 5):
 PSYoungGen      total 231936K, used 8258K [0x00000000f0000000, 0x00000000ffc00000, 0x0000000100000000)
  eden space 206848K, 0% used [0x00000000f0000000,0x00000000f0000000,0x00000000fca00000)
  from space 25088K, 32% used [0x00000000fca00000,0x00000000fd210ba8,0x00000000fe280000)
  to   space 23552K, 0% used [0x00000000fe500000,0x00000000fe500000,0x00000000ffc00000)
 ParOldGen       total 253952K, used 177698K [0x00000000d0000000, 0x00000000df800000, 0x00000000f0000000)
  object space 253952K, 69% used [0x00000000d0000000,0x00000000dad88920,0x00000000df800000)
 Metaspace       used 90561K, capacity 93224K, committed 93388K, reserved 1132544K
  class space    used 9381K, capacity 10164K, committed 10240K, reserved 1048576K
}

