# JRE version: Java(TM) SE Runtime Environment (8.0_25-b18) (build 1.8.0_25-b18)
# Java VM: Java HotSpot(TM) 64-Bit Server VM (25.25-b02 mixed mode windows-amd64 compressed oops)
Heap:
 PSYoungGen      total 217088K, used 151449K [0x00000000f0000000, 0x0000000100000000, 0x0000000100000000)
  eden space 174080K, 71% used [0x00000000f0000000,0x00000000f7935f98,0x00000000faa00000)
  from space 43008K, 63% used [0x00000000fd500000,0x00000000fefb0718,0x00000000fff00000)
  to   space 44032K, 0% used [0x00000000faa00000,0x00000000faa00000,0x00000000fd500000)
 ParOldGen       total 278528K, used 173028K [0x00000000d0000000, 0x00000000e1000000, 0x00000000f0000000)
  object space 278528K, 62% used [0x00000000d0000000,0x00000000da8f9308,0x00000000e1000000)
 Metaspace       used 95804K, capacity 99116K, committed 99328K, reserved 1136640K
  class space    used 10172K, capacity 11170K, committed 11264K, reserved 1048576K
GC Heap History (10 events):
Event: 85.808 GC heap before
{Heap before GC invocations=77 (full 5):
 PSYoungGen      total 204288K, used 168070K [0x00000000f0000000, 0x00000000ff800000, 0x0000000100000000)
  eden space 154112K, 100% used [0x00000000f0000000,0x00000000f9680000,0x00000000f9680000)
  from space 50176K, 27% used [0x00000000f9680000,0x00000000fa421bc0,0x00000000fc780000)
  to   space 47104K, 0% used [0x00000000fca00000,0x00000000fca00000,0x00000000ff800000)
 ParOldGen       total 278528K, used 173020K [0x00000000d0000000, 0x00000000e1000000, 0x00000000f0000000)
  object space 278528K, 62% used [0x00000000d0000000,0x00000000da8f7308,0x00000000e1000000)
 Metaspace       used 91215K, capacity 93922K, committed 93952K, reserved 1132544K
  class space    used 9687K, capacity 10485K, committed 10496K, reserved 1048576K
Event: 85.864 GC heap after
Heap after GC invocations=77 (full 5):
 PSYoungGen      total 207872K, used 17076K [0x00000000f0000000, 0x00000000ff680000, 0x0000000100000000)
  eden space 162304K, 0% used [0x00000000f0000000,0x00000000f0000000,0x00000000f9e80000)
  from space 45568K, 37% used [0x00000000fca00000,0x00000000fdaad2b8,0x00000000ff680000)
  to   space 44544K, 0% used [0x00000000f9e80000,0x00000000f9e80000,0x00000000fca00000)
 ParOldGen       total 278528K, used 173020K [0x00000000d0000000, 0x00000000e1000000, 0x00000000f0000000)
  object space 278528K, 62% used [0x00000000d0000000,0x00000000da8f7308,0x00000000e1000000)
 Metaspace       used 91215K, capacity 93922K, committed 93952K, reserved 1132544K
  class space    used 9687K, capacity 10485K, committed 10496K, reserved 1048576K
}
Event: 171.607 GC heap before
{Heap before GC invocations=78 (full 5):
 PSYoungGen      total 207872K, used 179380K [0x00000000f0000000, 0x00000000ff680000, 0x0000000100000000)
  eden space 162304K, 100% used [0x00000000f0000000,0x00000000f9e80000,0x00000000f9e80000)
  from space 45568K, 37% used [0x00000000fca00000,0x00000000fdaad2b8,0x00000000ff680000)
  to   space 44544K, 0% used [0x00000000f9e80000,0x00000000f9e80000,0x00000000fca00000)
 ParOldGen       total 278528K, used 173020K [0x00000000d0000000, 0x00000000e1000000, 0x00000000f0000000)
  object space 278528K, 62% used [0x00000000d0000000,0x00000000da8f7308,0x00000000e1000000)
 Metaspace       used 92348K, capacity 95098K, committed 95232K, reserved 1134592K
  class space    used 9804K, capacity 10643K, committed 10752K, reserved 1048576K
Event: 171.688 GC heap after
Heap after GC invocations=78 (full 5):
 PSYoungGen      total 206848K, used 22398K [0x00000000f0000000, 0x00000000ffc00000, 0x0000000100000000)
  eden space 162304K, 0% used [0x00000000f0000000,0x00000000f0000000,0x00000000f9e80000)
  from space 44544K, 50% used [0x00000000f9e80000,0x00000000fb45fb18,0x00000000fca00000)
  to   space 44032K, 0% used [0x00000000fd100000,0x00000000fd100000,0x00000000ffc00000)
 ParOldGen       total 278528K, used 173020K [0x00000000d0000000, 0x00000000e1000000, 0x00000000f0000000)
  object space 278528K, 62% used [0x00000000d0000000,0x00000000da8f7308,0x00000000e1000000)
 Metaspace       used 92348K, capacity 95098K, committed 95232K, reserved 1134592K
  class space    used 9804K, capacity 10643K, committed 10752K, reserved 1048576K
}
Event: 172.954 GC heap before
{Heap before GC invocations=79 (full 5):
 PSYoungGen      total 206848K, used 184702K [0x00000000f0000000, 0x00000000ffc00000, 0x0000000100000000)
  eden space 162304K, 100% used [0x00000000f0000000,0x00000000f9e80000,0x00000000f9e80000)
  from space 44544K, 50% used [0x00000000f9e80000,0x00000000fb45fb18,0x00000000fca00000)
  to   space 44032K, 0% used [0x00000000fd100000,0x00000000fd100000,0x00000000ffc00000)
 ParOldGen       total 278528K, used 173020K [0x00000000d0000000, 0x00000000e1000000, 0x00000000f0000000)
  object space 278528K, 62% used [0x00000000d0000000,0x00000000da8f7308,0x00000000e1000000)
 Metaspace       used 92615K, capacity 95332K, committed 95488K, reserved 1134592K
  class space    used 9836K, capacity 10676K, committed 10752K, reserved 1048576K
Event: 173.063 GC heap after
Heap after GC invocations=79 (full 5):
 PSYoungGen      total 215040K, used 21196K [0x00000000f0000000, 0x00000000ffd80000, 0x0000000100000000)
  eden space 171008K, 0% used [0x00000000f0000000,0x00000000f0000000,0x00000000fa700000)
  from space 44032K, 48% used [0x00000000fd100000,0x00000000fe5b31b0,0x00000000ffc00000)
  to   space 43008K, 0% used [0x00000000fa700000,0x00000000fa700000,0x00000000fd100000)
 ParOldGen       total 278528K, used 173020K [0x00000000d0000000, 0x00000000e1000000, 0x00000000f0000000)
  object space 278528K, 62% used [0x00000000d0000000,0x00000000da8f7308,0x00000000e1000000)
 Metaspace       used 92615K, capacity 95332K, committed 95488K, reserved 1134592K
  class space    used 9836K, capacity 10676K, committed 10752K, reserved 1048576K
}
Event: 306.254 GC heap before
{Heap before GC invocations=80 (full 5):
 PSYoungGen      total 215040K, used 192204K [0x00000000f0000000, 0x00000000ffd80000, 0x0000000100000000)
  eden space 171008K, 100% used [0x00000000f0000000,0x00000000fa700000,0x00000000fa700000)
  from space 44032K, 48% used [0x00000000fd100000,0x00000000fe5b31b0,0x00000000ffc00000)
  to   space 43008K, 0% used [0x00000000fa700000,0x00000000fa700000,0x00000000fd100000)
 ParOldGen       total 278528K, used 173020K [0x00000000d0000000, 0x00000000e1000000, 0x00000000f0000000)
  object space 278528K, 62% used [0x00000000d0000000,0x00000000da8f7308,0x00000000e1000000)
 Metaspace       used 94314K, capacity 97236K, committed 97536K, reserved 1136640K
  class space    used 10000K, capacity 10899K, committed 11008K, reserved 1048576K
Event: 306.299 GC heap after
Heap after GC invocations=80 (full 5):
 PSYoungGen      total 214016K, used 24317K [0x00000000f0000000, 0x00000000fff00000, 0x0000000100000000)
  eden space 171008K, 0% used [0x00000000f0000000,0x00000000f0000000,0x00000000fa700000)
  from space 43008K, 56% used [0x00000000fa700000,0x00000000fbebf408,0x00000000fd100000)
  to   space 43008K, 0% used [0x00000000fd500000,0x00000000fd500000,0x00000000fff00000)
 ParOldGen       total 278528K, used 173028K [0x00000000d0000000, 0x00000000e1000000, 0x00000000f0000000)
  object space 278528K, 62% used [0x00000000d0000000,0x00000000da8f9308,0x00000000e1000000)
 Metaspace       used 94314K, capacity 97236K, committed 97536K, reserved 1136640K
  class space    used 10000K, capacity 10899K, committed 11008K, reserved 1048576K
}
Event: 324.031 GC heap before
{Heap before GC invocations=81 (full 5):
 PSYoungGen      total 214016K, used 195325K [0x00000000f0000000, 0x00000000fff00000, 0x0000000100000000)
  eden space 171008K, 100% used [0x00000000f0000000,0x00000000fa700000,0x00000000fa700000)
  from space 43008K, 56% used [0x00000000fa700000,0x00000000fbebf408,0x00000000fd100000)
  to   space 43008K, 0% used [0x00000000fd500000,0x00000000fd500000,0x00000000fff00000)
 ParOldGen       total 278528K, used 173028K [0x00000000d0000000, 0x00000000e1000000, 0x00000000f0000000)
  object space 278528K, 62% used [0x00000000d0000000,0x00000000da8f9308,0x00000000e1000000)
 Metaspace       used 94885K, capacity 97856K, committed 98048K, reserved 1136640K
  class space    used 10049K, capacity 10984K, committed 11008K, reserved 1048576K
Event: 324.168 GC heap after
Heap after GC invocations=81 (full 5):
 PSYoungGen      total 217088K, used 27329K [0x00000000f0000000, 0x0000000100000000, 0x0000000100000000)
  eden space 174080K, 0% used [0x00000000f0000000,0x00000000f0000000,0x00000000faa00000)
  from space 43008K, 63% used [0x00000000fd500000,0x00000000fefb0718,0x00000000fff00000)
  to   space 44032K, 0% used [0x00000000faa00000,0x00000000faa00000,0x00000000fd500000)
 ParOldGen       total 278528K, used 173028K [0x00000000d0000000, 0x00000000e1000000, 0x00000000f0000000)
  object space 278528K, 62% used [0x00000000d0000000,0x00000000da8f9308,0x00000000e1000000)
 Metaspace       used 94885K, capacity 97856K, committed 98048K, reserved 1136640K
  class space    used 10049K, capacity 10984K, committed 11008K, reserved 1048576K
}

