# JRE version: Java(TM) SE Runtime Environment (8.0_25-b18) (build 1.8.0_25-b18)
# Java VM: Java HotSpot(TM) 64-Bit Server VM (25.25-b02 mixed mode windows-amd64 compressed oops)
Heap:
 PSYoungGen      total 220672K, used 162405K [0x00000000f0000000, 0x00000000ffd00000, 0x0000000100000000)
  eden space 184320K, 77% used [0x00000000f0000000,0x00000000f8bf9558,0x00000000fb400000)
  from space 36352K, 52% used [0x00000000fd980000,0x00000000fec20278,0x00000000ffd00000)
  to   space 37376K, 0% used [0x00000000fb400000,0x00000000fb400000,0x00000000fd880000)
 ParOldGen       total 199680K, used 181902K [0x00000000d0000000, 0x00000000dc300000, 0x00000000f0000000)
  object space 199680K, 91% used [0x00000000d0000000,0x00000000db1a38a8,0x00000000dc300000)
 Metaspace       used 102214K, capacity 106220K, committed 106484K, reserved 1144832K
  class space    used 10865K, capacity 12002K, committed 12076K, reserved 1048576K
GC Heap History (10 events):
Event: 354.533 GC heap before
{Heap before GC invocations=88 (full 4):
 PSYoungGen      total 211968K, used 190563K [0x00000000f0000000, 0x00000000fff00000, 0x0000000100000000)
  eden space 167424K, 100% used [0x00000000f0000000,0x00000000fa380000,0x00000000fa380000)
  from space 44544K, 51% used [0x00000000fa380000,0x00000000fba18e78,0x00000000fcf00000)
  to   space 43008K, 0% used [0x00000000fd500000,0x00000000fd500000,0x00000000fff00000)
 ParOldGen       total 199680K, used 171499K [0x00000000d0000000, 0x00000000dc300000, 0x00000000f0000000)
  object space 199680K, 85% used [0x00000000d0000000,0x00000000da77aed8,0x00000000dc300000)
 Metaspace       used 95545K, capacity 98720K, committed 98932K, reserved 1136640K
  class space    used 10110K, capacity 11090K, committed 11180K, reserved 1048576K
Event: 354.585 GC heap after
Heap after GC invocations=88 (full 4):
 PSYoungGen      total 215040K, used 28401K [0x00000000f0000000, 0x00000000ffd80000, 0x0000000100000000)
  eden space 173568K, 0% used [0x00000000f0000000,0x00000000f0000000,0x00000000fa980000)
  from space 41472K, 68% used [0x00000000fd500000,0x00000000ff0bc760,0x00000000ffd80000)
  to   space 43008K, 0% used [0x00000000fa980000,0x00000000fa980000,0x00000000fd380000)
 ParOldGen       total 199680K, used 171676K [0x00000000d0000000, 0x00000000dc300000, 0x00000000f0000000)
  object space 199680K, 85% used [0x00000000d0000000,0x00000000da7a7250,0x00000000dc300000)
 Metaspace       used 95545K, capacity 98720K, committed 98932K, reserved 1136640K
  class space    used 10110K, capacity 11090K, committed 11180K, reserved 1048576K
}
Event: 356.769 GC heap before
{Heap before GC invocations=89 (full 4):
 PSYoungGen      total 215040K, used 201969K [0x00000000f0000000, 0x00000000ffd80000, 0x0000000100000000)
  eden space 173568K, 100% used [0x00000000f0000000,0x00000000fa980000,0x00000000fa980000)
  from space 41472K, 68% used [0x00000000fd500000,0x00000000ff0bc760,0x00000000ffd80000)
  to   space 43008K, 0% used [0x00000000fa980000,0x00000000fa980000,0x00000000fd380000)
 ParOldGen       total 199680K, used 171676K [0x00000000d0000000, 0x00000000dc300000, 0x00000000f0000000)
  object space 199680K, 85% used [0x00000000d0000000,0x00000000da7a7250,0x00000000dc300000)
 Metaspace       used 95568K, capacity 98784K, committed 98932K, reserved 1136640K
  class space    used 10110K, capacity 11090K, committed 11180K, reserved 1048576K
Event: 356.810 GC heap after
Heap after GC invocations=89 (full 4):
 PSYoungGen      total 216576K, used 22389K [0x00000000f0000000, 0x00000000ffd80000, 0x0000000100000000)
  eden space 173568K, 0% used [0x00000000f0000000,0x00000000f0000000,0x00000000fa980000)
  from space 43008K, 52% used [0x00000000fa980000,0x00000000fbf5d548,0x00000000fd380000)
  to   space 40960K, 0% used [0x00000000fd580000,0x00000000fd580000,0x00000000ffd80000)
 ParOldGen       total 199680K, used 174680K [0x00000000d0000000, 0x00000000dc300000, 0x00000000f0000000)
  object space 199680K, 87% used [0x00000000d0000000,0x00000000daa96060,0x00000000dc300000)
 Metaspace       used 95568K, capacity 98784K, committed 98932K, reserved 1136640K
  class space    used 10110K, capacity 11090K, committed 11180K, reserved 1048576K
}
Event: 411.324 GC heap before
{Heap before GC invocations=90 (full 4):
 PSYoungGen      total 216576K, used 195957K [0x00000000f0000000, 0x00000000ffd80000, 0x0000000100000000)
  eden space 173568K, 100% used [0x00000000f0000000,0x00000000fa980000,0x00000000fa980000)
  from space 43008K, 52% used [0x00000000fa980000,0x00000000fbf5d548,0x00000000fd380000)
  to   space 40960K, 0% used [0x00000000fd580000,0x00000000fd580000,0x00000000ffd80000)
 ParOldGen       total 199680K, used 174680K [0x00000000d0000000, 0x00000000dc300000, 0x00000000f0000000)
  object space 199680K, 87% used [0x00000000d0000000,0x00000000daa96060,0x00000000dc300000)
 Metaspace       used 96841K, capacity 100240K, committed 100596K, reserved 1138688K
  class space    used 10192K, capacity 11195K, committed 11308K, reserved 1048576K
Event: 411.367 GC heap after
Heap after GC invocations=90 (full 4):
 PSYoungGen      total 216576K, used 21994K [0x00000000f0000000, 0x00000000ffb00000, 0x0000000100000000)
  eden space 178176K, 0% used [0x00000000f0000000,0x00000000f0000000,0x00000000fae00000)
  from space 38400K, 57% used [0x00000000fd580000,0x00000000feafab18,0x00000000ffb00000)
  to   space 39424K, 0% used [0x00000000fae00000,0x00000000fae00000,0x00000000fd480000)
 ParOldGen       total 199680K, used 177142K [0x00000000d0000000, 0x00000000dc300000, 0x00000000f0000000)
  object space 199680K, 88% used [0x00000000d0000000,0x00000000dacfd898,0x00000000dc300000)
 Metaspace       used 96841K, capacity 100240K, committed 100596K, reserved 1138688K
  class space    used 10192K, capacity 11195K, committed 11308K, reserved 1048576K
}
Event: 413.772 GC heap before
{Heap before GC invocations=91 (full 4):
 PSYoungGen      total 216576K, used 200170K [0x00000000f0000000, 0x00000000ffb00000, 0x0000000100000000)
  eden space 178176K, 100% used [0x00000000f0000000,0x00000000fae00000,0x00000000fae00000)
  from space 38400K, 57% used [0x00000000fd580000,0x00000000feafab18,0x00000000ffb00000)
  to   space 39424K, 0% used [0x00000000fae00000,0x00000000fae00000,0x00000000fd480000)
 ParOldGen       total 199680K, used 177142K [0x00000000d0000000, 0x00000000dc300000, 0x00000000f0000000)
  object space 199680K, 88% used [0x00000000d0000000,0x00000000dacfd898,0x00000000dc300000)
 Metaspace       used 96896K, capacity 100316K, committed 100596K, reserved 1138688K
  class space    used 10194K, capacity 11197K, committed 11308K, reserved 1048576K
Event: 413.940 GC heap after
Heap after GC invocations=91 (full 4):
 PSYoungGen      total 217600K, used 19927K [0x00000000f0000000, 0x00000000fff00000, 0x0000000100000000)
  eden space 178176K, 0% used [0x00000000f0000000,0x00000000f0000000,0x00000000fae00000)
  from space 39424K, 50% used [0x00000000fae00000,0x00000000fc175e60,0x00000000fd480000)
  to   space 38400K, 0% used [0x00000000fd980000,0x00000000fd980000,0x00000000fff00000)
 ParOldGen       total 199680K, used 179502K [0x00000000d0000000, 0x00000000dc300000, 0x00000000f0000000)
  object space 199680K, 89% used [0x00000000d0000000,0x00000000daf4bbf8,0x00000000dc300000)
 Metaspace       used 96896K, capacity 100316K, committed 100596K, reserved 1138688K
  class space    used 10194K, capacity 11197K, committed 11308K, reserved 1048576K
}
Event: 419.133 GC heap before
{Heap before GC invocations=92 (full 4):
 PSYoungGen      total 217600K, used 188756K [0x00000000f0000000, 0x00000000fff00000, 0x0000000100000000)
  eden space 178176K, 94% used [0x00000000f0000000,0x00000000fa4df508,0x00000000fae00000)
  from space 39424K, 50% used [0x00000000fae00000,0x00000000fc175e60,0x00000000fd480000)
  to   space 38400K, 0% used [0x00000000fd980000,0x00000000fd980000,0x00000000fff00000)
 ParOldGen       total 199680K, used 179502K [0x00000000d0000000, 0x00000000dc300000, 0x00000000f0000000)
  object space 199680K, 89% used [0x00000000d0000000,0x00000000daf4bbf8,0x00000000dc300000)
 Metaspace       used 100403K, capacity 104020K, committed 104180K, reserved 1142784K
  class space    used 10627K, capacity 11709K, committed 11820K, reserved 1048576K
Event: 419.159 GC heap after
Heap after GC invocations=92 (full 4):
 PSYoungGen      total 220672K, used 19072K [0x00000000f0000000, 0x00000000ffd00000, 0x0000000100000000)
  eden space 184320K, 0% used [0x00000000f0000000,0x00000000f0000000,0x00000000fb400000)
  from space 36352K, 52% used [0x00000000fd980000,0x00000000fec20278,0x00000000ffd00000)
  to   space 37376K, 0% used [0x00000000fb400000,0x00000000fb400000,0x00000000fd880000)
 ParOldGen       total 199680K, used 181902K [0x00000000d0000000, 0x00000000dc300000, 0x00000000f0000000)
  object space 199680K, 91% used [0x00000000d0000000,0x00000000db1a38a8,0x00000000dc300000)
 Metaspace       used 100403K, capacity 104020K, committed 104180K, reserved 1142784K
  class space    used 10627K, capacity 11709K, committed 11820K, reserved 1048576K
}

