# JRE version: Java(TM) SE Runtime Environment (8.0_25-b18) (build 1.8.0_25-b18)
# Java VM: Java HotSpot(TM) 64-Bit Server VM (25.25-b02 mixed mode windows-amd64 compressed oops)
Heap:
 PSYoungGen      total 179712K, used 37641K [0x00000000f0000000, 0x00000000fd380000, 0x0000000100000000)
  eden space 145920K, 6% used [0x00000000f0000000,0x00000000f08eb960,0x00000000f8e80000)
  from space 33792K, 84% used [0x00000000fb100000,0x00000000fccd6cd8,0x00000000fd200000)
  to   space 35328K, 0% used [0x00000000f8e80000,0x00000000f8e80000,0x00000000fb100000)
 ParOldGen       total 247296K, used 181908K [0x00000000d0000000, 0x00000000df180000, 0x00000000f0000000)
  object space 247296K, 73% used [0x00000000d0000000,0x00000000db1a51e0,0x00000000df180000)
 Metaspace       used 107432K, capacity 112402K, committed 112588K, reserved 1148928K
  class space    used 11095K, capacity 12720K, committed 12748K, reserved 1048576K
GC Heap History (10 events):
Event: 4251.374 GC heap before
{Heap before GC invocations=91 (full 5):
 PSYoungGen      total 160768K, used 160740K [0x00000000f0000000, 0x00000000fca80000, 0x0000000100000000)
  eden space 142848K, 100% used [0x00000000f0000000,0x00000000f8b80000,0x00000000f8b80000)
  from space 17920K, 99% used [0x00000000f9000000,0x00000000fa179158,0x00000000fa180000)
  to   space 32256K, 0% used [0x00000000fab00000,0x00000000fab00000,0x00000000fca80000)
 ParOldGen       total 247296K, used 178497K [0x00000000d0000000, 0x00000000df180000, 0x00000000f0000000)
  object space 247296K, 72% used [0x00000000d0000000,0x00000000dae506c8,0x00000000df180000)
 Metaspace       used 105200K, capacity 109856K, committed 110028K, reserved 1146880K
  class space    used 10890K, capacity 12434K, committed 12492K, reserved 1048576K
Event: 4251.414 GC heap after
Heap after GC invocations=91 (full 5):
 PSYoungGen      total 163840K, used 19494K [0x00000000f0000000, 0x00000000fc400000, 0x0000000100000000)
  eden space 138240K, 0% used [0x00000000f0000000,0x00000000f0000000,0x00000000f8700000)
  from space 25600K, 76% used [0x00000000fab00000,0x00000000fbe09870,0x00000000fc400000)
  to   space 31232K, 0% used [0x00000000f8700000,0x00000000f8700000,0x00000000fa580000)
 ParOldGen       total 247296K, used 179233K [0x00000000d0000000, 0x00000000df180000, 0x00000000f0000000)
  object space 247296K, 72% used [0x00000000d0000000,0x00000000daf08748,0x00000000df180000)
 Metaspace       used 105200K, capacity 109856K, committed 110028K, reserved 1146880K
  class space    used 10890K, capacity 12434K, committed 12492K, reserved 1048576K
}
Event: 4318.007 GC heap before
{Heap before GC invocations=92 (full 5):
 PSYoungGen      total 163840K, used 157734K [0x00000000f0000000, 0x00000000fc400000, 0x0000000100000000)
  eden space 138240K, 100% used [0x00000000f0000000,0x00000000f8700000,0x00000000f8700000)
  from space 25600K, 76% used [0x00000000fab00000,0x00000000fbe09870,0x00000000fc400000)
  to   space 31232K, 0% used [0x00000000f8700000,0x00000000f8700000,0x00000000fa580000)
 ParOldGen       total 247296K, used 179233K [0x00000000d0000000, 0x00000000df180000, 0x00000000f0000000)
  object space 247296K, 72% used [0x00000000d0000000,0x00000000daf08748,0x00000000df180000)
 Metaspace       used 105289K, capacity 109984K, committed 110284K, reserved 1146880K
  class space    used 10893K, capacity 12434K, committed 12492K, reserved 1048576K
Event: 4318.077 GC heap after
Heap after GC invocations=92 (full 5):
 PSYoungGen      total 152576K, used 18216K [0x00000000f0000000, 0x00000000fbe00000, 0x0000000100000000)
  eden space 134144K, 0% used [0x00000000f0000000,0x00000000f0000000,0x00000000f8300000)
  from space 18432K, 98% used [0x00000000f8700000,0x00000000f98ca318,0x00000000f9900000)
  to   space 30208K, 0% used [0x00000000fa080000,0x00000000fa080000,0x00000000fbe00000)
 ParOldGen       total 247296K, used 179807K [0x00000000d0000000, 0x00000000df180000, 0x00000000f0000000)
  object space 247296K, 72% used [0x00000000d0000000,0x00000000daf97f40,0x00000000df180000)
 Metaspace       used 105289K, capacity 109984K, committed 110284K, reserved 1146880K
  class space    used 10893K, capacity 12434K, committed 12492K, reserved 1048576K
}
Event: 4320.980 GC heap before
{Heap before GC invocations=93 (full 5):
 PSYoungGen      total 152576K, used 152360K [0x00000000f0000000, 0x00000000fbe00000, 0x0000000100000000)
  eden space 134144K, 100% used [0x00000000f0000000,0x00000000f8300000,0x00000000f8300000)
  from space 18432K, 98% used [0x00000000f8700000,0x00000000f98ca318,0x00000000f9900000)
  to   space 30208K, 0% used [0x00000000fa080000,0x00000000fa080000,0x00000000fbe00000)
 ParOldGen       total 247296K, used 179807K [0x00000000d0000000, 0x00000000df180000, 0x00000000f0000000)
  object space 247296K, 72% used [0x00000000d0000000,0x00000000daf97f40,0x00000000df180000)
 Metaspace       used 106167K, capacity 110822K, committed 110924K, reserved 1146880K
  class space    used 10975K, capacity 12541K, committed 12620K, reserved 1048576K
Event: 4321.299 GC heap after
Heap after GC invocations=93 (full 5):
 PSYoungGen      total 162816K, used 26207K [0x00000000f0000000, 0x00000000fca00000, 0x0000000100000000)
  eden space 132608K, 0% used [0x00000000f0000000,0x00000000f0000000,0x00000000f8180000)
  from space 30208K, 86% used [0x00000000fa080000,0x00000000fba17e78,0x00000000fbe00000)
  to   space 31744K, 0% used [0x00000000f8180000,0x00000000f8180000,0x00000000fa080000)
 ParOldGen       total 247296K, used 180436K [0x00000000d0000000, 0x00000000df180000, 0x00000000f0000000)
  object space 247296K, 72% used [0x00000000d0000000,0x00000000db035160,0x00000000df180000)
 Metaspace       used 106167K, capacity 110822K, committed 110924K, reserved 1146880K
  class space    used 10975K, capacity 12541K, committed 12620K, reserved 1048576K
}
Event: 4323.134 GC heap before
{Heap before GC invocations=94 (full 5):
 PSYoungGen      total 162816K, used 158815K [0x00000000f0000000, 0x00000000fca00000, 0x0000000100000000)
  eden space 132608K, 100% used [0x00000000f0000000,0x00000000f8180000,0x00000000f8180000)
  from space 30208K, 86% used [0x00000000fa080000,0x00000000fba17e78,0x00000000fbe00000)
  to   space 31744K, 0% used [0x00000000f8180000,0x00000000f8180000,0x00000000fa080000)
 ParOldGen       total 247296K, used 180436K [0x00000000d0000000, 0x00000000df180000, 0x00000000f0000000)
  object space 247296K, 72% used [0x00000000d0000000,0x00000000db035160,0x00000000df180000)
 Metaspace       used 106416K, capacity 111046K, committed 111180K, reserved 1148928K
  class space    used 10985K, capacity 12546K, committed 12620K, reserved 1048576K
Event: 4323.560 GC heap after
Heap after GC invocations=94 (full 5):
 PSYoungGen      total 164352K, used 29607K [0x00000000f0000000, 0x00000000fd200000, 0x0000000100000000)
  eden space 132608K, 0% used [0x00000000f0000000,0x00000000f0000000,0x00000000f8180000)
  from space 31744K, 93% used [0x00000000f8180000,0x00000000f9e69cd8,0x00000000fa080000)
  to   space 33792K, 0% used [0x00000000fb100000,0x00000000fb100000,0x00000000fd200000)
 ParOldGen       total 247296K, used 180740K [0x00000000d0000000, 0x00000000df180000, 0x00000000f0000000)
  object space 247296K, 73% used [0x00000000d0000000,0x00000000db0811a0,0x00000000df180000)
 Metaspace       used 106416K, capacity 111046K, committed 111180K, reserved 1148928K
  class space    used 10985K, capacity 12546K, committed 12620K, reserved 1048576K
}
Event: 4358.933 GC heap before
{Heap before GC invocations=95 (full 5):
 PSYoungGen      total 164352K, used 162215K [0x00000000f0000000, 0x00000000fd200000, 0x0000000100000000)
  eden space 132608K, 100% used [0x00000000f0000000,0x00000000f8180000,0x00000000f8180000)
  from space 31744K, 93% used [0x00000000f8180000,0x00000000f9e69cd8,0x00000000fa080000)
  to   space 33792K, 0% used [0x00000000fb100000,0x00000000fb100000,0x00000000fd200000)
 ParOldGen       total 247296K, used 180740K [0x00000000d0000000, 0x00000000df180000, 0x00000000f0000000)
  object space 247296K, 73% used [0x00000000d0000000,0x00000000db0811a0,0x00000000df180000)
 Metaspace       used 107043K, capacity 111846K, committed 112076K, reserved 1148928K
  class space    used 11049K, capacity 12638K, committed 12748K, reserved 1048576K
Event: 4358.969 GC heap after
Heap after GC invocations=95 (full 5):
 PSYoungGen      total 179712K, used 28507K [0x00000000f0000000, 0x00000000fd380000, 0x0000000100000000)
  eden space 145920K, 0% used [0x00000000f0000000,0x00000000f0000000,0x00000000f8e80000)
  from space 33792K, 84% used [0x00000000fb100000,0x00000000fccd6cd8,0x00000000fd200000)
  to   space 35328K, 0% used [0x00000000f8e80000,0x00000000f8e80000,0x00000000fb100000)
 ParOldGen       total 247296K, used 181908K [0x00000000d0000000, 0x00000000df180000, 0x00000000f0000000)
  object space 247296K, 73% used [0x00000000d0000000,0x00000000db1a51e0,0x00000000df180000)
 Metaspace       used 107043K, capacity 111846K, committed 112076K, reserved 1148928K
  class space    used 11049K, capacity 12638K, committed 12748K, reserved 1048576K
}

