# JRE version: Java(TM) SE Runtime Environment (8.0_25-b18) (build 1.8.0_25-b18)
# Java VM: Java HotSpot(TM) 64-Bit Server VM (25.25-b02 mixed mode windows-amd64 compressed oops)
Heap:
 PSYoungGen      total 230912K, used 77547K [0x00000000f0000000, 0x0000000100000000, 0x0000000100000000)
  eden space 199680K, 23% used [0x00000000f0000000,0x00000000f2d3ef38,0x00000000fc300000)
  from space 31232K, 99% used [0x00000000fc300000,0x00000000fe17bef8,0x00000000fe180000)
  to   space 31232K, 0% used [0x00000000fe180000,0x00000000fe180000,0x0000000100000000)
 ParOldGen       total 312320K, used 155220K [0x00000000d0000000, 0x00000000e3100000, 0x00000000f0000000)
  object space 312320K, 49% used [0x00000000d0000000,0x00000000d97951c0,0x00000000e3100000)
 Metaspace       used 95534K, capacity 98814K, committed 99328K, reserved 1136640K
  class space    used 9921K, capacity 10934K, committed 11264K, reserved 1048576K
GC Heap History (10 events):
Event: 1759.635 GC heap before
{Heap before GC invocations=93 (full 6):
 PSYoungGen      total 194560K, used 174298K [0x00000000f0000000, 0x00000000fea80000, 0x0000000100000000)
  eden space 161280K, 100% used [0x00000000f0000000,0x00000000f9d80000,0x00000000f9d80000)
  from space 33280K, 39% used [0x00000000fbc80000,0x00000000fc936ba8,0x00000000fdd00000)
  to   space 31744K, 0% used [0x00000000f9d80000,0x00000000f9d80000,0x00000000fbc80000)
 ParOldGen       total 312320K, used 154418K [0x00000000d0000000, 0x00000000e3100000, 0x00000000f0000000)
  object space 312320K, 49% used [0x00000000d0000000,0x00000000d96cc8e0,0x00000000e3100000)
 Metaspace       used 92243K, capacity 95024K, committed 98600K, reserved 1136640K
  class space    used 9550K, capacity 10352K, committed 11136K, reserved 1048576K
Event: 1759.957 GC heap after
Heap after GC invocations=93 (full 6):
 PSYoungGen      total 193024K, used 13386K [0x00000000f0000000, 0x00000000ff380000, 0x0000000100000000)
  eden space 161280K, 0% used [0x00000000f0000000,0x00000000f0000000,0x00000000f9d80000)
  from space 31744K, 42% used [0x00000000f9d80000,0x00000000faa92b98,0x00000000fbc80000)
  to   space 30720K, 0% used [0x00000000fd580000,0x00000000fd580000,0x00000000ff380000)
 ParOldGen       total 312320K, used 154418K [0x00000000d0000000, 0x00000000e3100000, 0x00000000f0000000)
  object space 312320K, 49% used [0x00000000d0000000,0x00000000d96cc8e0,0x00000000e3100000)
 Metaspace       used 92243K, capacity 95024K, committed 98600K, reserved 1136640K
  class space    used 9550K, capacity 10352K, committed 11136K, reserved 1048576K
}
Event: 1760.271 GC heap before
{Heap before GC invocations=94 (full 6):
 PSYoungGen      total 193024K, used 174666K [0x00000000f0000000, 0x00000000ff380000, 0x0000000100000000)
  eden space 161280K, 100% used [0x00000000f0000000,0x00000000f9d80000,0x00000000f9d80000)
  from space 31744K, 42% used [0x00000000f9d80000,0x00000000faa92b98,0x00000000fbc80000)
  to   space 30720K, 0% used [0x00000000fd580000,0x00000000fd580000,0x00000000ff380000)
 ParOldGen       total 312320K, used 154418K [0x00000000d0000000, 0x00000000e3100000, 0x00000000f0000000)
  object space 312320K, 49% used [0x00000000d0000000,0x00000000d96cc8e0,0x00000000e3100000)
 Metaspace       used 92247K, capacity 95024K, committed 98600K, reserved 1136640K
  class space    used 9550K, capacity 10352K, committed 11136K, reserved 1048576K
Event: 1760.762 GC heap after
Heap after GC invocations=94 (full 6):
 PSYoungGen      total 219648K, used 13834K [0x00000000f0000000, 0x00000000ff380000, 0x0000000100000000)
  eden space 188928K, 0% used [0x00000000f0000000,0x00000000f0000000,0x00000000fb880000)
  from space 30720K, 45% used [0x00000000fd580000,0x00000000fe302bb8,0x00000000ff380000)
  to   space 29696K, 0% used [0x00000000fb880000,0x00000000fb880000,0x00000000fd580000)
 ParOldGen       total 312320K, used 154426K [0x00000000d0000000, 0x00000000e3100000, 0x00000000f0000000)
  object space 312320K, 49% used [0x00000000d0000000,0x00000000d96ce8e0,0x00000000e3100000)
 Metaspace       used 92247K, capacity 95024K, committed 98600K, reserved 1136640K
  class space    used 9550K, capacity 10352K, committed 11136K, reserved 1048576K
}
Event: 1761.983 GC heap before
{Heap before GC invocations=95 (full 6):
 PSYoungGen      total 219648K, used 202762K [0x00000000f0000000, 0x00000000ff380000, 0x0000000100000000)
  eden space 188928K, 100% used [0x00000000f0000000,0x00000000fb880000,0x00000000fb880000)
  from space 30720K, 45% used [0x00000000fd580000,0x00000000fe302bb8,0x00000000ff380000)
  to   space 29696K, 0% used [0x00000000fb880000,0x00000000fb880000,0x00000000fd580000)
 ParOldGen       total 312320K, used 154426K [0x00000000d0000000, 0x00000000e3100000, 0x00000000f0000000)
  object space 312320K, 49% used [0x00000000d0000000,0x00000000d96ce8e0,0x00000000e3100000)
 Metaspace       used 92522K, capacity 95358K, committed 98600K, reserved 1136640K
  class space    used 9580K, capacity 10411K, committed 11136K, reserved 1048576K
Event: 1762.017 GC heap after
Heap after GC invocations=95 (full 6):
 PSYoungGen      total 218624K, used 17654K [0x00000000f0000000, 0x00000000ffe00000, 0x0000000100000000)
  eden space 188928K, 0% used [0x00000000f0000000,0x00000000f0000000,0x00000000fb880000)
  from space 29696K, 59% used [0x00000000fb880000,0x00000000fc9bdba8,0x00000000fd580000)
  to   space 29184K, 0% used [0x00000000fe180000,0x00000000fe180000,0x00000000ffe00000)
 ParOldGen       total 312320K, used 154426K [0x00000000d0000000, 0x00000000e3100000, 0x00000000f0000000)
  object space 312320K, 49% used [0x00000000d0000000,0x00000000d96ce8e0,0x00000000e3100000)
 Metaspace       used 92522K, capacity 95358K, committed 98600K, reserved 1136640K
  class space    used 9580K, capacity 10411K, committed 11136K, reserved 1048576K
}
Event: 1795.700 GC heap before
{Heap before GC invocations=96 (full 6):
 PSYoungGen      total 218624K, used 206582K [0x00000000f0000000, 0x00000000ffe00000, 0x0000000100000000)
  eden space 188928K, 100% used [0x00000000f0000000,0x00000000fb880000,0x00000000fb880000)
  from space 29696K, 59% used [0x00000000fb880000,0x00000000fc9bdba8,0x00000000fd580000)
  to   space 29184K, 0% used [0x00000000fe180000,0x00000000fe180000,0x00000000ffe00000)
 ParOldGen       total 312320K, used 154426K [0x00000000d0000000, 0x00000000e3100000, 0x00000000f0000000)
  object space 312320K, 49% used [0x00000000d0000000,0x00000000d96ce8e0,0x00000000e3100000)
 Metaspace       used 92851K, capacity 95766K, committed 98600K, reserved 1136640K
  class space    used 9627K, capacity 10500K, committed 11136K, reserved 1048576K
Event: 1795.743 GC heap after
Heap after GC invocations=96 (full 6):
 PSYoungGen      total 228864K, used 25415K [0x00000000f0000000, 0x0000000100000000, 0x0000000100000000)
  eden space 199680K, 0% used [0x00000000f0000000,0x00000000f0000000,0x00000000fc300000)
  from space 29184K, 87% used [0x00000000fe180000,0x00000000ffa51c68,0x00000000ffe00000)
  to   space 31232K, 0% used [0x00000000fc300000,0x00000000fc300000,0x00000000fe180000)
 ParOldGen       total 312320K, used 154426K [0x00000000d0000000, 0x00000000e3100000, 0x00000000f0000000)
  object space 312320K, 49% used [0x00000000d0000000,0x00000000d96ce8e0,0x00000000e3100000)
 Metaspace       used 92851K, capacity 95766K, committed 98600K, reserved 1136640K
  class space    used 9627K, capacity 10500K, committed 11136K, reserved 1048576K
}
Event: 1868.620 GC heap before
{Heap before GC invocations=97 (full 6):
 PSYoungGen      total 228864K, used 225095K [0x00000000f0000000, 0x0000000100000000, 0x0000000100000000)
  eden space 199680K, 100% used [0x00000000f0000000,0x00000000fc300000,0x00000000fc300000)
  from space 29184K, 87% used [0x00000000fe180000,0x00000000ffa51c68,0x00000000ffe00000)
  to   space 31232K, 0% used [0x00000000fc300000,0x00000000fc300000,0x00000000fe180000)
 ParOldGen       total 312320K, used 154426K [0x00000000d0000000, 0x00000000e3100000, 0x00000000f0000000)
  object space 312320K, 49% used [0x00000000d0000000,0x00000000d96ce8e0,0x00000000e3100000)
 Metaspace       used 94756K, capacity 97792K, committed 99112K, reserved 1136640K
  class space    used 9813K, capacity 10784K, committed 11136K, reserved 1048576K
Event: 1868.692 GC heap after
Heap after GC invocations=97 (full 6):
 PSYoungGen      total 230912K, used 31215K [0x00000000f0000000, 0x0000000100000000, 0x0000000100000000)
  eden space 199680K, 0% used [0x00000000f0000000,0x00000000f0000000,0x00000000fc300000)
  from space 31232K, 99% used [0x00000000fc300000,0x00000000fe17bef8,0x00000000fe180000)
  to   space 31232K, 0% used [0x00000000fe180000,0x00000000fe180000,0x0000000100000000)
 ParOldGen       total 312320K, used 155220K [0x00000000d0000000, 0x00000000e3100000, 0x00000000f0000000)
  object space 312320K, 49% used [0x00000000d0000000,0x00000000d97951c0,0x00000000e3100000)
 Metaspace       used 94756K, capacity 97792K, committed 99112K, reserved 1136640K
  class space    used 9813K, capacity 10784K, committed 11136K, reserved 1048576K
}

