# JRE version: Java(TM) SE Runtime Environment (8.0_25-b18) (build 1.8.0_25-b18)
# Java VM: Java HotSpot(TM) 64-Bit Server VM (25.25-b02 mixed mode windows-amd64 compressed oops)
Heap:
 PSYoungGen      total 225280K, used 104213K [0x00000000f0000000, 0x00000000ffe00000, 0x0000000100000000)
  eden space 195584K, 41% used [0x00000000f0000000,0x00000000f4ff7010,0x00000000fbf00000)
  from space 29696K, 75% used [0x00000000fbf00000,0x00000000fd4ce720,0x00000000fdc00000)
  to   space 30208K, 0% used [0x00000000fe080000,0x00000000fe080000,0x00000000ffe00000)
 ParOldGen       total 286208K, used 198780K [0x00000000d0000000, 0x00000000e1780000, 0x00000000f0000000)
  object space 286208K, 69% used [0x00000000d0000000,0x00000000dc21f200,0x00000000e1780000)
 Metaspace       used 185187K, capacity 190776K, committed 192600K, reserved 1224704K
  class space    used 14642K, capacity 16264K, committed 17024K, reserved 1048576K
GC Heap History (10 events):
Event: 3250.230 GC heap before
{Heap before GC invocations=135 (full 6):
 PSYoungGen      total 219136K, used 206336K [0x00000000f0000000, 0x00000000ff400000, 0x0000000100000000)
  eden space 187904K, 100% used [0x00000000f0000000,0x00000000fb780000,0x00000000fb780000)
  from space 31232K, 59% used [0x00000000fd500000,0x00000000fe700000,0x00000000ff380000)
  to   space 30208K, 0% used [0x00000000fb780000,0x00000000fb780000,0x00000000fd500000)
 ParOldGen       total 286208K, used 197322K [0x00000000d0000000, 0x00000000e1780000, 0x00000000f0000000)
  object space 286208K, 68% used [0x00000000d0000000,0x00000000dc0b2a20,0x00000000e1780000)
 Metaspace       used 168339K, capacity 173362K, committed 176216K, reserved 1210368K
  class space    used 13644K, capacity 15117K, committed 16000K, reserved 1048576K
Event: 3250.267 GC heap after
Heap after GC invocations=135 (full 6):
 PSYoungGen      total 218112K, used 20300K [0x00000000f0000000, 0x00000000ff680000, 0x0000000100000000)
  eden space 187904K, 0% used [0x00000000f0000000,0x00000000f0000000,0x00000000fb780000)
  from space 30208K, 67% used [0x00000000fb780000,0x00000000fcb53198,0x00000000fd500000)
  to   space 30208K, 0% used [0x00000000fd900000,0x00000000fd900000,0x00000000ff680000)
 ParOldGen       total 286208K, used 197482K [0x00000000d0000000, 0x00000000e1780000, 0x00000000f0000000)
  object space 286208K, 68% used [0x00000000d0000000,0x00000000dc0daa20,0x00000000e1780000)
 Metaspace       used 168339K, capacity 173362K, committed 176216K, reserved 1210368K
  class space    used 13644K, capacity 15117K, committed 16000K, reserved 1048576K
}
Event: 3256.229 GC heap before
{Heap before GC invocations=136 (full 6):
 PSYoungGen      total 218112K, used 208204K [0x00000000f0000000, 0x00000000ff680000, 0x0000000100000000)
  eden space 187904K, 100% used [0x00000000f0000000,0x00000000fb780000,0x00000000fb780000)
  from space 30208K, 67% used [0x00000000fb780000,0x00000000fcb53198,0x00000000fd500000)
  to   space 30208K, 0% used [0x00000000fd900000,0x00000000fd900000,0x00000000ff680000)
 ParOldGen       total 286208K, used 197482K [0x00000000d0000000, 0x00000000e1780000, 0x00000000f0000000)
  object space 286208K, 68% used [0x00000000d0000000,0x00000000dc0daa20,0x00000000e1780000)
 Metaspace       used 172225K, capacity 177254K, committed 180056K, reserved 1212416K
  class space    used 13854K, capacity 15345K, committed 16256K, reserved 1048576K
Event: 3256.273 GC heap after
Heap after GC invocations=136 (full 6):
 PSYoungGen      total 222208K, used 21219K [0x00000000f0000000, 0x00000000ff680000, 0x0000000100000000)
  eden space 192000K, 0% used [0x00000000f0000000,0x00000000f0000000,0x00000000fbb80000)
  from space 30208K, 70% used [0x00000000fd900000,0x00000000fedb8fe8,0x00000000ff680000)
  to   space 30208K, 0% used [0x00000000fbb80000,0x00000000fbb80000,0x00000000fd900000)
 ParOldGen       total 286208K, used 197754K [0x00000000d0000000, 0x00000000e1780000, 0x00000000f0000000)
  object space 286208K, 69% used [0x00000000d0000000,0x00000000dc11ea60,0x00000000e1780000)
 Metaspace       used 172225K, capacity 177254K, committed 180056K, reserved 1212416K
  class space    used 13854K, capacity 15345K, committed 16256K, reserved 1048576K
}
Event: 3283.085 GC heap before
{Heap before GC invocations=137 (full 6):
 PSYoungGen      total 222208K, used 213219K [0x00000000f0000000, 0x00000000ff680000, 0x0000000100000000)
  eden space 192000K, 100% used [0x00000000f0000000,0x00000000fbb80000,0x00000000fbb80000)
  from space 30208K, 70% used [0x00000000fd900000,0x00000000fedb8fe8,0x00000000ff680000)
  to   space 30208K, 0% used [0x00000000fbb80000,0x00000000fbb80000,0x00000000fd900000)
 ParOldGen       total 286208K, used 197754K [0x00000000d0000000, 0x00000000e1780000, 0x00000000f0000000)
  object space 286208K, 69% used [0x00000000d0000000,0x00000000dc11ea60,0x00000000e1780000)
 Metaspace       used 176222K, capacity 181286K, committed 183896K, reserved 1216512K
  class space    used 14076K, capacity 15617K, committed 16512K, reserved 1048576K
Event: 3283.113 GC heap after
Heap after GC invocations=137 (full 6):
 PSYoungGen      total 222208K, used 22884K [0x00000000f0000000, 0x00000000ffb00000, 0x0000000100000000)
  eden space 192000K, 0% used [0x00000000f0000000,0x00000000f0000000,0x00000000fbb80000)
  from space 30208K, 75% used [0x00000000fbb80000,0x00000000fd1d93a8,0x00000000fd900000)
  to   space 30720K, 0% used [0x00000000fdd00000,0x00000000fdd00000,0x00000000ffb00000)
 ParOldGen       total 286208K, used 198170K [0x00000000d0000000, 0x00000000e1780000, 0x00000000f0000000)
  object space 286208K, 69% used [0x00000000d0000000,0x00000000dc186aa0,0x00000000e1780000)
 Metaspace       used 176222K, capacity 181286K, committed 183896K, reserved 1216512K
  class space    used 14076K, capacity 15617K, committed 16512K, reserved 1048576K
}
Event: 3299.848 GC heap before
{Heap before GC invocations=138 (full 6):
 PSYoungGen      total 222208K, used 214884K [0x00000000f0000000, 0x00000000ffb00000, 0x0000000100000000)
  eden space 192000K, 100% used [0x00000000f0000000,0x00000000fbb80000,0x00000000fbb80000)
  from space 30208K, 75% used [0x00000000fbb80000,0x00000000fd1d93a8,0x00000000fd900000)
  to   space 30720K, 0% used [0x00000000fdd00000,0x00000000fdd00000,0x00000000ffb00000)
 ParOldGen       total 286208K, used 198170K [0x00000000d0000000, 0x00000000e1780000, 0x00000000f0000000)
  object space 286208K, 69% used [0x00000000d0000000,0x00000000dc186aa0,0x00000000e1780000)
 Metaspace       used 180289K, capacity 185458K, committed 188248K, reserved 1220608K
  class space    used 14300K, capacity 15851K, committed 16768K, reserved 1048576K
Event: 3299.917 GC heap after
Heap after GC invocations=138 (full 6):
 PSYoungGen      total 224256K, used 19337K [0x00000000f0000000, 0x00000000ff900000, 0x0000000100000000)
  eden space 195584K, 0% used [0x00000000f0000000,0x00000000f0000000,0x00000000fbf00000)
  from space 28672K, 67% used [0x00000000fdd00000,0x00000000fefe26b0,0x00000000ff900000)
  to   space 29696K, 0% used [0x00000000fbf00000,0x00000000fbf00000,0x00000000fdc00000)
 ParOldGen       total 286208K, used 198548K [0x00000000d0000000, 0x00000000e1780000, 0x00000000f0000000)
  object space 286208K, 69% used [0x00000000d0000000,0x00000000dc1e51c0,0x00000000e1780000)
 Metaspace       used 180289K, capacity 185458K, committed 188248K, reserved 1220608K
  class space    used 14300K, capacity 15851K, committed 16768K, reserved 1048576K
}
Event: 3335.825 GC heap before
{Heap before GC invocations=139 (full 6):
 PSYoungGen      total 224256K, used 214921K [0x00000000f0000000, 0x00000000ff900000, 0x0000000100000000)
  eden space 195584K, 100% used [0x00000000f0000000,0x00000000fbf00000,0x00000000fbf00000)
  from space 28672K, 67% used [0x00000000fdd00000,0x00000000fefe26b0,0x00000000ff900000)
  to   space 29696K, 0% used [0x00000000fbf00000,0x00000000fbf00000,0x00000000fdc00000)
 ParOldGen       total 286208K, used 198548K [0x00000000d0000000, 0x00000000e1780000, 0x00000000f0000000)
  object space 286208K, 69% used [0x00000000d0000000,0x00000000dc1e51c0,0x00000000e1780000)
 Metaspace       used 180301K, capacity 185464K, committed 188248K, reserved 1220608K
  class space    used 14301K, capacity 15852K, committed 16768K, reserved 1048576K
Event: 3336.198 GC heap after
Heap after GC invocations=139 (full 6):
 PSYoungGen      total 225280K, used 22329K [0x00000000f0000000, 0x00000000ffe00000, 0x0000000100000000)
  eden space 195584K, 0% used [0x00000000f0000000,0x00000000f0000000,0x00000000fbf00000)
  from space 29696K, 75% used [0x00000000fbf00000,0x00000000fd4ce720,0x00000000fdc00000)
  to   space 30208K, 0% used [0x00000000fe080000,0x00000000fe080000,0x00000000ffe00000)
 ParOldGen       total 286208K, used 198780K [0x00000000d0000000, 0x00000000e1780000, 0x00000000f0000000)
  object space 286208K, 69% used [0x00000000d0000000,0x00000000dc21f200,0x00000000e1780000)
 Metaspace       used 180301K, capacity 185464K, committed 188248K, reserved 1220608K
  class space    used 14301K, capacity 15852K, committed 16768K, reserved 1048576K
}

