# JRE version: Java(TM) SE Runtime Environment (8.0_25-b18) (build 1.8.0_25-b18)
# Java VM: Java HotSpot(TM) 64-Bit Server VM (25.25-b02 mixed mode windows-amd64 compressed oops)
Heap:
 PSYoungGen      total 123392K, used 80886K [0x00000000f0000000, 0x00000000f9500000, 0x0000000100000000)
  eden space 95232K, 71% used [0x00000000f0000000,0x00000000f42237a0,0x00000000f5d00000)
  from space 28160K, 46% used [0x00000000f7980000,0x00000000f865a098,0x00000000f9500000)
  to   space 28672K, 0% used [0x00000000f5d00000,0x00000000f5d00000,0x00000000f7900000)
 ParOldGen       total 290304K, used 213924K [0x00000000d0000000, 0x00000000e1b80000, 0x00000000f0000000)
  object space 290304K, 73% used [0x00000000d0000000,0x00000000dd0e9290,0x00000000e1b80000)
 Metaspace       used 142881K, capacity 149550K, committed 150516K, reserved 1183744K
  class space    used 12976K, capacity 14811K, committed 15404K, reserved 1048576K
GC Heap History (10 events):
Event: 6123.163 GC heap before
{Heap before GC invocations=150 (full 6):
 PSYoungGen      total 111104K, used 92203K [0x00000000f0000000, 0x00000000f9000000, 0x0000000100000000)
  eden space 78336K, 100% used [0x00000000f0000000,0x00000000f4c80000,0x00000000f4c80000)
  from space 32768K, 42% used [0x00000000f4c80000,0x00000000f5a0ae58,0x00000000f6c80000)
  to   space 32256K, 0% used [0x00000000f7080000,0x00000000f7080000,0x00000000f9000000)
 ParOldGen       total 290304K, used 210011K [0x00000000d0000000, 0x00000000e1b80000, 0x00000000f0000000)
  object space 290304K, 72% used [0x00000000d0000000,0x00000000dcd16f88,0x00000000e1b80000)
 Metaspace       used 131724K, capacity 137860K, committed 139380K, reserved 1173504K
  class space    used 12158K, capacity 13883K, committed 14508K, reserved 1048576K
Event: 6123.182 GC heap after
Heap after GC invocations=150 (full 6):
 PSYoungGen      total 112128K, used 14282K [0x00000000f0000000, 0x00000000f8d80000, 0x0000000100000000)
  eden space 82432K, 0% used [0x00000000f0000000,0x00000000f0000000,0x00000000f5080000)
  from space 29696K, 48% used [0x00000000f7080000,0x00000000f7e72908,0x00000000f8d80000)
  to   space 31232K, 0% used [0x00000000f5080000,0x00000000f5080000,0x00000000f6f00000)
 ParOldGen       total 290304K, used 210898K [0x00000000d0000000, 0x00000000e1b80000, 0x00000000f0000000)
  object space 290304K, 72% used [0x00000000d0000000,0x00000000dcdf4b50,0x00000000e1b80000)
 Metaspace       used 131724K, capacity 137860K, committed 139380K, reserved 1173504K
  class space    used 12158K, capacity 13883K, committed 14508K, reserved 1048576K
}
Event: 6328.152 GC heap before
{Heap before GC invocations=151 (full 6):
 PSYoungGen      total 112128K, used 96714K [0x00000000f0000000, 0x00000000f8d80000, 0x0000000100000000)
  eden space 82432K, 100% used [0x00000000f0000000,0x00000000f5080000,0x00000000f5080000)
  from space 29696K, 48% used [0x00000000f7080000,0x00000000f7e72908,0x00000000f8d80000)
  to   space 31232K, 0% used [0x00000000f5080000,0x00000000f5080000,0x00000000f6f00000)
 ParOldGen       total 290304K, used 210898K [0x00000000d0000000, 0x00000000e1b80000, 0x00000000f0000000)
  object space 290304K, 72% used [0x00000000d0000000,0x00000000dcdf4b50,0x00000000e1b80000)
 Metaspace       used 131799K, capacity 137926K, committed 139380K, reserved 1173504K
  class space    used 12166K, capacity 13897K, committed 14508K, reserved 1048576K
Event: 6328.172 GC heap after
Heap after GC invocations=151 (full 6):
 PSYoungGen      total 113664K, used 14099K [0x00000000f0000000, 0x00000000f9000000, 0x0000000100000000)
  eden space 82432K, 0% used [0x00000000f0000000,0x00000000f0000000,0x00000000f5080000)
  from space 31232K, 45% used [0x00000000f5080000,0x00000000f5e44d88,0x00000000f6f00000)
  to   space 30720K, 0% used [0x00000000f7200000,0x00000000f7200000,0x00000000f9000000)
 ParOldGen       total 290304K, used 211150K [0x00000000d0000000, 0x00000000e1b80000, 0x00000000f0000000)
  object space 290304K, 72% used [0x00000000d0000000,0x00000000dce33808,0x00000000e1b80000)
 Metaspace       used 131799K, capacity 137926K, committed 139380K, reserved 1173504K
  class space    used 12166K, capacity 13897K, committed 14508K, reserved 1048576K
}
Event: 6615.518 GC heap before
{Heap before GC invocations=152 (full 6):
 PSYoungGen      total 113664K, used 96531K [0x00000000f0000000, 0x00000000f9000000, 0x0000000100000000)
  eden space 82432K, 100% used [0x00000000f0000000,0x00000000f5080000,0x00000000f5080000)
  from space 31232K, 45% used [0x00000000f5080000,0x00000000f5e44d88,0x00000000f6f00000)
  to   space 30720K, 0% used [0x00000000f7200000,0x00000000f7200000,0x00000000f9000000)
 ParOldGen       total 290304K, used 211150K [0x00000000d0000000, 0x00000000e1b80000, 0x00000000f0000000)
  object space 290304K, 72% used [0x00000000d0000000,0x00000000dce33808,0x00000000e1b80000)
 Metaspace       used 131915K, capacity 138112K, committed 139636K, reserved 1175552K
  class space    used 12177K, capacity 13916K, committed 14508K, reserved 1048576K
Event: 6615.682 GC heap after
Heap after GC invocations=152 (full 6):
 PSYoungGen      total 112640K, used 15743K [0x00000000f0000000, 0x00000000f8d00000, 0x0000000100000000)
  eden space 84992K, 0% used [0x00000000f0000000,0x00000000f0000000,0x00000000f5300000)
  from space 27648K, 56% used [0x00000000f7200000,0x00000000f815ff78,0x00000000f8d00000)
  to   space 29696K, 0% used [0x00000000f5300000,0x00000000f5300000,0x00000000f7000000)
 ParOldGen       total 290304K, used 211710K [0x00000000d0000000, 0x00000000e1b80000, 0x00000000f0000000)
  object space 290304K, 72% used [0x00000000d0000000,0x00000000dcebf808,0x00000000e1b80000)
 Metaspace       used 131915K, capacity 138112K, committed 139636K, reserved 1175552K
  class space    used 12177K, capacity 13916K, committed 14508K, reserved 1048576K
}
Event: 6618.241 GC heap before
{Heap before GC invocations=153 (full 6):
 PSYoungGen      total 112640K, used 100735K [0x00000000f0000000, 0x00000000f8d00000, 0x0000000100000000)
  eden space 84992K, 100% used [0x00000000f0000000,0x00000000f5300000,0x00000000f5300000)
  from space 27648K, 56% used [0x00000000f7200000,0x00000000f815ff78,0x00000000f8d00000)
  to   space 29696K, 0% used [0x00000000f5300000,0x00000000f5300000,0x00000000f7000000)
 ParOldGen       total 290304K, used 211710K [0x00000000d0000000, 0x00000000e1b80000, 0x00000000f0000000)
  object space 290304K, 72% used [0x00000000d0000000,0x00000000dcebf808,0x00000000e1b80000)
 Metaspace       used 131917K, capacity 138112K, committed 139636K, reserved 1175552K
  class space    used 12177K, capacity 13916K, committed 14508K, reserved 1048576K
Event: 6618.879 GC heap after
Heap after GC invocations=153 (full 6):
 PSYoungGen      total 114688K, used 12435K [0x00000000f0000000, 0x00000000f9600000, 0x0000000100000000)
  eden space 84992K, 0% used [0x00000000f0000000,0x00000000f0000000,0x00000000f5300000)
  from space 29696K, 41% used [0x00000000f5300000,0x00000000f5f24fa8,0x00000000f7000000)
  to   space 29184K, 0% used [0x00000000f7980000,0x00000000f7980000,0x00000000f9600000)
 ParOldGen       total 290304K, used 211994K [0x00000000d0000000, 0x00000000e1b80000, 0x00000000f0000000)
  object space 290304K, 73% used [0x00000000d0000000,0x00000000dcf06818,0x00000000e1b80000)
 Metaspace       used 131917K, capacity 138112K, committed 139636K, reserved 1175552K
  class space    used 12177K, capacity 13916K, committed 14508K, reserved 1048576K
}
Event: 6623.627 GC heap before
{Heap before GC invocations=154 (full 6):
 PSYoungGen      total 114688K, used 97427K [0x00000000f0000000, 0x00000000f9600000, 0x0000000100000000)
  eden space 84992K, 100% used [0x00000000f0000000,0x00000000f5300000,0x00000000f5300000)
  from space 29696K, 41% used [0x00000000f5300000,0x00000000f5f24fa8,0x00000000f7000000)
  to   space 29184K, 0% used [0x00000000f7980000,0x00000000f7980000,0x00000000f9600000)
 ParOldGen       total 290304K, used 211994K [0x00000000d0000000, 0x00000000e1b80000, 0x00000000f0000000)
  object space 290304K, 73% used [0x00000000d0000000,0x00000000dcf06818,0x00000000e1b80000)
 Metaspace       used 135050K, capacity 141304K, committed 142708K, reserved 1177600K
  class space    used 12392K, capacity 14148K, committed 14764K, reserved 1048576K
Event: 6624.020 GC heap after
Heap after GC invocations=154 (full 6):
 PSYoungGen      total 123392K, used 13160K [0x00000000f0000000, 0x00000000f9500000, 0x0000000100000000)
  eden space 95232K, 0% used [0x00000000f0000000,0x00000000f0000000,0x00000000f5d00000)
  from space 28160K, 46% used [0x00000000f7980000,0x00000000f865a098,0x00000000f9500000)
  to   space 28672K, 0% used [0x00000000f5d00000,0x00000000f5d00000,0x00000000f7900000)
 ParOldGen       total 290304K, used 213924K [0x00000000d0000000, 0x00000000e1b80000, 0x00000000f0000000)
  object space 290304K, 73% used [0x00000000d0000000,0x00000000dd0e9290,0x00000000e1b80000)
 Metaspace       used 135050K, capacity 141304K, committed 142708K, reserved 1177600K
  class space    used 12392K, capacity 14148K, committed 14764K, reserved 1048576K
}

