# JRE version: Java(TM) SE Runtime Environment (8.0_25-b18) (build 1.8.0_25-b18)
# Java VM: Java HotSpot(TM) 64-Bit Server VM (25.25-b02 mixed mode windows-amd64 compressed oops)
Heap:
 PSYoungGen      total 206336K, used 132973K [0x00000000f0000000, 0x0000000100000000, 0x0000000100000000)
  eden space 177664K, 58% used [0x00000000f0000000,0x00000000f66565f0,0x00000000fad80000)
  from space 28672K, 98% used [0x00000000fad80000,0x00000000fc904fe0,0x00000000fc980000)
  to   space 43008K, 0% used [0x00000000fd600000,0x00000000fd600000,0x0000000100000000)
 ParOldGen       total 265216K, used 172170K [0x00000000d0000000, 0x00000000e0300000, 0x00000000f0000000)
  object space 265216K, 64% used [0x00000000d0000000,0x00000000da8228b8,0x00000000e0300000)
 Metaspace       used 98401K, capacity 101740K, committed 101888K, reserved 1140736K
  class space    used 10198K, capacity 11177K, committed 11264K, reserved 1048576K
GC Heap History (10 events):
Event: 189.074 GC heap before
{Heap before GC invocations=78 (full 5):
 PSYoungGen      total 217600K, used 200303K [0x00000000f0000000, 0x00000000ffe00000, 0x0000000100000000)
  eden space 177664K, 100% used [0x00000000f0000000,0x00000000fad80000,0x00000000fad80000)
  from space 39936K, 56% used [0x00000000fd480000,0x00000000fea9bdf8,0x00000000ffb80000)
  to   space 39936K, 0% used [0x00000000fad80000,0x00000000fad80000,0x00000000fd480000)
 ParOldGen       total 265216K, used 172130K [0x00000000d0000000, 0x00000000e0300000, 0x00000000f0000000)
  object space 265216K, 64% used [0x00000000d0000000,0x00000000da8188b8,0x00000000e0300000)
 Metaspace       used 92975K, capacity 95738K, committed 96000K, reserved 1134592K
  class space    used 9795K, capacity 10652K, committed 10752K, reserved 1048576K
Event: 189.202 GC heap after
Heap after GC invocations=78 (full 5):
 PSYoungGen      total 217600K, used 23683K [0x00000000f0000000, 0x0000000100000000, 0x0000000100000000)
  eden space 177664K, 0% used [0x00000000f0000000,0x00000000f0000000,0x00000000fad80000)
  from space 39936K, 59% used [0x00000000fad80000,0x00000000fc4a0f88,0x00000000fd480000)
  to   space 40448K, 0% used [0x00000000fd880000,0x00000000fd880000,0x0000000100000000)
 ParOldGen       total 265216K, used 172138K [0x00000000d0000000, 0x00000000e0300000, 0x00000000f0000000)
  object space 265216K, 64% used [0x00000000d0000000,0x00000000da81a8b8,0x00000000e0300000)
 Metaspace       used 92975K, capacity 95738K, committed 96000K, reserved 1134592K
  class space    used 9795K, capacity 10652K, committed 10752K, reserved 1048576K
}
Event: 191.569 GC heap before
{Heap before GC invocations=79 (full 5):
 PSYoungGen      total 217600K, used 201340K [0x00000000f0000000, 0x0000000100000000, 0x0000000100000000)
  eden space 177664K, 99% used [0x00000000f0000000,0x00000000fad7e178,0x00000000fad80000)
  from space 39936K, 59% used [0x00000000fad80000,0x00000000fc4a0f88,0x00000000fd480000)
  to   space 40448K, 0% used [0x00000000fd880000,0x00000000fd880000,0x0000000100000000)
 ParOldGen       total 265216K, used 172138K [0x00000000d0000000, 0x00000000e0300000, 0x00000000f0000000)
  object space 265216K, 64% used [0x00000000d0000000,0x00000000da81a8b8,0x00000000e0300000)
 Metaspace       used 93833K, capacity 96648K, committed 96896K, reserved 1134592K
  class space    used 9868K, capacity 10759K, committed 10880K, reserved 1048576K
Event: 191.671 GC heap after
Heap after GC invocations=79 (full 5):
 PSYoungGen      total 220672K, used 24400K [0x00000000f0000000, 0x0000000100000000, 0x0000000100000000)
  eden space 180224K, 0% used [0x00000000f0000000,0x00000000f0000000,0x00000000fb000000)
  from space 40448K, 60% used [0x00000000fd880000,0x00000000ff0542a0,0x0000000100000000)
  to   space 40960K, 0% used [0x00000000fb000000,0x00000000fb000000,0x00000000fd800000)
 ParOldGen       total 265216K, used 172146K [0x00000000d0000000, 0x00000000e0300000, 0x00000000f0000000)
  object space 265216K, 64% used [0x00000000d0000000,0x00000000da81c8b8,0x00000000e0300000)
 Metaspace       used 93833K, capacity 96648K, committed 96896K, reserved 1134592K
  class space    used 9868K, capacity 10759K, committed 10880K, reserved 1048576K
}
Event: 223.135 GC heap before
{Heap before GC invocations=80 (full 5):
 PSYoungGen      total 220672K, used 204624K [0x00000000f0000000, 0x0000000100000000, 0x0000000100000000)
  eden space 180224K, 100% used [0x00000000f0000000,0x00000000fb000000,0x00000000fb000000)
  from space 40448K, 60% used [0x00000000fd880000,0x00000000ff0542a0,0x0000000100000000)
  to   space 40960K, 0% used [0x00000000fb000000,0x00000000fb000000,0x00000000fd800000)
 ParOldGen       total 265216K, used 172146K [0x00000000d0000000, 0x00000000e0300000, 0x00000000f0000000)
  object space 265216K, 64% used [0x00000000d0000000,0x00000000da81c8b8,0x00000000e0300000)
 Metaspace       used 95220K, capacity 98054K, committed 98176K, reserved 1136640K
  class space    used 9943K, capacity 10818K, committed 10880K, reserved 1048576K
Event: 223.324 GC heap after
Heap after GC invocations=80 (full 5):
 PSYoungGen      total 208384K, used 28110K [0x00000000f0000000, 0x0000000100000000, 0x0000000100000000)
  eden space 180224K, 0% used [0x00000000f0000000,0x00000000f0000000,0x00000000fb000000)
  from space 28160K, 99% used [0x00000000fb000000,0x00000000fcb73b10,0x00000000fcb80000)
  to   space 42496K, 0% used [0x00000000fd680000,0x00000000fd680000,0x0000000100000000)
 ParOldGen       total 265216K, used 172154K [0x00000000d0000000, 0x00000000e0300000, 0x00000000f0000000)
  object space 265216K, 64% used [0x00000000d0000000,0x00000000da81e8b8,0x00000000e0300000)
 Metaspace       used 95220K, capacity 98054K, committed 98176K, reserved 1136640K
  class space    used 9943K, capacity 10818K, committed 10880K, reserved 1048576K
}
Event: 225.943 GC heap before
{Heap before GC invocations=81 (full 5):
 PSYoungGen      total 208384K, used 208334K [0x00000000f0000000, 0x0000000100000000, 0x0000000100000000)
  eden space 180224K, 100% used [0x00000000f0000000,0x00000000fb000000,0x00000000fb000000)
  from space 28160K, 99% used [0x00000000fb000000,0x00000000fcb73b10,0x00000000fcb80000)
  to   space 42496K, 0% used [0x00000000fd680000,0x00000000fd680000,0x0000000100000000)
 ParOldGen       total 265216K, used 172154K [0x00000000d0000000, 0x00000000e0300000, 0x00000000f0000000)
  object space 265216K, 64% used [0x00000000d0000000,0x00000000da81e8b8,0x00000000e0300000)
 Metaspace       used 95424K, capacity 98246K, committed 98432K, reserved 1136640K
  class space    used 9945K, capacity 10818K, committed 10880K, reserved 1048576K
Event: 226.048 GC heap after
Heap after GC invocations=81 (full 5):
 PSYoungGen      total 220160K, used 24627K [0x00000000f0000000, 0x0000000100000000, 0x0000000100000000)
  eden space 177664K, 0% used [0x00000000f0000000,0x00000000f0000000,0x00000000fad80000)
  from space 42496K, 57% used [0x00000000fd680000,0x00000000fee8cd20,0x0000000100000000)
  to   space 41984K, 0% used [0x00000000fad80000,0x00000000fad80000,0x00000000fd680000)
 ParOldGen       total 265216K, used 172162K [0x00000000d0000000, 0x00000000e0300000, 0x00000000f0000000)
  object space 265216K, 64% used [0x00000000d0000000,0x00000000da8208b8,0x00000000e0300000)
 Metaspace       used 95424K, capacity 98246K, committed 98432K, reserved 1136640K
  class space    used 9945K, capacity 10818K, committed 10880K, reserved 1048576K
}
Event: 235.349 GC heap before
{Heap before GC invocations=82 (full 5):
 PSYoungGen      total 220160K, used 202291K [0x00000000f0000000, 0x0000000100000000, 0x0000000100000000)
  eden space 177664K, 100% used [0x00000000f0000000,0x00000000fad80000,0x00000000fad80000)
  from space 42496K, 57% used [0x00000000fd680000,0x00000000fee8cd20,0x0000000100000000)
  to   space 41984K, 0% used [0x00000000fad80000,0x00000000fad80000,0x00000000fd680000)
 ParOldGen       total 265216K, used 172162K [0x00000000d0000000, 0x00000000e0300000, 0x00000000f0000000)
  object space 265216K, 64% used [0x00000000d0000000,0x00000000da8208b8,0x00000000e0300000)
 Metaspace       used 97299K, capacity 100220K, committed 100352K, reserved 1138688K
  class space    used 10063K, capacity 10959K, committed 11008K, reserved 1048576K
Event: 235.418 GC heap after
Heap after GC invocations=82 (full 5):
 PSYoungGen      total 206336K, used 28179K [0x00000000f0000000, 0x0000000100000000, 0x0000000100000000)
  eden space 177664K, 0% used [0x00000000f0000000,0x00000000f0000000,0x00000000fad80000)
  from space 28672K, 98% used [0x00000000fad80000,0x00000000fc904fe0,0x00000000fc980000)
  to   space 43008K, 0% used [0x00000000fd600000,0x00000000fd600000,0x0000000100000000)
 ParOldGen       total 265216K, used 172170K [0x00000000d0000000, 0x00000000e0300000, 0x00000000f0000000)
  object space 265216K, 64% used [0x00000000d0000000,0x00000000da8228b8,0x00000000e0300000)
 Metaspace       used 97299K, capacity 100220K, committed 100352K, reserved 1138688K
  class space    used 10063K, capacity 10959K, committed 11008K, reserved 1048576K
}

