# JRE version: Java(TM) SE Runtime Environment (8.0_25-b18) (build 1.8.0_25-b18)
# Java VM: Java HotSpot(TM) 64-Bit Server VM (25.25-b02 mixed mode windows-amd64 compressed oops)
Heap:
 PSYoungGen      total 189952K, used 73451K [0x00000000f0000000, 0x0000000100000000, 0x0000000100000000)
  eden space 146432K, 50% used [0x00000000f0000000,0x00000000f47bad00,0x00000000f8f00000)
  from space 43520K, 0% used [0x00000000f8f00000,0x00000000f8f00000,0x00000000fb980000)
  to   space 61952K, 0% used [0x00000000fc380000,0x00000000fc380000,0x0000000100000000)
 ParOldGen       total 273408K, used 187729K [0x00000000d0000000, 0x00000000e0b00000, 0x00000000f0000000)
  object space 273408K, 68% used [0x00000000d0000000,0x00000000db754728,0x00000000e0b00000)
 Metaspace       used 105550K, capacity 109692K, committed 110336K, reserved 1146880K
  class space    used 11074K, capacity 12255K, committed 12544K, reserved 1048576K
GC Heap History (10 events):
Event: 1170.837 GC heap before
{Heap before GC invocations=82 (full 4):
 PSYoungGen      total 205824K, used 191594K [0x00000000f0000000, 0x00000000ffa80000, 0x0000000100000000)
  eden space 162816K, 100% used [0x00000000f0000000,0x00000000f9f00000,0x00000000f9f00000)
  from space 43008K, 66% used [0x00000000f9f00000,0x00000000fbb1aa28,0x00000000fc900000)
  to   space 45056K, 0% used [0x00000000fce80000,0x00000000fce80000,0x00000000ffa80000)
 ParOldGen       total 191488K, used 179071K [0x00000000d0000000, 0x00000000dbb00000, 0x00000000f0000000)
  object space 191488K, 93% used [0x00000000d0000000,0x00000000daedfd10,0x00000000dbb00000)
 Metaspace       used 104268K, capacity 108604K, committed 108672K, reserved 1144832K
  class space    used 11121K, capacity 12357K, committed 12416K, reserved 1048576K
Event: 1170.964 GC heap after
Heap after GC invocations=82 (full 4):
 PSYoungGen      total 208384K, used 32148K [0x00000000f0000000, 0x00000000fff80000, 0x0000000100000000)
  eden space 163328K, 0% used [0x00000000f0000000,0x00000000f0000000,0x00000000f9f80000)
  from space 45056K, 71% used [0x00000000fce80000,0x00000000fede5298,0x00000000ffa80000)
  to   space 48128K, 0% used [0x00000000f9f80000,0x00000000f9f80000,0x00000000fce80000)
 ParOldGen       total 191488K, used 179079K [0x00000000d0000000, 0x00000000dbb00000, 0x00000000f0000000)
  object space 191488K, 93% used [0x00000000d0000000,0x00000000daee1d10,0x00000000dbb00000)
 Metaspace       used 104268K, capacity 108604K, committed 108672K, reserved 1144832K
  class space    used 11121K, capacity 12357K, committed 12416K, reserved 1048576K
}
Event: 1176.906 GC heap before
{Heap before GC invocations=83 (full 4):
 PSYoungGen      total 208384K, used 195476K [0x00000000f0000000, 0x00000000fff80000, 0x0000000100000000)
  eden space 163328K, 100% used [0x00000000f0000000,0x00000000f9f80000,0x00000000f9f80000)
  from space 45056K, 71% used [0x00000000fce80000,0x00000000fede5298,0x00000000ffa80000)
  to   space 48128K, 0% used [0x00000000f9f80000,0x00000000f9f80000,0x00000000fce80000)
 ParOldGen       total 191488K, used 179079K [0x00000000d0000000, 0x00000000dbb00000, 0x00000000f0000000)
  object space 191488K, 93% used [0x00000000d0000000,0x00000000daee1d10,0x00000000dbb00000)
 Metaspace       used 105392K, capacity 109850K, committed 110080K, reserved 1146880K
  class space    used 11218K, capacity 12506K, committed 12544K, reserved 1048576K
Event: 1176.998 GC heap after
Heap after GC invocations=83 (full 4):
 PSYoungGen      total 203776K, used 40203K [0x00000000f0000000, 0x0000000100000000, 0x0000000100000000)
  eden space 163328K, 0% used [0x00000000f0000000,0x00000000f0000000,0x00000000f9f80000)
  from space 40448K, 99% used [0x00000000f9f80000,0x00000000fc6c2c10,0x00000000fc700000)
  to   space 53248K, 0% used [0x00000000fcc00000,0x00000000fcc00000,0x0000000100000000)
 ParOldGen       total 191488K, used 179079K [0x00000000d0000000, 0x00000000dbb00000, 0x00000000f0000000)
  object space 191488K, 93% used [0x00000000d0000000,0x00000000daee1d10,0x00000000dbb00000)
 Metaspace       used 105392K, capacity 109850K, committed 110080K, reserved 1146880K
  class space    used 11218K, capacity 12506K, committed 12544K, reserved 1048576K
}
Event: 1178.047 GC heap before
{Heap before GC invocations=84 (full 4):
 PSYoungGen      total 203776K, used 203531K [0x00000000f0000000, 0x0000000100000000, 0x0000000100000000)
  eden space 163328K, 100% used [0x00000000f0000000,0x00000000f9f80000,0x00000000f9f80000)
  from space 40448K, 99% used [0x00000000f9f80000,0x00000000fc6c2c10,0x00000000fc700000)
  to   space 53248K, 0% used [0x00000000fcc00000,0x00000000fcc00000,0x0000000100000000)
 ParOldGen       total 191488K, used 179079K [0x00000000d0000000, 0x00000000dbb00000, 0x00000000f0000000)
  object space 191488K, 93% used [0x00000000d0000000,0x00000000daee1d10,0x00000000dbb00000)
 Metaspace       used 105532K, capacity 109990K, committed 110080K, reserved 1146880K
  class space    used 11222K, capacity 12508K, committed 12544K, reserved 1048576K
Event: 1178.284 GC heap after
Heap after GC invocations=84 (full 4):
 PSYoungGen      total 199680K, used 43046K [0x00000000f0000000, 0x0000000100000000, 0x0000000100000000)
  eden space 146432K, 0% used [0x00000000f0000000,0x00000000f0000000,0x00000000f8f00000)
  from space 53248K, 80% used [0x00000000fcc00000,0x00000000ff609a00,0x0000000100000000)
  to   space 57856K, 0% used [0x00000000f8f00000,0x00000000f8f00000,0x00000000fc780000)
 ParOldGen       total 191488K, used 179079K [0x00000000d0000000, 0x00000000dbb00000, 0x00000000f0000000)
  object space 191488K, 93% used [0x00000000d0000000,0x00000000daee1d10,0x00000000dbb00000)
 Metaspace       used 105532K, capacity 109990K, committed 110080K, reserved 1146880K
  class space    used 11222K, capacity 12508K, committed 12544K, reserved 1048576K
}
Event: 1178.339 GC heap before
{Heap before GC invocations=85 (full 4):
 PSYoungGen      total 199680K, used 48649K [0x00000000f0000000, 0x0000000100000000, 0x0000000100000000)
  eden space 146432K, 3% used [0x00000000f0000000,0x00000000f0578a88,0x00000000f8f00000)
  from space 53248K, 80% used [0x00000000fcc00000,0x00000000ff609a00,0x0000000100000000)
  to   space 57856K, 0% used [0x00000000f8f00000,0x00000000f8f00000,0x00000000fc780000)
 ParOldGen       total 191488K, used 179079K [0x00000000d0000000, 0x00000000dbb00000, 0x00000000f0000000)
  object space 191488K, 93% used [0x00000000d0000000,0x00000000daee1d10,0x00000000dbb00000)
 Metaspace       used 105558K, capacity 109990K, committed 110080K, reserved 1146880K
  class space    used 11222K, capacity 12508K, committed 12544K, reserved 1048576K
Event: 1178.973 GC heap after
Heap after GC invocations=85 (full 4):
 PSYoungGen      total 189952K, used 43302K [0x00000000f0000000, 0x0000000100000000, 0x0000000100000000)
  eden space 146432K, 0% used [0x00000000f0000000,0x00000000f0000000,0x00000000f8f00000)
  from space 43520K, 99% used [0x00000000f8f00000,0x00000000fb949a00,0x00000000fb980000)
  to   space 61952K, 0% used [0x00000000fc380000,0x00000000fc380000,0x0000000100000000)
 ParOldGen       total 191488K, used 179079K [0x00000000d0000000, 0x00000000dbb00000, 0x00000000f0000000)
  object space 191488K, 93% used [0x00000000d0000000,0x00000000daee1d10,0x00000000dbb00000)
 Metaspace       used 105558K, capacity 109990K, committed 110080K, reserved 1146880K
  class space    used 11222K, capacity 12508K, committed 12544K, reserved 1048576K
}
Event: 1178.973 GC heap before
{Heap before GC invocations=86 (full 5):
 PSYoungGen      total 189952K, used 43302K [0x00000000f0000000, 0x0000000100000000, 0x0000000100000000)
  eden space 146432K, 0% used [0x00000000f0000000,0x00000000f0000000,0x00000000f8f00000)
  from space 43520K, 99% used [0x00000000f8f00000,0x00000000fb949a00,0x00000000fb980000)
  to   space 61952K, 0% used [0x00000000fc380000,0x00000000fc380000,0x0000000100000000)
 ParOldGen       total 191488K, used 179079K [0x00000000d0000000, 0x00000000dbb00000, 0x00000000f0000000)
  object space 191488K, 93% used [0x00000000d0000000,0x00000000daee1d10,0x00000000dbb00000)
 Metaspace       used 105558K, capacity 109990K, committed 110080K, reserved 1146880K
  class space    used 11222K, capacity 12508K, committed 12544K, reserved 1048576K
Event: 1180.710 GC heap after
Heap after GC invocations=86 (full 5):
 PSYoungGen      total 189952K, used 0K [0x00000000f0000000, 0x0000000100000000, 0x0000000100000000)
  eden space 146432K, 0% used [0x00000000f0000000,0x00000000f0000000,0x00000000f8f00000)
  from space 43520K, 0% used [0x00000000f8f00000,0x00000000f8f00000,0x00000000fb980000)
  to   space 61952K, 0% used [0x00000000fc380000,0x00000000fc380000,0x0000000100000000)
 ParOldGen       total 273408K, used 187729K [0x00000000d0000000, 0x00000000e0b00000, 0x00000000f0000000)
  object space 273408K, 68% used [0x00000000d0000000,0x00000000db754728,0x00000000e0b00000)
 Metaspace       used 104535K, capacity 108128K, committed 110080K, reserved 1146880K
  class space    used 10932K, capacity 12008K, committed 12544K, reserved 1048576K
}

