# JRE version: Java(TM) SE Runtime Environment (8.0_25-b18) (build 1.8.0_25-b18)
# Java VM: Java HotSpot(TM) 64-Bit Server VM (25.25-b02 mixed mode windows-amd64 compressed oops)
Heap:
 PSYoungGen      total 226304K, used 183136K [0x00000000f0000000, 0x00000000ffb00000, 0x0000000100000000)
  eden space 207872K, 79% used [0x00000000f0000000,0x00000000fa142728,0x00000000fcb00000)
  from space 18432K, 97% used [0x00000000fe900000,0x00000000ffa95c88,0x00000000ffb00000)
  to   space 23552K, 0% used [0x00000000fcd00000,0x00000000fcd00000,0x00000000fe400000)
 ParOldGen       total 259584K, used 206563K [0x00000000d0000000, 0x00000000dfd80000, 0x00000000f0000000)
  object space 259584K, 79% used [0x00000000d0000000,0x00000000dc9b8e28,0x00000000dfd80000)
 Metaspace       used 128157K, capacity 133854K, committed 134016K, reserved 1169408K
  class space    used 12759K, capacity 14435K, committed 14464K, reserved 1048576K
GC Heap History (10 events):
Event: 1525.042 GC heap before
{Heap before GC invocations=117 (full 5):
 PSYoungGen      total 236544K, used 228213K [0x00000000f0000000, 0x0000000100000000, 0x0000000100000000)
  eden space 212480K, 100% used [0x00000000f0000000,0x00000000fcf80000,0x00000000fcf80000)
  from space 24064K, 65% used [0x00000000fcf80000,0x00000000fdedd4a8,0x00000000fe700000)
  to   space 23552K, 0% used [0x00000000fe900000,0x00000000fe900000,0x0000000100000000)
 ParOldGen       total 259584K, used 204211K [0x00000000d0000000, 0x00000000dfd80000, 0x00000000f0000000)
  object space 259584K, 78% used [0x00000000d0000000,0x00000000dc76cda8,0x00000000dfd80000)
 Metaspace       used 122530K, capacity 127370K, committed 127488K, reserved 1163264K
  class space    used 12298K, capacity 13795K, committed 13824K, reserved 1048576K
Event: 1525.058 GC heap after
Heap after GC invocations=117 (full 5):
 PSYoungGen      total 236544K, used 12454K [0x00000000f0000000, 0x00000000ffe80000, 0x0000000100000000)
  eden space 214528K, 0% used [0x00000000f0000000,0x00000000f0000000,0x00000000fd180000)
  from space 22016K, 56% used [0x00000000fe900000,0x00000000ff5299a8,0x00000000ffe80000)
  to   space 23040K, 0% used [0x00000000fd180000,0x00000000fd180000,0x00000000fe800000)
 ParOldGen       total 259584K, used 204315K [0x00000000d0000000, 0x00000000dfd80000, 0x00000000f0000000)
  object space 259584K, 78% used [0x00000000d0000000,0x00000000dc786da8,0x00000000dfd80000)
 Metaspace       used 122530K, capacity 127370K, committed 127488K, reserved 1163264K
  class space    used 12298K, capacity 13795K, committed 13824K, reserved 1048576K
}
Event: 1886.548 GC heap before
{Heap before GC invocations=118 (full 5):
 PSYoungGen      total 236544K, used 226982K [0x00000000f0000000, 0x00000000ffe80000, 0x0000000100000000)
  eden space 214528K, 100% used [0x00000000f0000000,0x00000000fd180000,0x00000000fd180000)
  from space 22016K, 56% used [0x00000000fe900000,0x00000000ff5299a8,0x00000000ffe80000)
  to   space 23040K, 0% used [0x00000000fd180000,0x00000000fd180000,0x00000000fe800000)
 ParOldGen       total 259584K, used 204315K [0x00000000d0000000, 0x00000000dfd80000, 0x00000000f0000000)
  object space 259584K, 78% used [0x00000000d0000000,0x00000000dc786da8,0x00000000dfd80000)
 Metaspace       used 123785K, capacity 128828K, committed 128896K, reserved 1165312K
  class space    used 12392K, capacity 13930K, committed 13952K, reserved 1048576K
Event: 1886.643 GC heap after
Heap after GC invocations=118 (full 5):
 PSYoungGen      total 237568K, used 19016K [0x00000000f0000000, 0x0000000100000000, 0x0000000100000000)
  eden space 214528K, 0% used [0x00000000f0000000,0x00000000f0000000,0x00000000fd180000)
  from space 23040K, 82% used [0x00000000fd180000,0x00000000fe4121d0,0x00000000fe800000)
  to   space 23552K, 0% used [0x00000000fe900000,0x00000000fe900000,0x0000000100000000)
 ParOldGen       total 259584K, used 205347K [0x00000000d0000000, 0x00000000dfd80000, 0x00000000f0000000)
  object space 259584K, 79% used [0x00000000d0000000,0x00000000dc888de8,0x00000000dfd80000)
 Metaspace       used 123785K, capacity 128828K, committed 128896K, reserved 1165312K
  class space    used 12392K, capacity 13930K, committed 13952K, reserved 1048576K
}
Event: 1889.920 GC heap before
{Heap before GC invocations=119 (full 5):
 PSYoungGen      total 237568K, used 233544K [0x00000000f0000000, 0x0000000100000000, 0x0000000100000000)
  eden space 214528K, 100% used [0x00000000f0000000,0x00000000fd180000,0x00000000fd180000)
  from space 23040K, 82% used [0x00000000fd180000,0x00000000fe4121d0,0x00000000fe800000)
  to   space 23552K, 0% used [0x00000000fe900000,0x00000000fe900000,0x0000000100000000)
 ParOldGen       total 259584K, used 205347K [0x00000000d0000000, 0x00000000dfd80000, 0x00000000f0000000)
  object space 259584K, 79% used [0x00000000d0000000,0x00000000dc888de8,0x00000000dfd80000)
 Metaspace       used 123788K, capacity 128828K, committed 128896K, reserved 1165312K
  class space    used 12392K, capacity 13930K, committed 13952K, reserved 1048576K
Event: 1889.941 GC heap after
Heap after GC invocations=119 (full 5):
 PSYoungGen      total 238592K, used 16684K [0x00000000f0000000, 0x00000000fff80000, 0x0000000100000000)
  eden space 215552K, 0% used [0x00000000f0000000,0x00000000f0000000,0x00000000fd280000)
  from space 23040K, 72% used [0x00000000fe900000,0x00000000ff94b3d8,0x00000000fff80000)
  to   space 23040K, 0% used [0x00000000fd280000,0x00000000fd280000,0x00000000fe900000)
 ParOldGen       total 259584K, used 205515K [0x00000000d0000000, 0x00000000dfd80000, 0x00000000f0000000)
  object space 259584K, 79% used [0x00000000d0000000,0x00000000dc8b2de8,0x00000000dfd80000)
 Metaspace       used 123788K, capacity 128828K, committed 128896K, reserved 1165312K
  class space    used 12392K, capacity 13930K, committed 13952K, reserved 1048576K
}
Event: 1910.692 GC heap before
{Heap before GC invocations=120 (full 5):
 PSYoungGen      total 238592K, used 232236K [0x00000000f0000000, 0x00000000fff80000, 0x0000000100000000)
  eden space 215552K, 100% used [0x00000000f0000000,0x00000000fd280000,0x00000000fd280000)
  from space 23040K, 72% used [0x00000000fe900000,0x00000000ff94b3d8,0x00000000fff80000)
  to   space 23040K, 0% used [0x00000000fd280000,0x00000000fd280000,0x00000000fe900000)
 ParOldGen       total 259584K, used 205515K [0x00000000d0000000, 0x00000000dfd80000, 0x00000000f0000000)
  object space 259584K, 79% used [0x00000000d0000000,0x00000000dc8b2de8,0x00000000dfd80000)
 Metaspace       used 125092K, capacity 130164K, committed 130304K, reserved 1165312K
  class space    used 12477K, capacity 14034K, committed 14080K, reserved 1048576K
Event: 1910.743 GC heap after
Heap after GC invocations=120 (full 5):
 PSYoungGen      total 238592K, used 18837K [0x00000000f0000000, 0x0000000100000000, 0x0000000100000000)
  eden space 215552K, 0% used [0x00000000f0000000,0x00000000f0000000,0x00000000fd280000)
  from space 23040K, 81% used [0x00000000fd280000,0x00000000fe4e5680,0x00000000fe900000)
  to   space 23552K, 0% used [0x00000000fe900000,0x00000000fe900000,0x0000000100000000)
 ParOldGen       total 259584K, used 206443K [0x00000000d0000000, 0x00000000dfd80000, 0x00000000f0000000)
  object space 259584K, 79% used [0x00000000d0000000,0x00000000dc99ae28,0x00000000dfd80000)
 Metaspace       used 125092K, capacity 130164K, committed 130304K, reserved 1165312K
  class space    used 12477K, capacity 14034K, committed 14080K, reserved 1048576K
}
Event: 2069.604 GC heap before
{Heap before GC invocations=121 (full 5):
 PSYoungGen      total 238592K, used 234389K [0x00000000f0000000, 0x0000000100000000, 0x0000000100000000)
  eden space 215552K, 100% used [0x00000000f0000000,0x00000000fd280000,0x00000000fd280000)
  from space 23040K, 81% used [0x00000000fd280000,0x00000000fe4e5680,0x00000000fe900000)
  to   space 23552K, 0% used [0x00000000fe900000,0x00000000fe900000,0x0000000100000000)
 ParOldGen       total 259584K, used 206443K [0x00000000d0000000, 0x00000000dfd80000, 0x00000000f0000000)
  object space 259584K, 79% used [0x00000000d0000000,0x00000000dc99ae28,0x00000000dfd80000)
 Metaspace       used 126649K, capacity 131838K, committed 131968K, reserved 1167360K
  class space    used 12583K, capacity 14173K, committed 14208K, reserved 1048576K
Event: 2069.654 GC heap after
Heap after GC invocations=121 (full 5):
 PSYoungGen      total 226304K, used 18007K [0x00000000f0000000, 0x00000000ffb00000, 0x0000000100000000)
  eden space 207872K, 0% used [0x00000000f0000000,0x00000000f0000000,0x00000000fcb00000)
  from space 18432K, 97% used [0x00000000fe900000,0x00000000ffa95c88,0x00000000ffb00000)
  to   space 23552K, 0% used [0x00000000fcd00000,0x00000000fcd00000,0x00000000fe400000)
 ParOldGen       total 259584K, used 206563K [0x00000000d0000000, 0x00000000dfd80000, 0x00000000f0000000)
  object space 259584K, 79% used [0x00000000d0000000,0x00000000dc9b8e28,0x00000000dfd80000)
 Metaspace       used 126649K, capacity 131838K, committed 131968K, reserved 1167360K
  class space    used 12583K, capacity 14173K, committed 14208K, reserved 1048576K
}

