# JRE version: Java(TM) SE Runtime Environment (8.0_25-b18) (build 1.8.0_25-b18)
# Java VM: Java HotSpot(TM) 64-Bit Server VM (25.25-b02 mixed mode windows-amd64 compressed oops)
Heap:
 PSYoungGen      total 197120K, used 148365K [0x00000000f0000000, 0x00000000fee80000, 0x0000000100000000)
  eden space 150016K, 87% used [0x00000000f0000000,0x00000000f80c8858,0x00000000f9280000)
  from space 47104K, 35% used [0x00000000f9280000,0x00000000fa29ae48,0x00000000fc080000)
  to   space 44544K, 0% used [0x00000000fc300000,0x00000000fc300000,0x00000000fee80000)
 ParOldGen       total 243712K, used 179858K [0x00000000d0000000, 0x00000000dee00000, 0x00000000f0000000)
  object space 243712K, 73% used [0x00000000d0000000,0x00000000dafa4ba8,0x00000000dee00000)
 Metaspace       used 91682K, capacity 94902K, committed 94976K, reserved 1134592K
  class space    used 9795K, capacity 10714K, committed 10752K, reserved 1048576K
GC Heap History (10 events):
Event: 116.834 GC heap before
{Heap before GC invocations=68 (full 5):
 PSYoungGen      total 194560K, used 139657K [0x00000000f0000000, 0x00000000ffb00000, 0x0000000100000000)
  eden space 136192K, 100% used [0x00000000f0000000,0x00000000f8500000,0x00000000f8500000)
  from space 58368K, 5% used [0x00000000fc200000,0x00000000fc5624f0,0x00000000ffb00000)
  to   space 60416K, 0% used [0x00000000f8500000,0x00000000f8500000,0x00000000fc000000)
 ParOldGen       total 243712K, used 179834K [0x00000000d0000000, 0x00000000dee00000, 0x00000000f0000000)
  object space 243712K, 73% used [0x00000000d0000000,0x00000000daf9eba8,0x00000000dee00000)
 Metaspace       used 86542K, capacity 89168K, committed 89216K, reserved 1128448K
  class space    used 9287K, capacity 10068K, committed 10112K, reserved 1048576K
Event: 116.847 GC heap after
Heap after GC invocations=68 (full 5):
 PSYoungGen      total 196608K, used 8591K [0x00000000f0000000, 0x00000000ffc00000, 0x0000000100000000)
  eden space 136192K, 0% used [0x00000000f0000000,0x00000000f0000000,0x00000000f8500000)
  from space 60416K, 14% used [0x00000000f8500000,0x00000000f8d63c68,0x00000000fc000000)
  to   space 57344K, 0% used [0x00000000fc400000,0x00000000fc400000,0x00000000ffc00000)
 ParOldGen       total 243712K, used 179842K [0x00000000d0000000, 0x00000000dee00000, 0x00000000f0000000)
  object space 243712K, 73% used [0x00000000d0000000,0x00000000dafa0ba8,0x00000000dee00000)
 Metaspace       used 86542K, capacity 89168K, committed 89216K, reserved 1128448K
  class space    used 9287K, capacity 10068K, committed 10112K, reserved 1048576K
}
Event: 188.497 GC heap before
{Heap before GC invocations=69 (full 5):
 PSYoungGen      total 196608K, used 144783K [0x00000000f0000000, 0x00000000ffc00000, 0x0000000100000000)
  eden space 136192K, 100% used [0x00000000f0000000,0x00000000f8500000,0x00000000f8500000)
  from space 60416K, 14% used [0x00000000f8500000,0x00000000f8d63c68,0x00000000fc000000)
  to   space 57344K, 0% used [0x00000000fc400000,0x00000000fc400000,0x00000000ffc00000)
 ParOldGen       total 243712K, used 179842K [0x00000000d0000000, 0x00000000dee00000, 0x00000000f0000000)
  object space 243712K, 73% used [0x00000000d0000000,0x00000000dafa0ba8,0x00000000dee00000)
 Metaspace       used 88496K, capacity 91250K, committed 91520K, reserved 1130496K
  class space    used 9500K, capacity 10296K, committed 10368K, reserved 1048576K
Event: 188.625 GC heap after
Heap after GC invocations=69 (full 5):
 PSYoungGen      total 194560K, used 10784K [0x00000000f0000000, 0x00000000ff580000, 0x0000000100000000)
  eden space 143872K, 0% used [0x00000000f0000000,0x00000000f0000000,0x00000000f8c80000)
  from space 50688K, 21% used [0x00000000fc400000,0x00000000fce880e8,0x00000000ff580000)
  to   space 53760K, 0% used [0x00000000f8c80000,0x00000000f8c80000,0x00000000fc100000)
 ParOldGen       total 243712K, used 179842K [0x00000000d0000000, 0x00000000dee00000, 0x00000000f0000000)
  object space 243712K, 73% used [0x00000000d0000000,0x00000000dafa0ba8,0x00000000dee00000)
 Metaspace       used 88496K, capacity 91250K, committed 91520K, reserved 1130496K
  class space    used 9500K, capacity 10296K, committed 10368K, reserved 1048576K
}
Event: 193.191 GC heap before
{Heap before GC invocations=70 (full 5):
 PSYoungGen      total 194560K, used 154656K [0x00000000f0000000, 0x00000000ff580000, 0x0000000100000000)
  eden space 143872K, 100% used [0x00000000f0000000,0x00000000f8c80000,0x00000000f8c80000)
  from space 50688K, 21% used [0x00000000fc400000,0x00000000fce880e8,0x00000000ff580000)
  to   space 53760K, 0% used [0x00000000f8c80000,0x00000000f8c80000,0x00000000fc100000)
 ParOldGen       total 243712K, used 179842K [0x00000000d0000000, 0x00000000dee00000, 0x00000000f0000000)
  object space 243712K, 73% used [0x00000000d0000000,0x00000000dafa0ba8,0x00000000dee00000)
 Metaspace       used 89254K, capacity 92076K, committed 92416K, reserved 1130496K
  class space    used 9560K, capacity 10400K, committed 10496K, reserved 1048576K
Event: 193.216 GC heap after
Heap after GC invocations=70 (full 5):
 PSYoungGen      total 197632K, used 14153K [0x00000000f0000000, 0x00000000ff580000, 0x0000000100000000)
  eden space 143872K, 0% used [0x00000000f0000000,0x00000000f0000000,0x00000000f8c80000)
  from space 53760K, 26% used [0x00000000f8c80000,0x00000000f9a527d0,0x00000000fc100000)
  to   space 50176K, 0% used [0x00000000fc480000,0x00000000fc480000,0x00000000ff580000)
 ParOldGen       total 243712K, used 179850K [0x00000000d0000000, 0x00000000dee00000, 0x00000000f0000000)
  object space 243712K, 73% used [0x00000000d0000000,0x00000000dafa2ba8,0x00000000dee00000)
 Metaspace       used 89254K, capacity 92076K, committed 92416K, reserved 1130496K
  class space    used 9560K, capacity 10400K, committed 10496K, reserved 1048576K
}
Event: 196.987 GC heap before
{Heap before GC invocations=71 (full 5):
 PSYoungGen      total 197632K, used 158025K [0x00000000f0000000, 0x00000000ff580000, 0x0000000100000000)
  eden space 143872K, 100% used [0x00000000f0000000,0x00000000f8c80000,0x00000000f8c80000)
  from space 53760K, 26% used [0x00000000f8c80000,0x00000000f9a527d0,0x00000000fc100000)
  to   space 50176K, 0% used [0x00000000fc480000,0x00000000fc480000,0x00000000ff580000)
 ParOldGen       total 243712K, used 179850K [0x00000000d0000000, 0x00000000dee00000, 0x00000000f0000000)
  object space 243712K, 73% used [0x00000000d0000000,0x00000000dafa2ba8,0x00000000dee00000)
 Metaspace       used 90386K, capacity 93236K, committed 93440K, reserved 1132544K
  class space    used 9642K, capacity 10480K, committed 10496K, reserved 1048576K
Event: 197.006 GC heap after
Heap after GC invocations=71 (full 5):
 PSYoungGen      total 193024K, used 13272K [0x00000000f0000000, 0x00000000fee80000, 0x0000000100000000)
  eden space 150016K, 0% used [0x00000000f0000000,0x00000000f0000000,0x00000000f9280000)
  from space 43008K, 30% used [0x00000000fc480000,0x00000000fd176080,0x00000000fee80000)
  to   space 47104K, 0% used [0x00000000f9280000,0x00000000f9280000,0x00000000fc080000)
 ParOldGen       total 243712K, used 179858K [0x00000000d0000000, 0x00000000dee00000, 0x00000000f0000000)
  object space 243712K, 73% used [0x00000000d0000000,0x00000000dafa4ba8,0x00000000dee00000)
 Metaspace       used 90386K, capacity 93236K, committed 93440K, reserved 1132544K
  class space    used 9642K, capacity 10480K, committed 10496K, reserved 1048576K
}
Event: 384.399 GC heap before
{Heap before GC invocations=72 (full 5):
 PSYoungGen      total 193024K, used 163288K [0x00000000f0000000, 0x00000000fee80000, 0x0000000100000000)
  eden space 150016K, 100% used [0x00000000f0000000,0x00000000f9280000,0x00000000f9280000)
  from space 43008K, 30% used [0x00000000fc480000,0x00000000fd176080,0x00000000fee80000)
  to   space 47104K, 0% used [0x00000000f9280000,0x00000000f9280000,0x00000000fc080000)
 ParOldGen       total 243712K, used 179858K [0x00000000d0000000, 0x00000000dee00000, 0x00000000f0000000)
  object space 243712K, 73% used [0x00000000d0000000,0x00000000dafa4ba8,0x00000000dee00000)
 Metaspace       used 90833K, capacity 93690K, committed 93824K, reserved 1132544K
  class space    used 9689K, capacity 10533K, committed 10624K, reserved 1048576K
Event: 384.536 GC heap after
Heap after GC invocations=72 (full 5):
 PSYoungGen      total 197120K, used 16491K [0x00000000f0000000, 0x00000000fee80000, 0x0000000100000000)
  eden space 150016K, 0% used [0x00000000f0000000,0x00000000f0000000,0x00000000f9280000)
  from space 47104K, 35% used [0x00000000f9280000,0x00000000fa29ae48,0x00000000fc080000)
  to   space 44544K, 0% used [0x00000000fc300000,0x00000000fc300000,0x00000000fee80000)
 ParOldGen       total 243712K, used 179858K [0x00000000d0000000, 0x00000000dee00000, 0x00000000f0000000)
  object space 243712K, 73% used [0x00000000d0000000,0x00000000dafa4ba8,0x00000000dee00000)
 Metaspace       used 90833K, capacity 93690K, committed 93824K, reserved 1132544K
  class space    used 9689K, capacity 10533K, committed 10624K, reserved 1048576K
}

