# JRE version: Java(TM) SE Runtime Environment (8.0_25-b18) (build 1.8.0_25-b18)
# Java VM: Java HotSpot(TM) 64-Bit Server VM (25.25-b02 mixed mode windows-amd64 compressed oops)
Heap:
 PSYoungGen      total 222208K, used 178971K [0x00000000f0000000, 0x0000000100000000, 0x0000000100000000)
  eden space 192512K, 77% used [0x00000000f0000000,0x00000000f91cd598,0x00000000fbc00000)
  from space 29696K, 99% used [0x00000000fe300000,0x00000000ffff9930,0x0000000100000000)
  to   space 34816K, 0% used [0x00000000fbc00000,0x00000000fbc00000,0x00000000fde00000)
 ParOldGen       total 258048K, used 203990K [0x00000000d0000000, 0x00000000dfc00000, 0x00000000f0000000)
  object space 258048K, 79% used [0x00000000d0000000,0x00000000dc735828,0x00000000dfc00000)
 Metaspace       used 107573K, capacity 111780K, committed 112000K, reserved 1148928K
  class space    used 10860K, capacity 12067K, committed 12160K, reserved 1048576K
GC Heap History (10 events):
Event: 1967.670 GC heap before
{Heap before GC invocations=109 (full 5):
 PSYoungGen      total 217600K, used 217347K [0x00000000f0000000, 0x00000000ffe80000, 0x0000000100000000)
  eden space 200704K, 100% used [0x00000000f0000000,0x00000000fc400000,0x00000000fc400000)
  from space 16896K, 98% used [0x00000000fc400000,0x00000000fd440c00,0x00000000fd480000)
  to   space 29696K, 0% used [0x00000000fe180000,0x00000000fe180000,0x00000000ffe80000)
 ParOldGen       total 258048K, used 196967K [0x00000000d0000000, 0x00000000dfc00000, 0x00000000f0000000)
  object space 258048K, 76% used [0x00000000d0000000,0x00000000dc059ef0,0x00000000dfc00000)
 Metaspace       used 103645K, capacity 107306K, committed 107392K, reserved 1144832K
  class space    used 10542K, capacity 11615K, committed 11648K, reserved 1048576K
Event: 1967.688 GC heap after
Heap after GC invocations=109 (full 5):
 PSYoungGen      total 231936K, used 15159K [0x00000000f0000000, 0x0000000100000000, 0x0000000100000000)
  eden space 202240K, 0% used [0x00000000f0000000,0x00000000f0000000,0x00000000fc580000)
  from space 29696K, 51% used [0x00000000fe180000,0x00000000ff04dd10,0x00000000ffe80000)
  to   space 28672K, 0% used [0x00000000fc580000,0x00000000fc580000,0x00000000fe180000)
 ParOldGen       total 258048K, used 198435K [0x00000000d0000000, 0x00000000dfc00000, 0x00000000f0000000)
  object space 258048K, 76% used [0x00000000d0000000,0x00000000dc1c8d68,0x00000000dfc00000)
 Metaspace       used 103645K, capacity 107306K, committed 107392K, reserved 1144832K
  class space    used 10542K, capacity 11615K, committed 11648K, reserved 1048576K
}
Event: 1985.570 GC heap before
{Heap before GC invocations=110 (full 5):
 PSYoungGen      total 231936K, used 217399K [0x00000000f0000000, 0x0000000100000000, 0x0000000100000000)
  eden space 202240K, 100% used [0x00000000f0000000,0x00000000fc580000,0x00000000fc580000)
  from space 29696K, 51% used [0x00000000fe180000,0x00000000ff04dd10,0x00000000ffe80000)
  to   space 28672K, 0% used [0x00000000fc580000,0x00000000fc580000,0x00000000fe180000)
 ParOldGen       total 258048K, used 198435K [0x00000000d0000000, 0x00000000dfc00000, 0x00000000f0000000)
  object space 258048K, 76% used [0x00000000d0000000,0x00000000dc1c8d68,0x00000000dfc00000)
 Metaspace       used 103939K, capacity 107584K, committed 107648K, reserved 1144832K
  class space    used 10557K, capacity 11620K, committed 11648K, reserved 1048576K
Event: 1985.615 GC heap after
Heap after GC invocations=110 (full 5):
 PSYoungGen      total 230912K, used 17568K [0x00000000f0000000, 0x00000000ffd00000, 0x0000000100000000)
  eden space 202240K, 0% used [0x00000000f0000000,0x00000000f0000000,0x00000000fc580000)
  from space 28672K, 61% used [0x00000000fc580000,0x00000000fd6a80d0,0x00000000fe180000)
  to   space 27648K, 0% used [0x00000000fe200000,0x00000000fe200000,0x00000000ffd00000)
 ParOldGen       total 258048K, used 199016K [0x00000000d0000000, 0x00000000dfc00000, 0x00000000f0000000)
  object space 258048K, 77% used [0x00000000d0000000,0x00000000dc25a1a0,0x00000000dfc00000)
 Metaspace       used 103939K, capacity 107584K, committed 107648K, reserved 1144832K
  class space    used 10557K, capacity 11620K, committed 11648K, reserved 1048576K
}
Event: 2060.545 GC heap before
{Heap before GC invocations=111 (full 5):
 PSYoungGen      total 230912K, used 219808K [0x00000000f0000000, 0x00000000ffd00000, 0x0000000100000000)
  eden space 202240K, 100% used [0x00000000f0000000,0x00000000fc580000,0x00000000fc580000)
  from space 28672K, 61% used [0x00000000fc580000,0x00000000fd6a80d0,0x00000000fe180000)
  to   space 27648K, 0% used [0x00000000fe200000,0x00000000fe200000,0x00000000ffd00000)
 ParOldGen       total 258048K, used 199016K [0x00000000d0000000, 0x00000000dfc00000, 0x00000000f0000000)
  object space 258048K, 77% used [0x00000000d0000000,0x00000000dc25a1a0,0x00000000dfc00000)
 Metaspace       used 105124K, capacity 108898K, committed 109056K, reserved 1146880K
  class space    used 10626K, capacity 11735K, committed 11776K, reserved 1048576K
Event: 2060.587 GC heap after
Heap after GC invocations=111 (full 5):
 PSYoungGen      total 231936K, used 15337K [0x00000000f0000000, 0x00000000ffe00000, 0x0000000100000000)
  eden space 204288K, 0% used [0x00000000f0000000,0x00000000f0000000,0x00000000fc780000)
  from space 27648K, 55% used [0x00000000fe200000,0x00000000ff0fa4a8,0x00000000ffd00000)
  to   space 27136K, 0% used [0x00000000fc780000,0x00000000fc780000,0x00000000fe200000)
 ParOldGen       total 258048K, used 199024K [0x00000000d0000000, 0x00000000dfc00000, 0x00000000f0000000)
  object space 258048K, 77% used [0x00000000d0000000,0x00000000dc25c1a0,0x00000000dfc00000)
 Metaspace       used 105124K, capacity 108898K, committed 109056K, reserved 1146880K
  class space    used 10626K, capacity 11735K, committed 11776K, reserved 1048576K
}
Event: 2120.296 GC heap before
{Heap before GC invocations=112 (full 5):
 PSYoungGen      total 231936K, used 219625K [0x00000000f0000000, 0x00000000ffe00000, 0x0000000100000000)
  eden space 204288K, 100% used [0x00000000f0000000,0x00000000fc780000,0x00000000fc780000)
  from space 27648K, 55% used [0x00000000fe200000,0x00000000ff0fa4a8,0x00000000ffd00000)
  to   space 27136K, 0% used [0x00000000fc780000,0x00000000fc780000,0x00000000fe200000)
 ParOldGen       total 258048K, used 199024K [0x00000000d0000000, 0x00000000dfc00000, 0x00000000f0000000)
  object space 258048K, 77% used [0x00000000d0000000,0x00000000dc25c1a0,0x00000000dfc00000)
 Metaspace       used 105894K, capacity 109704K, committed 109952K, reserved 1146880K
  class space    used 10702K, capacity 11787K, committed 11904K, reserved 1048576K
Event: 2120.618 GC heap after
Heap after GC invocations=112 (full 5):
 PSYoungGen      total 231424K, used 27086K [0x00000000f0000000, 0x0000000100000000, 0x0000000100000000)
  eden space 204288K, 0% used [0x00000000f0000000,0x00000000f0000000,0x00000000fc780000)
  from space 27136K, 99% used [0x00000000fc780000,0x00000000fe1f39c8,0x00000000fe200000)
  to   space 29696K, 0% used [0x00000000fe300000,0x00000000fe300000,0x0000000100000000)
 ParOldGen       total 258048K, used 199024K [0x00000000d0000000, 0x00000000dfc00000, 0x00000000f0000000)
  object space 258048K, 77% used [0x00000000d0000000,0x00000000dc25c1a0,0x00000000dfc00000)
 Metaspace       used 105894K, capacity 109704K, committed 109952K, reserved 1146880K
  class space    used 10702K, capacity 11787K, committed 11904K, reserved 1048576K
}
Event: 2124.202 GC heap before
{Heap before GC invocations=113 (full 5):
 PSYoungGen      total 231424K, used 231374K [0x00000000f0000000, 0x0000000100000000, 0x0000000100000000)
  eden space 204288K, 100% used [0x00000000f0000000,0x00000000fc780000,0x00000000fc780000)
  from space 27136K, 99% used [0x00000000fc780000,0x00000000fe1f39c8,0x00000000fe200000)
  to   space 29696K, 0% used [0x00000000fe300000,0x00000000fe300000,0x0000000100000000)
 ParOldGen       total 258048K, used 199024K [0x00000000d0000000, 0x00000000dfc00000, 0x00000000f0000000)
  object space 258048K, 77% used [0x00000000d0000000,0x00000000dc25c1a0,0x00000000dfc00000)
 Metaspace       used 106536K, capacity 110380K, committed 110464K, reserved 1148928K
  class space    used 10740K, capacity 11863K, committed 11904K, reserved 1048576K
Event: 2124.319 GC heap after
Heap after GC invocations=113 (full 5):
 PSYoungGen      total 222208K, used 29670K [0x00000000f0000000, 0x0000000100000000, 0x0000000100000000)
  eden space 192512K, 0% used [0x00000000f0000000,0x00000000f0000000,0x00000000fbc00000)
  from space 29696K, 99% used [0x00000000fe300000,0x00000000ffff9930,0x0000000100000000)
  to   space 34816K, 0% used [0x00000000fbc00000,0x00000000fbc00000,0x00000000fde00000)
 ParOldGen       total 258048K, used 203990K [0x00000000d0000000, 0x00000000dfc00000, 0x00000000f0000000)
  object space 258048K, 79% used [0x00000000d0000000,0x00000000dc735828,0x00000000dfc00000)
 Metaspace       used 106536K, capacity 110380K, committed 110464K, reserved 1148928K
  class space    used 10740K, capacity 11863K, committed 11904K, reserved 1048576K
}

