# JRE version: Java(TM) SE Runtime Environment (8.0_25-b18) (build 1.8.0_25-b18)
# Java VM: Java HotSpot(TM) 64-Bit Server VM (25.25-b02 mixed mode windows-amd64 compressed oops)
Heap:
 PSYoungGen      total 196608K, used 169459K [0x00000000f0000000, 0x00000000ffa80000, 0x0000000100000000)
  eden space 144384K, 98% used [0x00000000f0000000,0x00000000f8abad20,0x00000000f8d00000)
  from space 52224K, 52% used [0x00000000f8d00000,0x00000000fa7c2278,0x00000000fc000000)
  to   space 51712K, 0% used [0x00000000fc800000,0x00000000fc800000,0x00000000ffa80000)
 ParOldGen       total 275968K, used 180097K [0x00000000d0000000, 0x00000000e0d80000, 0x00000000f0000000)
  object space 275968K, 65% used [0x00000000d0000000,0x00000000dafe05c0,0x00000000e0d80000)
 Metaspace       used 97526K, capacity 100576K, committed 100652K, reserved 1138688K
  class space    used 10121K, capacity 11037K, committed 11052K, reserved 1048576K
GC Heap History (10 events):
Event: 137.995 GC heap before
{Heap before GC invocations=76 (full 5):
 PSYoungGen      total 189952K, used 137912K [0x00000000f0000000, 0x00000000ff780000, 0x0000000100000000)
  eden space 124416K, 100% used [0x00000000f0000000,0x00000000f7980000,0x00000000f7980000)
  from space 65536K, 20% used [0x00000000fb780000,0x00000000fc4ae3b0,0x00000000ff780000)
  to   space 63488K, 0% used [0x00000000f7980000,0x00000000f7980000,0x00000000fb780000)
 ParOldGen       total 275968K, used 180073K [0x00000000d0000000, 0x00000000e0d80000, 0x00000000f0000000)
  object space 275968K, 65% used [0x00000000d0000000,0x00000000dafda5c0,0x00000000e0d80000)
 Metaspace       used 88565K, capacity 91064K, committed 91308K, reserved 1130496K
  class space    used 9356K, capacity 10087K, committed 10156K, reserved 1048576K
Event: 138.020 GC heap after
Heap after GC invocations=76 (full 5):
 PSYoungGen      total 187904K, used 16774K [0x00000000f0000000, 0x00000000ff800000, 0x0000000100000000)
  eden space 124416K, 0% used [0x00000000f0000000,0x00000000f0000000,0x00000000f7980000)
  from space 63488K, 26% used [0x00000000f7980000,0x00000000f89e1ba0,0x00000000fb780000)
  to   space 60416K, 0% used [0x00000000fbd00000,0x00000000fbd00000,0x00000000ff800000)
 ParOldGen       total 275968K, used 180081K [0x00000000d0000000, 0x00000000e0d80000, 0x00000000f0000000)
  object space 275968K, 65% used [0x00000000d0000000,0x00000000dafdc5c0,0x00000000e0d80000)
 Metaspace       used 88565K, capacity 91064K, committed 91308K, reserved 1130496K
  class space    used 9356K, capacity 10087K, committed 10156K, reserved 1048576K
}
Event: 140.913 GC heap before
{Heap before GC invocations=77 (full 5):
 PSYoungGen      total 187904K, used 141190K [0x00000000f0000000, 0x00000000ff800000, 0x0000000100000000)
  eden space 124416K, 100% used [0x00000000f0000000,0x00000000f7980000,0x00000000f7980000)
  from space 63488K, 26% used [0x00000000f7980000,0x00000000f89e1ba0,0x00000000fb780000)
  to   space 60416K, 0% used [0x00000000fbd00000,0x00000000fbd00000,0x00000000ff800000)
 ParOldGen       total 275968K, used 180081K [0x00000000d0000000, 0x00000000e0d80000, 0x00000000f0000000)
  object space 275968K, 65% used [0x00000000d0000000,0x00000000dafdc5c0,0x00000000e0d80000)
 Metaspace       used 88749K, capacity 91288K, committed 91564K, reserved 1130496K
  class space    used 9374K, capacity 10119K, committed 10156K, reserved 1048576K
Event: 141.156 GC heap after
Heap after GC invocations=77 (full 5):
 PSYoungGen      total 191488K, used 16790K [0x00000000f0000000, 0x00000000ff400000, 0x0000000100000000)
  eden space 135168K, 0% used [0x00000000f0000000,0x00000000f0000000,0x00000000f8400000)
  from space 56320K, 29% used [0x00000000fbd00000,0x00000000fcd65b60,0x00000000ff400000)
  to   space 57344K, 0% used [0x00000000f8400000,0x00000000f8400000,0x00000000fbc00000)
 ParOldGen       total 275968K, used 180081K [0x00000000d0000000, 0x00000000e0d80000, 0x00000000f0000000)
  object space 275968K, 65% used [0x00000000d0000000,0x00000000dafdc5c0,0x00000000e0d80000)
 Metaspace       used 88749K, capacity 91288K, committed 91564K, reserved 1130496K
  class space    used 9374K, capacity 10119K, committed 10156K, reserved 1048576K
}
Event: 163.016 GC heap before
{Heap before GC invocations=78 (full 5):
 PSYoungGen      total 191488K, used 151958K [0x00000000f0000000, 0x00000000ff400000, 0x0000000100000000)
  eden space 135168K, 100% used [0x00000000f0000000,0x00000000f8400000,0x00000000f8400000)
  from space 56320K, 29% used [0x00000000fbd00000,0x00000000fcd65b60,0x00000000ff400000)
  to   space 57344K, 0% used [0x00000000f8400000,0x00000000f8400000,0x00000000fbc00000)
 ParOldGen       total 275968K, used 180081K [0x00000000d0000000, 0x00000000e0d80000, 0x00000000f0000000)
  object space 275968K, 65% used [0x00000000d0000000,0x00000000dafdc5c0,0x00000000e0d80000)
 Metaspace       used 93740K, capacity 96330K, committed 96428K, reserved 1134592K
  class space    used 9625K, capacity 10386K, committed 10412K, reserved 1048576K
Event: 163.160 GC heap after
Heap after GC invocations=78 (full 5):
 PSYoungGen      total 192512K, used 22539K [0x00000000f0000000, 0x00000000ff800000, 0x0000000100000000)
  eden space 135168K, 0% used [0x00000000f0000000,0x00000000f0000000,0x00000000f8400000)
  from space 57344K, 39% used [0x00000000f8400000,0x00000000f9a02ed0,0x00000000fbc00000)
  to   space 54272K, 0% used [0x00000000fc300000,0x00000000fc300000,0x00000000ff800000)
 ParOldGen       total 275968K, used 180089K [0x00000000d0000000, 0x00000000e0d80000, 0x00000000f0000000)
  object space 275968K, 65% used [0x00000000d0000000,0x00000000dafde5c0,0x00000000e0d80000)
 Metaspace       used 93740K, capacity 96330K, committed 96428K, reserved 1134592K
  class space    used 9625K, capacity 10386K, committed 10412K, reserved 1048576K
}
Event: 165.108 GC heap before
{Heap before GC invocations=79 (full 5):
 PSYoungGen      total 192512K, used 150328K [0x00000000f0000000, 0x00000000ff800000, 0x0000000100000000)
  eden space 135168K, 94% used [0x00000000f0000000,0x00000000f7ccb520,0x00000000f8400000)
  from space 57344K, 39% used [0x00000000f8400000,0x00000000f9a02ed0,0x00000000fbc00000)
  to   space 54272K, 0% used [0x00000000fc300000,0x00000000fc300000,0x00000000ff800000)
 ParOldGen       total 275968K, used 180089K [0x00000000d0000000, 0x00000000e0d80000, 0x00000000f0000000)
  object space 275968K, 65% used [0x00000000d0000000,0x00000000dafde5c0,0x00000000e0d80000)
 Metaspace       used 94252K, capacity 96834K, committed 97068K, reserved 1136640K
  class space    used 9696K, capacity 10469K, committed 10540K, reserved 1048576K
Event: 165.142 GC heap after
Heap after GC invocations=79 (full 5):
 PSYoungGen      total 193536K, used 24960K [0x00000000f0000000, 0x00000000ff300000, 0x0000000100000000)
  eden space 144384K, 0% used [0x00000000f0000000,0x00000000f0000000,0x00000000f8d00000)
  from space 49152K, 50% used [0x00000000fc300000,0x00000000fdb603a8,0x00000000ff300000)
  to   space 52224K, 0% used [0x00000000f8d00000,0x00000000f8d00000,0x00000000fc000000)
 ParOldGen       total 275968K, used 180089K [0x00000000d0000000, 0x00000000e0d80000, 0x00000000f0000000)
  object space 275968K, 65% used [0x00000000d0000000,0x00000000dafde5c0,0x00000000e0d80000)
 Metaspace       used 94252K, capacity 96834K, committed 97068K, reserved 1136640K
  class space    used 9696K, capacity 10469K, committed 10540K, reserved 1048576K
}
Event: 171.426 GC heap before
{Heap before GC invocations=80 (full 5):
 PSYoungGen      total 193536K, used 169344K [0x00000000f0000000, 0x00000000ff300000, 0x0000000100000000)
  eden space 144384K, 100% used [0x00000000f0000000,0x00000000f8d00000,0x00000000f8d00000)
  from space 49152K, 50% used [0x00000000fc300000,0x00000000fdb603a8,0x00000000ff300000)
  to   space 52224K, 0% used [0x00000000f8d00000,0x00000000f8d00000,0x00000000fc000000)
 ParOldGen       total 275968K, used 180089K [0x00000000d0000000, 0x00000000e0d80000, 0x00000000f0000000)
  object space 275968K, 65% used [0x00000000d0000000,0x00000000dafde5c0,0x00000000e0d80000)
 Metaspace       used 95883K, capacity 98572K, committed 98860K, reserved 1136640K
  class space    used 9905K, capacity 10728K, committed 10796K, reserved 1048576K
Event: 171.477 GC heap after
Heap after GC invocations=80 (full 5):
 PSYoungGen      total 196608K, used 27400K [0x00000000f0000000, 0x00000000ffa80000, 0x0000000100000000)
  eden space 144384K, 0% used [0x00000000f0000000,0x00000000f0000000,0x00000000f8d00000)
  from space 52224K, 52% used [0x00000000f8d00000,0x00000000fa7c2278,0x00000000fc000000)
  to   space 51712K, 0% used [0x00000000fc800000,0x00000000fc800000,0x00000000ffa80000)
 ParOldGen       total 275968K, used 180097K [0x00000000d0000000, 0x00000000e0d80000, 0x00000000f0000000)
  object space 275968K, 65% used [0x00000000d0000000,0x00000000dafe05c0,0x00000000e0d80000)
 Metaspace       used 95883K, capacity 98572K, committed 98860K, reserved 1136640K
  class space    used 9905K, capacity 10728K, committed 10796K, reserved 1048576K
}

