# JRE version: Java(TM) SE Runtime Environment (8.0_25-b18) (build 1.8.0_25-b18)
# Java VM: Java HotSpot(TM) 64-Bit Server VM (25.25-b02 mixed mode windows-amd64 compressed oops)
Heap:
 PSYoungGen      total 203264K, used 152154K [0x00000000f0000000, 0x0000000100000000, 0x0000000100000000)
  eden space 149504K, 74% used [0x00000000f0000000,0x00000000f6c81438,0x00000000f9200000)
  from space 53760K, 76% used [0x00000000fcb80000,0x00000000ff395650,0x0000000100000000)
  to   space 56320K, 0% used [0x00000000f9200000,0x00000000f9200000,0x00000000fc900000)
 ParOldGen       total 271360K, used 181284K [0x00000000d0000000, 0x00000000e0900000, 0x00000000f0000000)
  object space 271360K, 66% used [0x00000000d0000000,0x00000000db1092b0,0x00000000e0900000)
 Metaspace       used 98669K, capacity 102218K, committed 102272K, reserved 1140736K
  class space    used 10338K, capacity 11372K, committed 11392K, reserved 1048576K
GC Heap History (10 events):
Event: 306.402 GC heap before
{Heap before GC invocations=83 (full 5):
 PSYoungGen      total 198656K, used 198287K [0x00000000f0000000, 0x0000000100000000, 0x0000000100000000)
  eden space 165888K, 100% used [0x00000000f0000000,0x00000000fa200000,0x00000000fa200000)
  from space 32768K, 98% used [0x00000000fa200000,0x00000000fc1a3ce8,0x00000000fc200000)
  to   space 49664K, 0% used [0x00000000fcf80000,0x00000000fcf80000,0x0000000100000000)
 ParOldGen       total 271360K, used 171135K [0x00000000d0000000, 0x00000000e0900000, 0x00000000f0000000)
  object space 271360K, 63% used [0x00000000d0000000,0x00000000da71fe00,0x00000000e0900000)
 Metaspace       used 95351K, capacity 98346K, committed 98560K, reserved 1136640K
  class space    used 9991K, capacity 10932K, committed 11008K, reserved 1048576K
Event: 306.463 GC heap after
Heap after GC invocations=83 (full 5):
 PSYoungGen      total 214528K, used 25361K [0x00000000f0000000, 0x0000000100000000, 0x0000000100000000)
  eden space 164864K, 0% used [0x00000000f0000000,0x00000000f0000000,0x00000000fa100000)
  from space 49664K, 51% used [0x00000000fcf80000,0x00000000fe844600,0x0000000100000000)
  to   space 47616K, 0% used [0x00000000fa100000,0x00000000fa100000,0x00000000fcf80000)
 ParOldGen       total 271360K, used 173329K [0x00000000d0000000, 0x00000000e0900000, 0x00000000f0000000)
  object space 271360K, 63% used [0x00000000d0000000,0x00000000da944590,0x00000000e0900000)
 Metaspace       used 95351K, capacity 98346K, committed 98560K, reserved 1136640K
  class space    used 9991K, capacity 10932K, committed 11008K, reserved 1048576K
}
Event: 349.280 GC heap before
{Heap before GC invocations=84 (full 5):
 PSYoungGen      total 214528K, used 190225K [0x00000000f0000000, 0x0000000100000000, 0x0000000100000000)
  eden space 164864K, 100% used [0x00000000f0000000,0x00000000fa100000,0x00000000fa100000)
  from space 49664K, 51% used [0x00000000fcf80000,0x00000000fe844600,0x0000000100000000)
  to   space 47616K, 0% used [0x00000000fa100000,0x00000000fa100000,0x00000000fcf80000)
 ParOldGen       total 271360K, used 173329K [0x00000000d0000000, 0x00000000e0900000, 0x00000000f0000000)
  object space 271360K, 63% used [0x00000000d0000000,0x00000000da944590,0x00000000e0900000)
 Metaspace       used 96172K, capacity 99256K, committed 99456K, reserved 1138688K
  class space    used 10094K, capacity 11055K, committed 11136K, reserved 1048576K
Event: 349.318 GC heap after
Heap after GC invocations=84 (full 5):
 PSYoungGen      total 193536K, used 28465K [0x00000000f0000000, 0x00000000ffd00000, 0x0000000100000000)
  eden space 164864K, 0% used [0x00000000f0000000,0x00000000f0000000,0x00000000fa100000)
  from space 28672K, 99% used [0x00000000fa100000,0x00000000fbccc438,0x00000000fbd00000)
  to   space 47104K, 0% used [0x00000000fcf00000,0x00000000fcf00000,0x00000000ffd00000)
 ParOldGen       total 271360K, used 174265K [0x00000000d0000000, 0x00000000e0900000, 0x00000000f0000000)
  object space 271360K, 64% used [0x00000000d0000000,0x00000000daa2e590,0x00000000e0900000)
 Metaspace       used 96172K, capacity 99256K, committed 99456K, reserved 1138688K
  class space    used 10094K, capacity 11055K, committed 11136K, reserved 1048576K
}
Event: 352.131 GC heap before
{Heap before GC invocations=85 (full 5):
 PSYoungGen      total 193536K, used 193329K [0x00000000f0000000, 0x00000000ffd00000, 0x0000000100000000)
  eden space 164864K, 100% used [0x00000000f0000000,0x00000000fa100000,0x00000000fa100000)
  from space 28672K, 99% used [0x00000000fa100000,0x00000000fbccc438,0x00000000fbd00000)
  to   space 47104K, 0% used [0x00000000fcf00000,0x00000000fcf00000,0x00000000ffd00000)
 ParOldGen       total 271360K, used 174265K [0x00000000d0000000, 0x00000000e0900000, 0x00000000f0000000)
  object space 271360K, 64% used [0x00000000d0000000,0x00000000daa2e590,0x00000000e0900000)
 Metaspace       used 97134K, capacity 100238K, committed 100352K, reserved 1138688K
  class space    used 10182K, capacity 11166K, committed 11264K, reserved 1048576K
Event: 352.237 GC heap after
Heap after GC invocations=85 (full 5):
 PSYoungGen      total 208896K, used 38615K [0x00000000f0000000, 0x0000000100000000, 0x0000000100000000)
  eden space 161792K, 0% used [0x00000000f0000000,0x00000000f0000000,0x00000000f9e00000)
  from space 47104K, 81% used [0x00000000fcf00000,0x00000000ff4b5e70,0x00000000ffd00000)
  to   space 50176K, 0% used [0x00000000f9e00000,0x00000000f9e00000,0x00000000fcf00000)
 ParOldGen       total 271360K, used 175960K [0x00000000d0000000, 0x00000000e0900000, 0x00000000f0000000)
  object space 271360K, 64% used [0x00000000d0000000,0x00000000dabd62b0,0x00000000e0900000)
 Metaspace       used 97134K, capacity 100238K, committed 100352K, reserved 1138688K
  class space    used 10182K, capacity 11166K, committed 11264K, reserved 1048576K
}
Event: 353.706 GC heap before
{Heap before GC invocations=86 (full 5):
 PSYoungGen      total 208896K, used 200407K [0x00000000f0000000, 0x0000000100000000, 0x0000000100000000)
  eden space 161792K, 100% used [0x00000000f0000000,0x00000000f9e00000,0x00000000f9e00000)
  from space 47104K, 81% used [0x00000000fcf00000,0x00000000ff4b5e70,0x00000000ffd00000)
  to   space 50176K, 0% used [0x00000000f9e00000,0x00000000f9e00000,0x00000000fcf00000)
 ParOldGen       total 271360K, used 175960K [0x00000000d0000000, 0x00000000e0900000, 0x00000000f0000000)
  object space 271360K, 64% used [0x00000000d0000000,0x00000000dabd62b0,0x00000000e0900000)
 Metaspace       used 97414K, capacity 100512K, committed 100608K, reserved 1138688K
  class space    used 10188K, capacity 11169K, committed 11264K, reserved 1048576K
Event: 353.946 GC heap after
Heap after GC invocations=86 (full 5):
 PSYoungGen      total 203264K, used 41230K [0x00000000f0000000, 0x0000000100000000, 0x0000000100000000)
  eden space 161792K, 0% used [0x00000000f0000000,0x00000000f0000000,0x00000000f9e00000)
  from space 41472K, 99% used [0x00000000f9e00000,0x00000000fc6439d8,0x00000000fc680000)
  to   space 53760K, 0% used [0x00000000fcb80000,0x00000000fcb80000,0x0000000100000000)
 ParOldGen       total 271360K, used 178610K [0x00000000d0000000, 0x00000000e0900000, 0x00000000f0000000)
  object space 271360K, 65% used [0x00000000d0000000,0x00000000dae6c830,0x00000000e0900000)
 Metaspace       used 97414K, capacity 100512K, committed 100608K, reserved 1138688K
  class space    used 10188K, capacity 11169K, committed 11264K, reserved 1048576K
}
Event: 357.342 GC heap before
{Heap before GC invocations=87 (full 5):
 PSYoungGen      total 203264K, used 203022K [0x00000000f0000000, 0x0000000100000000, 0x0000000100000000)
  eden space 161792K, 100% used [0x00000000f0000000,0x00000000f9e00000,0x00000000f9e00000)
  from space 41472K, 99% used [0x00000000f9e00000,0x00000000fc6439d8,0x00000000fc680000)
  to   space 53760K, 0% used [0x00000000fcb80000,0x00000000fcb80000,0x0000000100000000)
 ParOldGen       total 271360K, used 178610K [0x00000000d0000000, 0x00000000e0900000, 0x00000000f0000000)
  object space 271360K, 65% used [0x00000000d0000000,0x00000000dae6c830,0x00000000e0900000)
 Metaspace       used 97684K, capacity 100868K, committed 101120K, reserved 1138688K
  class space    used 10200K, capacity 11174K, committed 11264K, reserved 1048576K
Event: 357.410 GC heap after
Heap after GC invocations=87 (full 5):
 PSYoungGen      total 203264K, used 41045K [0x00000000f0000000, 0x0000000100000000, 0x0000000100000000)
  eden space 149504K, 0% used [0x00000000f0000000,0x00000000f0000000,0x00000000f9200000)
  from space 53760K, 76% used [0x00000000fcb80000,0x00000000ff395650,0x0000000100000000)
  to   space 56320K, 0% used [0x00000000f9200000,0x00000000f9200000,0x00000000fc900000)
 ParOldGen       total 271360K, used 181284K [0x00000000d0000000, 0x00000000e0900000, 0x00000000f0000000)
  object space 271360K, 66% used [0x00000000d0000000,0x00000000db1092b0,0x00000000e0900000)
 Metaspace       used 97684K, capacity 100868K, committed 101120K, reserved 1138688K
  class space    used 10200K, capacity 11174K, committed 11264K, reserved 1048576K
}

