# JRE version: Java(TM) SE Runtime Environment (8.0_25-b18) (build 1.8.0_25-b18)
# Java VM: Java HotSpot(TM) 64-Bit Server VM (25.25-b02 mixed mode windows-amd64 compressed oops)
Heap:
 PSYoungGen      total 207872K, used 46357K [0x00000000f0000000, 0x0000000100000000, 0x0000000100000000)
  eden space 158208K, 8% used [0x00000000f0000000,0x00000000f0d125f8,0x00000000f9a80000)
  from space 49664K, 66% used [0x00000000fcc00000,0x00000000fec32ef0,0x00000000ffc80000)
  to   space 50688K, 0% used [0x00000000f9a80000,0x00000000f9a80000,0x00000000fcc00000)
 ParOldGen       total 267264K, used 193129K [0x00000000d0000000, 0x00000000e0500000, 0x00000000f0000000)
  object space 267264K, 72% used [0x00000000d0000000,0x00000000dbc9a598,0x00000000e0500000)
 Metaspace       used 99972K, capacity 104822K, committed 105088K, reserved 1142784K
  class space    used 10442K, capacity 11892K, committed 11904K, reserved 1048576K
GC Heap History (10 events):
Event: 603.209 GC heap before
{Heap before GC invocations=73 (full 5):
 PSYoungGen      total 196608K, used 196591K [0x00000000f0000000, 0x0000000100000000, 0x0000000100000000)
  eden space 166912K, 100% used [0x00000000f0000000,0x00000000fa300000,0x00000000fa300000)
  from space 29696K, 99% used [0x00000000fa300000,0x00000000fbffbee0,0x00000000fc000000)
  to   space 48640K, 0% used [0x00000000fd080000,0x00000000fd080000,0x0000000100000000)
 ParOldGen       total 267264K, used 193089K [0x00000000d0000000, 0x00000000e0500000, 0x00000000f0000000)
  object space 267264K, 72% used [0x00000000d0000000,0x00000000dbc90598,0x00000000e0500000)
 Metaspace       used 95928K, capacity 99732K, committed 99840K, reserved 1138688K
  class space    used 10065K, capacity 11235K, committed 11264K, reserved 1048576K
Event: 603.302 GC heap after
Heap after GC invocations=73 (full 5):
 PSYoungGen      total 212480K, used 28889K [0x00000000f0000000, 0x0000000100000000, 0x0000000100000000)
  eden space 163840K, 0% used [0x00000000f0000000,0x00000000f0000000,0x00000000fa000000)
  from space 48640K, 59% used [0x00000000fd080000,0x00000000fecb6438,0x0000000100000000)
  to   space 49152K, 0% used [0x00000000fa000000,0x00000000fa000000,0x00000000fd000000)
 ParOldGen       total 267264K, used 193097K [0x00000000d0000000, 0x00000000e0500000, 0x00000000f0000000)
  object space 267264K, 72% used [0x00000000d0000000,0x00000000dbc92598,0x00000000e0500000)
 Metaspace       used 95928K, capacity 99732K, committed 99840K, reserved 1138688K
  class space    used 10065K, capacity 11235K, committed 11264K, reserved 1048576K
}
Event: 1357.535 GC heap before
{Heap before GC invocations=74 (full 5):
 PSYoungGen      total 212480K, used 192729K [0x00000000f0000000, 0x0000000100000000, 0x0000000100000000)
  eden space 163840K, 100% used [0x00000000f0000000,0x00000000fa000000,0x00000000fa000000)
  from space 48640K, 59% used [0x00000000fd080000,0x00000000fecb6438,0x0000000100000000)
  to   space 49152K, 0% used [0x00000000fa000000,0x00000000fa000000,0x00000000fd000000)
 ParOldGen       total 267264K, used 193097K [0x00000000d0000000, 0x00000000e0500000, 0x00000000f0000000)
  object space 267264K, 72% used [0x00000000d0000000,0x00000000dbc92598,0x00000000e0500000)
 Metaspace       used 97583K, capacity 101684K, committed 101888K, reserved 1140736K
  class space    used 10200K, capacity 11462K, committed 11520K, reserved 1048576K
Event: 1357.614 GC heap after
Heap after GC invocations=74 (full 5):
 PSYoungGen      total 198144K, used 33849K [0x00000000f0000000, 0x0000000100000000, 0x0000000100000000)
  eden space 163840K, 0% used [0x00000000f0000000,0x00000000f0000000,0x00000000fa000000)
  from space 34304K, 98% used [0x00000000fa000000,0x00000000fc10e4e0,0x00000000fc180000)
  to   space 51712K, 0% used [0x00000000fcd80000,0x00000000fcd80000,0x0000000100000000)
 ParOldGen       total 267264K, used 193105K [0x00000000d0000000, 0x00000000e0500000, 0x00000000f0000000)
  object space 267264K, 72% used [0x00000000d0000000,0x00000000dbc94598,0x00000000e0500000)
 Metaspace       used 97583K, capacity 101684K, committed 101888K, reserved 1140736K
  class space    used 10200K, capacity 11462K, committed 11520K, reserved 1048576K
}
Event: 1384.716 GC heap before
{Heap before GC invocations=75 (full 5):
 PSYoungGen      total 198144K, used 197689K [0x00000000f0000000, 0x0000000100000000, 0x0000000100000000)
  eden space 163840K, 100% used [0x00000000f0000000,0x00000000fa000000,0x00000000fa000000)
  from space 34304K, 98% used [0x00000000fa000000,0x00000000fc10e4e0,0x00000000fc180000)
  to   space 51712K, 0% used [0x00000000fcd80000,0x00000000fcd80000,0x0000000100000000)
 ParOldGen       total 267264K, used 193105K [0x00000000d0000000, 0x00000000e0500000, 0x00000000f0000000)
  object space 267264K, 72% used [0x00000000d0000000,0x00000000dbc94598,0x00000000e0500000)
 Metaspace       used 98010K, capacity 102136K, committed 102400K, reserved 1140736K
  class space    used 10228K, capacity 11503K, committed 11520K, reserved 1048576K
Event: 1385.055 GC heap after
Heap after GC invocations=75 (full 5):
 PSYoungGen      total 210944K, used 28670K [0x00000000f0000000, 0x0000000100000000, 0x0000000100000000)
  eden space 159232K, 0% used [0x00000000f0000000,0x00000000f0000000,0x00000000f9b80000)
  from space 51712K, 55% used [0x00000000fcd80000,0x00000000fe97fb38,0x0000000100000000)
  to   space 51200K, 0% used [0x00000000f9b80000,0x00000000f9b80000,0x00000000fcd80000)
 ParOldGen       total 267264K, used 193113K [0x00000000d0000000, 0x00000000e0500000, 0x00000000f0000000)
  object space 267264K, 72% used [0x00000000d0000000,0x00000000dbc96598,0x00000000e0500000)
 Metaspace       used 98010K, capacity 102136K, committed 102400K, reserved 1140736K
  class space    used 10228K, capacity 11503K, committed 11520K, reserved 1048576K
}
Event: 1388.150 GC heap before
{Heap before GC invocations=76 (full 5):
 PSYoungGen      total 210944K, used 187902K [0x00000000f0000000, 0x0000000100000000, 0x0000000100000000)
  eden space 159232K, 100% used [0x00000000f0000000,0x00000000f9b80000,0x00000000f9b80000)
  from space 51712K, 55% used [0x00000000fcd80000,0x00000000fe97fb38,0x0000000100000000)
  to   space 51200K, 0% used [0x00000000f9b80000,0x00000000f9b80000,0x00000000fcd80000)
 ParOldGen       total 267264K, used 193113K [0x00000000d0000000, 0x00000000e0500000, 0x00000000f0000000)
  object space 267264K, 72% used [0x00000000d0000000,0x00000000dbc96598,0x00000000e0500000)
 Metaspace       used 98198K, capacity 102264K, committed 102400K, reserved 1140736K
  class space    used 10236K, capacity 11503K, committed 11520K, reserved 1048576K
Event: 1388.210 GC heap after
Heap after GC invocations=76 (full 5):
 PSYoungGen      total 186368K, used 26926K [0x00000000f0000000, 0x00000000ffc80000, 0x0000000100000000)
  eden space 159232K, 0% used [0x00000000f0000000,0x00000000f0000000,0x00000000f9b80000)
  from space 27136K, 99% used [0x00000000f9b80000,0x00000000fb5cbad0,0x00000000fb600000)
  to   space 49664K, 0% used [0x00000000fcc00000,0x00000000fcc00000,0x00000000ffc80000)
 ParOldGen       total 267264K, used 193121K [0x00000000d0000000, 0x00000000e0500000, 0x00000000f0000000)
  object space 267264K, 72% used [0x00000000d0000000,0x00000000dbc98598,0x00000000e0500000)
 Metaspace       used 98198K, capacity 102264K, committed 102400K, reserved 1140736K
  class space    used 10236K, capacity 11503K, committed 11520K, reserved 1048576K
}
Event: 1741.494 GC heap before
{Heap before GC invocations=77 (full 5):
 PSYoungGen      total 186368K, used 186158K [0x00000000f0000000, 0x00000000ffc80000, 0x0000000100000000)
  eden space 159232K, 100% used [0x00000000f0000000,0x00000000f9b80000,0x00000000f9b80000)
  from space 27136K, 99% used [0x00000000f9b80000,0x00000000fb5cbad0,0x00000000fb600000)
  to   space 49664K, 0% used [0x00000000fcc00000,0x00000000fcc00000,0x00000000ffc80000)
 ParOldGen       total 267264K, used 193121K [0x00000000d0000000, 0x00000000e0500000, 0x00000000f0000000)
  object space 267264K, 72% used [0x00000000d0000000,0x00000000dbc98598,0x00000000e0500000)
 Metaspace       used 99458K, capacity 103964K, committed 104320K, reserved 1142784K
  class space    used 10378K, capacity 11781K, committed 11904K, reserved 1048576K
Event: 1741.544 GC heap after
Heap after GC invocations=77 (full 5):
 PSYoungGen      total 207872K, used 32971K [0x00000000f0000000, 0x0000000100000000, 0x0000000100000000)
  eden space 158208K, 0% used [0x00000000f0000000,0x00000000f0000000,0x00000000f9a80000)
  from space 49664K, 66% used [0x00000000fcc00000,0x00000000fec32ef0,0x00000000ffc80000)
  to   space 50688K, 0% used [0x00000000f9a80000,0x00000000f9a80000,0x00000000fcc00000)
 ParOldGen       total 267264K, used 193129K [0x00000000d0000000, 0x00000000e0500000, 0x00000000f0000000)
  object space 267264K, 72% used [0x00000000d0000000,0x00000000dbc9a598,0x00000000e0500000)
 Metaspace       used 99458K, capacity 103964K, committed 104320K, reserved 1142784K
  class space    used 10378K, capacity 11781K, committed 11904K, reserved 1048576K
}

